{
  "uid" : "4bd65dc285cdde6e",
  "name" : "TC565 - To verify user is able to collapse the quoted text by clicking on \"Hide Quoted Text\" link in compose screen.",
  "fullName" : "Complete Test Suite.TC565 - To verify user is able to collapse the quoted text by clicking on \"Hide Quoted Text\" link in compose screen.",
  "historyId" : "c94b36aa0344959869326730342dc44b",
  "time" : {
    "start" : 1661186878123,
    "stop" : 1661186923049,
    "duration" : 44926
  },
  "description" : "",
  "descriptionHtml" : "",
  "status" : "broken",
  "statusMessage" : "TC565-Failed-->Reason: Error: element (\"//android.widget.TextView[@text= \"Hide quoted text\"]\") still not displayed after 10000ms",
  "statusTrace" : "AssertionError [ERR_ASSERTION]: TC565-Failed-->Reason: Error: element (\"//android.widget.TextView[@text= \"Hide quoted text\"]\") still not displayed after 10000ms\n                    at Context.<anonymous> (/Users/vagrant/git/Mobile-Automation/src/specs/androidNative/completeTestSuite2.spec.js:761:32)",
  "flaky" : false,
  "newFailed" : false,
  "newBroken" : false,
  "newPassed" : false,
  "retriesCount" : 0,
  "retriesStatusChange" : false,
  "beforeStages" : [ ],
  "testStage" : {
    "status" : "broken",
    "statusMessage" : "TC565-Failed-->Reason: Error: element (\"//android.widget.TextView[@text= \"Hide quoted text\"]\") still not displayed after 10000ms",
    "statusTrace" : "AssertionError [ERR_ASSERTION]: TC565-Failed-->Reason: Error: element (\"//android.widget.TextView[@text= \"Hide quoted text\"]\") still not displayed after 10000ms\n                    at Context.<anonymous> (/Users/vagrant/git/Mobile-Automation/src/specs/androidNative/completeTestSuite2.spec.js:761:32)",
    "steps" : [ {
      "name" : "\"before each\" hook for Complete Test Suite",
      "time" : {
        "start" : 1661186878123,
        "stop" : 1661186889554,
        "duration" : 11431
      },
      "status" : "passed",
      "steps" : [ ],
      "attachments" : [ ],
      "parameters" : [ ],
      "stepsCount" : 0,
      "attachmentsCount" : 0,
      "shouldDisplayMessage" : false,
      "hasContent" : false
    }, {
      "name" : "\"after each\" hook for Complete Test Suite",
      "time" : {
        "start" : 1661186923049,
        "stop" : 1661186924338,
        "duration" : 1289
      },
      "status" : "passed",
      "steps" : [ ],
      "attachments" : [ ],
      "parameters" : [ ],
      "stepsCount" : 0,
      "attachmentsCount" : 0,
      "shouldDisplayMessage" : false,
      "hasContent" : false
    } ],
    "attachments" : [ {
      "uid" : "3dbf87826af6fae8",
      "name" : "Screenshot",
      "source" : "3dbf87826af6fae8.png",
      "type" : "image/png",
      "size" : 85226
    } ],
    "parameters" : [ ],
    "stepsCount" : 2,
    "attachmentsCount" : 1,
    "shouldDisplayMessage" : true,
    "hasContent" : true
  },
  "afterStages" : [ ],
  "labels" : [ {
    "name" : "framework",
    "value" : "wdio"
  }, {
    "name" : "language",
    "value" : "javascript"
  }, {
    "name" : "thread",
    "value" : "0-0"
  }, {
    "name" : "suite",
    "value" : "Complete Test Suite"
  }, {
    "name" : "testClass",
    "value" : "Complete Test Suite"
  }, {
    "name" : "testMethod",
    "value" : "TC565 - To verify user is able to collapse the quoted text by clicking on \"Hide Quoted Text\" link in compose screen."
  }, {
    "name" : "package",
    "value" : "Complete Test Suite"
  }, {
    "name" : "resultFormat",
    "value" : "allure1"
  } ],
  "parameters" : [ {
    "name" : "device",
    "value" : "google pixel 3-9.0"
  } ],
  "links" : [ ],
  "hidden" : false,
  "retry" : false,
  "extra" : {
    "severity" : "normal",
    "retries" : [ ],
    "categories" : [ {
      "name" : "Test defects",
      "matchedStatuses" : [ ],
      "flaky" : false
    } ],
    "tags" : [ ]
  },
  "source" : "4bd65dc285cdde6e.json",
  "parameterValues" : [ "google pixel 3-9.0" ]
}