{
  "uid" : "6a5ed5e5605a2028",
  "name" : "TC366 - To verify \"Search\" tab opens on click of \"Assign to\" text in Conversation page.",
  "fullName" : "Assignee.TC366 - To verify \"Search\" tab opens on click of \"Assign to\" text in Conversation page.",
  "historyId" : "b158f82091ed5e8bc496365b7ba9b98a",
  "time" : {
    "start" : 1684085872545,
    "stop" : 1684085895465,
    "duration" : 22920
  },
  "description" : "",
  "descriptionHtml" : "",
  "status" : "broken",
  "statusMessage" : "TC366-Failed-->Reason: Error: Can't call touchAction on element with selector \"//android.widget.TextView[contains(@text,\"v 2.\")]\" because element wasn't found",
  "statusTrace" : "AssertionError [ERR_ASSERTION]: TC366-Failed-->Reason: Error: Can't call touchAction on element with selector \"//android.widget.TextView[contains(@text,\"v 2.\")]\" because element wasn't found\n                    at Context.<anonymous> (/Users/vagrant/git/Mobile-Automation/src/specs/androidNative/completeTestSuite3.spec.js:683:32)",
  "flaky" : false,
  "newFailed" : false,
  "beforeStages" : [ ],
  "testStage" : {
    "status" : "broken",
    "statusMessage" : "TC366-Failed-->Reason: Error: Can't call touchAction on element with selector \"//android.widget.TextView[contains(@text,\"v 2.\")]\" because element wasn't found",
    "statusTrace" : "AssertionError [ERR_ASSERTION]: TC366-Failed-->Reason: Error: Can't call touchAction on element with selector \"//android.widget.TextView[contains(@text,\"v 2.\")]\" because element wasn't found\n                    at Context.<anonymous> (/Users/vagrant/git/Mobile-Automation/src/specs/androidNative/completeTestSuite3.spec.js:683:32)",
    "steps" : [ {
      "name" : "\"before each\" hook for Assignee",
      "time" : {
        "start" : 1684085872545,
        "stop" : 1684085884374,
        "duration" : 11829
      },
      "status" : "passed",
      "steps" : [ ],
      "attachments" : [ ],
      "parameters" : [ ],
      "stepsCount" : 0,
      "attachmentsCount" : 0,
      "shouldDisplayMessage" : false,
      "hasContent" : false
    }, {
      "name" : "\"after each\" hook for Assignee",
      "time" : {
        "start" : 1684085895465,
        "stop" : 1684085895710,
        "duration" : 245
      },
      "status" : "failed",
      "steps" : [ ],
      "attachments" : [ ],
      "parameters" : [ ],
      "stepsCount" : 0,
      "attachmentsCount" : 0,
      "shouldDisplayMessage" : false,
      "hasContent" : false
    } ],
    "attachments" : [ {
      "uid" : "8f9380c6292bba4f",
      "name" : "Screenshot",
      "source" : "8f9380c6292bba4f.png",
      "type" : "image/png",
      "size" : 135891
    } ],
    "parameters" : [ ],
    "stepsCount" : 2,
    "attachmentsCount" : 1,
    "shouldDisplayMessage" : true,
    "hasContent" : true
  },
  "afterStages" : [ ],
  "labels" : [ {
    "name" : "framework",
    "value" : "wdio"
  }, {
    "name" : "language",
    "value" : "javascript"
  }, {
    "name" : "thread",
    "value" : "0-0"
  }, {
    "name" : "suite",
    "value" : "Assignee"
  }, {
    "name" : "testClass",
    "value" : "Assignee"
  }, {
    "name" : "testMethod",
    "value" : "TC366 - To verify \"Search\" tab opens on click of \"Assign to\" text in Conversation page."
  }, {
    "name" : "package",
    "value" : "Assignee"
  }, {
    "name" : "resultFormat",
    "value" : "allure1"
  } ],
  "parameters" : [ {
    "name" : "device",
    "value" : "google pixel 3-9.0"
  } ],
  "links" : [ ],
  "hidden" : false,
  "retry" : false,
  "extra" : {
    "severity" : "normal",
    "retries" : [ {
      "uid" : "28c01b438735b657",
      "status" : "passed",
      "time" : {
        "start" : 1684084997544,
        "stop" : 1684085030154,
        "duration" : 32610
      }
    } ],
    "categories" : [ {
      "name" : "Test defects",
      "matchedStatuses" : [ ],
      "flaky" : false
    } ],
    "tags" : [ ]
  },
  "source" : "6a5ed5e5605a2028.json",
  "parameterValues" : [ "google pixel 3-9.0" ]
}