{
  "uid" : "20f9d5ab4624ec76",
  "name" : "TC730 - Verify that clicking on Product updates option, opens up web page where user can check the latest updates in app.",
  "fullName" : "Left and Right Panel Test Suite.TC730 - Verify that clicking on Product updates option, opens up web page where user can check the latest updates in app.",
  "historyId" : "3f5939ee6cbcab2f5373459b08c7c298",
  "time" : {
    "start" : 1679496595364,
    "stop" : 1679496620343,
    "duration" : 24979
  },
  "description" : "",
  "descriptionHtml" : "",
  "status" : "broken",
  "statusMessage" : "TC730-Failed-->Reason: Error: Can't call touchAction on element with selector \"//android.widget.TextView[contains(@text,\"v 2.\")]\" because element wasn't found",
  "statusTrace" : "AssertionError [ERR_ASSERTION]: TC730-Failed-->Reason: Error: Can't call touchAction on element with selector \"//android.widget.TextView[contains(@text,\"v 2.\")]\" because element wasn't found\n                    at Context.<anonymous> (/Users/vagrant/git/Mobile-Automation/src/specs/androidNative/completeTestSuite.spec.js:160:32)",
  "flaky" : false,
  "newFailed" : false,
  "beforeStages" : [ ],
  "testStage" : {
    "status" : "broken",
    "statusMessage" : "TC730-Failed-->Reason: Error: Can't call touchAction on element with selector \"//android.widget.TextView[contains(@text,\"v 2.\")]\" because element wasn't found",
    "statusTrace" : "AssertionError [ERR_ASSERTION]: TC730-Failed-->Reason: Error: Can't call touchAction on element with selector \"//android.widget.TextView[contains(@text,\"v 2.\")]\" because element wasn't found\n                    at Context.<anonymous> (/Users/vagrant/git/Mobile-Automation/src/specs/androidNative/completeTestSuite.spec.js:160:32)",
    "steps" : [ {
      "name" : "\"before each\" hook for Left and Right Panel Test Suite",
      "time" : {
        "start" : 1679496595364,
        "stop" : 1679496606522,
        "duration" : 11158
      },
      "status" : "passed",
      "steps" : [ ],
      "attachments" : [ ],
      "parameters" : [ ],
      "hasContent" : false,
      "stepsCount" : 0,
      "attachmentsCount" : 0,
      "shouldDisplayMessage" : false
    }, {
      "name" : "\"after each\" hook for Left and Right Panel Test Suite",
      "time" : {
        "start" : 1679496620343,
        "stop" : 1679496621401,
        "duration" : 1058
      },
      "status" : "passed",
      "steps" : [ ],
      "attachments" : [ ],
      "parameters" : [ ],
      "hasContent" : false,
      "stepsCount" : 0,
      "attachmentsCount" : 0,
      "shouldDisplayMessage" : false
    } ],
    "attachments" : [ {
      "uid" : "13d05f091830889",
      "name" : "Screenshot",
      "source" : "13d05f091830889.png",
      "type" : "image/png",
      "size" : 2667592
    } ],
    "parameters" : [ ],
    "hasContent" : true,
    "stepsCount" : 2,
    "attachmentsCount" : 1,
    "shouldDisplayMessage" : true
  },
  "afterStages" : [ ],
  "labels" : [ {
    "name" : "framework",
    "value" : "wdio"
  }, {
    "name" : "language",
    "value" : "javascript"
  }, {
    "name" : "thread",
    "value" : "0-0"
  }, {
    "name" : "suite",
    "value" : "Left and Right Panel Test Suite"
  }, {
    "name" : "testClass",
    "value" : "Left and Right Panel Test Suite"
  }, {
    "name" : "testMethod",
    "value" : "TC730 - Verify that clicking on Product updates option, opens up web page where user can check the latest updates in app."
  }, {
    "name" : "package",
    "value" : "Left and Right Panel Test Suite"
  }, {
    "name" : "resultFormat",
    "value" : "allure1"
  } ],
  "parameters" : [ {
    "name" : "device",
    "value" : "google pixel 3-9.0"
  } ],
  "links" : [ ],
  "hidden" : false,
  "retry" : false,
  "extra" : {
    "severity" : "normal",
    "retries" : [ ],
    "categories" : [ {
      "name" : "Test defects",
      "matchedStatuses" : [ ],
      "flaky" : false
    } ],
    "tags" : [ ]
  },
  "source" : "20f9d5ab4624ec76.json",
  "parameterValues" : [ "google pixel 3-9.0" ]
}