{
  "uid" : "7e83637699afb434",
  "name" : "TC719 - To verify \"Public Permalink\" shared is accessible to user part of same SM.",
  "fullName" : "Permalinks.TC719 - To verify \"Public Permalink\" shared is accessible to user part of same SM.",
  "historyId" : "2fb216e7f698529c40471df9c569e8f5",
  "time" : {
    "start" : 1679502469249,
    "stop" : 1679502493747,
    "duration" : 24498
  },
  "description" : "",
  "descriptionHtml" : "",
  "status" : "broken",
  "statusMessage" : "TC719-Failed-->Reason: Error: Can't call touchAction on element with selector \"//android.widget.TextView[contains(@text,\"v 2.\")]\" because element wasn't found",
  "statusTrace" : "AssertionError [ERR_ASSERTION]: TC719-Failed-->Reason: Error: Can't call touchAction on element with selector \"//android.widget.TextView[contains(@text,\"v 2.\")]\" because element wasn't found\n                    at Context.<anonymous> (/Users/vagrant/git/Mobile-Automation/src/specs/androidNative/completeTestSuite2.spec.js:1038:32)",
  "flaky" : false,
  "newFailed" : false,
  "beforeStages" : [ ],
  "testStage" : {
    "status" : "broken",
    "statusMessage" : "TC719-Failed-->Reason: Error: Can't call touchAction on element with selector \"//android.widget.TextView[contains(@text,\"v 2.\")]\" because element wasn't found",
    "statusTrace" : "AssertionError [ERR_ASSERTION]: TC719-Failed-->Reason: Error: Can't call touchAction on element with selector \"//android.widget.TextView[contains(@text,\"v 2.\")]\" because element wasn't found\n                    at Context.<anonymous> (/Users/vagrant/git/Mobile-Automation/src/specs/androidNative/completeTestSuite2.spec.js:1038:32)",
    "steps" : [ {
      "name" : "\"before each\" hook for Permalinks",
      "time" : {
        "start" : 1679502469249,
        "stop" : 1679502480600,
        "duration" : 11351
      },
      "status" : "passed",
      "steps" : [ ],
      "attachments" : [ ],
      "parameters" : [ ],
      "hasContent" : false,
      "stepsCount" : 0,
      "attachmentsCount" : 0,
      "shouldDisplayMessage" : false
    }, {
      "name" : "\"after each\" hook for Permalinks",
      "time" : {
        "start" : 1679502493747,
        "stop" : 1679502494803,
        "duration" : 1056
      },
      "status" : "passed",
      "steps" : [ ],
      "attachments" : [ ],
      "parameters" : [ ],
      "hasContent" : false,
      "stepsCount" : 0,
      "attachmentsCount" : 0,
      "shouldDisplayMessage" : false
    } ],
    "attachments" : [ {
      "uid" : "b8eba9cfe907517e",
      "name" : "Screenshot",
      "source" : "b8eba9cfe907517e.png",
      "type" : "image/png",
      "size" : 2675630
    } ],
    "parameters" : [ ],
    "hasContent" : true,
    "stepsCount" : 2,
    "attachmentsCount" : 1,
    "shouldDisplayMessage" : true
  },
  "afterStages" : [ ],
  "labels" : [ {
    "name" : "framework",
    "value" : "wdio"
  }, {
    "name" : "language",
    "value" : "javascript"
  }, {
    "name" : "thread",
    "value" : "0-0"
  }, {
    "name" : "suite",
    "value" : "Permalinks"
  }, {
    "name" : "testClass",
    "value" : "Permalinks"
  }, {
    "name" : "testMethod",
    "value" : "TC719 - To verify \"Public Permalink\" shared is accessible to user part of same SM."
  }, {
    "name" : "package",
    "value" : "Permalinks"
  }, {
    "name" : "resultFormat",
    "value" : "allure1"
  } ],
  "parameters" : [ {
    "name" : "device",
    "value" : "google pixel 3-9.0"
  } ],
  "links" : [ ],
  "hidden" : false,
  "retry" : false,
  "extra" : {
    "severity" : "normal",
    "retries" : [ ],
    "categories" : [ {
      "name" : "Test defects",
      "matchedStatuses" : [ ],
      "flaky" : false
    } ],
    "tags" : [ ]
  },
  "source" : "7e83637699afb434.json",
  "parameterValues" : [ "google pixel 3-9.0" ]
}