{
  "uid" : "3549b4629e06afe4",
  "name" : "TC719 - To verify \"Public Permalink\" shared is accessible to user part of same SM.",
  "fullName" : "Complete Test Suite.TC719 - To verify \"Public Permalink\" shared is accessible to user part of same SM.",
  "historyId" : "79807efe6ab0d6e6e4428a431206b30b",
  "time" : {
    "start" : 1659888186160,
    "stop" : 1659888252045,
    "duration" : 65885
  },
  "description" : "",
  "descriptionHtml" : "",
  "status" : "broken",
  "statusMessage" : "TC719-Failed-->Reason: Error: element (\"//android.widget.EditText[@text = \"Add a note\"]\") still not displayed after 10000ms",
  "statusTrace" : "AssertionError [ERR_ASSERTION]: TC719-Failed-->Reason: Error: element (\"//android.widget.EditText[@text = \"Add a note\"]\") still not displayed after 10000ms\n                    at Context.<anonymous> (/Users/vagrant/git/Mobile-Automation/src/specs/androidNative/completeTestSuite2.spec.js:326:32)",
  "flaky" : false,
  "newFailed" : false,
  "newBroken" : false,
  "newPassed" : false,
  "retriesCount" : 0,
  "retriesStatusChange" : false,
  "beforeStages" : [ ],
  "testStage" : {
    "status" : "broken",
    "statusMessage" : "TC719-Failed-->Reason: Error: element (\"//android.widget.EditText[@text = \"Add a note\"]\") still not displayed after 10000ms",
    "statusTrace" : "AssertionError [ERR_ASSERTION]: TC719-Failed-->Reason: Error: element (\"//android.widget.EditText[@text = \"Add a note\"]\") still not displayed after 10000ms\n                    at Context.<anonymous> (/Users/vagrant/git/Mobile-Automation/src/specs/androidNative/completeTestSuite2.spec.js:326:32)",
    "steps" : [ {
      "name" : "\"before each\" hook for Complete Test Suite",
      "time" : {
        "start" : 1659888186160,
        "stop" : 1659888197327,
        "duration" : 11167
      },
      "status" : "passed",
      "steps" : [ ],
      "attachments" : [ ],
      "parameters" : [ ],
      "hasContent" : false,
      "stepsCount" : 0,
      "attachmentsCount" : 0,
      "shouldDisplayMessage" : false
    }, {
      "name" : "\"after each\" hook for Complete Test Suite",
      "time" : {
        "start" : 1659888252045,
        "stop" : 1659888253043,
        "duration" : 998
      },
      "status" : "passed",
      "steps" : [ ],
      "attachments" : [ ],
      "parameters" : [ ],
      "hasContent" : false,
      "stepsCount" : 0,
      "attachmentsCount" : 0,
      "shouldDisplayMessage" : false
    } ],
    "attachments" : [ {
      "uid" : "e9a52c5cbf4dda80",
      "name" : "Screenshot",
      "source" : "e9a52c5cbf4dda80.png",
      "type" : "image/png",
      "size" : 60841
    } ],
    "parameters" : [ ],
    "hasContent" : true,
    "stepsCount" : 2,
    "attachmentsCount" : 1,
    "shouldDisplayMessage" : true
  },
  "afterStages" : [ ],
  "labels" : [ {
    "name" : "framework",
    "value" : "wdio"
  }, {
    "name" : "language",
    "value" : "javascript"
  }, {
    "name" : "thread",
    "value" : "0-0"
  }, {
    "name" : "suite",
    "value" : "Complete Test Suite"
  }, {
    "name" : "testClass",
    "value" : "Complete Test Suite"
  }, {
    "name" : "testMethod",
    "value" : "TC719 - To verify \"Public Permalink\" shared is accessible to user part of same SM."
  }, {
    "name" : "package",
    "value" : "Complete Test Suite"
  }, {
    "name" : "resultFormat",
    "value" : "allure1"
  } ],
  "parameters" : [ {
    "name" : "device",
    "value" : "google pixel 3-9.0"
  } ],
  "links" : [ ],
  "hidden" : false,
  "retry" : false,
  "extra" : {
    "severity" : "normal",
    "retries" : [ ],
    "categories" : [ {
      "name" : "Test defects",
      "matchedStatuses" : [ ],
      "flaky" : false
    } ],
    "tags" : [ ]
  },
  "source" : "3549b4629e06afe4.json",
  "parameterValues" : [ "google pixel 3-9.0" ]
}