{
  "uid" : "65e13d6a09dce0d2",
  "name" : "TC720 - To verify Non-SM user is able to access the public permalink shared.",
  "fullName" : "Complete Test Suite.TC720 - To verify Non-SM user is able to access the public permalink shared.",
  "historyId" : "ca1f3ed38d10e5459972b5d8206f780c",
  "time" : {
    "start" : 1659888253043,
    "stop" : 1659888318219,
    "duration" : 65176
  },
  "description" : "",
  "descriptionHtml" : "",
  "status" : "broken",
  "statusMessage" : "TC720-Failed-->Reason: Error: element (\"//android.widget.EditText[@text = \"Add a note\"]\") still not displayed after 10000ms",
  "statusTrace" : "AssertionError [ERR_ASSERTION]: TC720-Failed-->Reason: Error: element (\"//android.widget.EditText[@text = \"Add a note\"]\") still not displayed after 10000ms\n                    at Context.<anonymous> (/Users/vagrant/git/Mobile-Automation/src/specs/androidNative/completeTestSuite2.spec.js:343:32)",
  "flaky" : false,
  "newFailed" : false,
  "newBroken" : false,
  "newPassed" : false,
  "retriesCount" : 0,
  "retriesStatusChange" : false,
  "beforeStages" : [ ],
  "testStage" : {
    "status" : "broken",
    "statusMessage" : "TC720-Failed-->Reason: Error: element (\"//android.widget.EditText[@text = \"Add a note\"]\") still not displayed after 10000ms",
    "statusTrace" : "AssertionError [ERR_ASSERTION]: TC720-Failed-->Reason: Error: element (\"//android.widget.EditText[@text = \"Add a note\"]\") still not displayed after 10000ms\n                    at Context.<anonymous> (/Users/vagrant/git/Mobile-Automation/src/specs/androidNative/completeTestSuite2.spec.js:343:32)",
    "steps" : [ {
      "name" : "\"before each\" hook for Complete Test Suite",
      "time" : {
        "start" : 1659888253044,
        "stop" : 1659888264253,
        "duration" : 11209
      },
      "status" : "passed",
      "steps" : [ ],
      "attachments" : [ ],
      "parameters" : [ ],
      "hasContent" : false,
      "stepsCount" : 0,
      "attachmentsCount" : 0,
      "shouldDisplayMessage" : false
    }, {
      "name" : "\"after each\" hook for Complete Test Suite",
      "time" : {
        "start" : 1659888318219,
        "stop" : 1659888319262,
        "duration" : 1043
      },
      "status" : "passed",
      "steps" : [ ],
      "attachments" : [ ],
      "parameters" : [ ],
      "hasContent" : false,
      "stepsCount" : 0,
      "attachmentsCount" : 0,
      "shouldDisplayMessage" : false
    } ],
    "attachments" : [ {
      "uid" : "975d85bef11fe3c8",
      "name" : "Screenshot",
      "source" : "975d85bef11fe3c8.png",
      "type" : "image/png",
      "size" : 61322
    } ],
    "parameters" : [ ],
    "hasContent" : true,
    "stepsCount" : 2,
    "attachmentsCount" : 1,
    "shouldDisplayMessage" : true
  },
  "afterStages" : [ ],
  "labels" : [ {
    "name" : "framework",
    "value" : "wdio"
  }, {
    "name" : "language",
    "value" : "javascript"
  }, {
    "name" : "thread",
    "value" : "0-0"
  }, {
    "name" : "suite",
    "value" : "Complete Test Suite"
  }, {
    "name" : "testClass",
    "value" : "Complete Test Suite"
  }, {
    "name" : "testMethod",
    "value" : "TC720 - To verify Non-SM user is able to access the public permalink shared."
  }, {
    "name" : "package",
    "value" : "Complete Test Suite"
  }, {
    "name" : "resultFormat",
    "value" : "allure1"
  } ],
  "parameters" : [ {
    "name" : "device",
    "value" : "google pixel 3-9.0"
  } ],
  "links" : [ ],
  "hidden" : false,
  "retry" : false,
  "extra" : {
    "severity" : "normal",
    "retries" : [ ],
    "categories" : [ {
      "name" : "Test defects",
      "matchedStatuses" : [ ],
      "flaky" : false
    } ],
    "tags" : [ ]
  },
  "source" : "65e13d6a09dce0d2.json",
  "parameterValues" : [ "google pixel 3-9.0" ]
}