{
  "uid" : "63602fb053d30cca",
  "name" : "TC522 - To verify \"Search\" icon is visible in the homepage of the app.",
  "fullName" : "Conversation Search.TC522 - To verify \"Search\" icon is visible in the homepage of the app.",
  "historyId" : "2ac35f25ff2ae987a07555cd6fd321ac",
  "time" : {
    "start" : 1682783891344,
    "stop" : 1682783917514,
    "duration" : 26170
  },
  "description" : "",
  "descriptionHtml" : "",
  "status" : "broken",
  "statusMessage" : "TC522-Failed-->Reason: Error: Can't call touchAction on element with selector \"//android.widget.TextView[contains(@text,\"v 2.\")]\" because element wasn't found",
  "statusTrace" : "AssertionError [ERR_ASSERTION]: TC522-Failed-->Reason: Error: Can't call touchAction on element with selector \"//android.widget.TextView[contains(@text,\"v 2.\")]\" because element wasn't found\n                    at Context.<anonymous> (/Users/vagrant/git/Mobile-Automation/src/specs/androidNative/completeTestSuite2.spec.js:418:32)",
  "flaky" : false,
  "newFailed" : false,
  "beforeStages" : [ ],
  "testStage" : {
    "status" : "broken",
    "statusMessage" : "TC522-Failed-->Reason: Error: Can't call touchAction on element with selector \"//android.widget.TextView[contains(@text,\"v 2.\")]\" because element wasn't found",
    "statusTrace" : "AssertionError [ERR_ASSERTION]: TC522-Failed-->Reason: Error: Can't call touchAction on element with selector \"//android.widget.TextView[contains(@text,\"v 2.\")]\" because element wasn't found\n                    at Context.<anonymous> (/Users/vagrant/git/Mobile-Automation/src/specs/androidNative/completeTestSuite2.spec.js:418:32)",
    "steps" : [ {
      "name" : "\"before each\" hook for Conversation Search",
      "time" : {
        "start" : 1682783891344,
        "stop" : 1682783903498,
        "duration" : 12154
      },
      "status" : "passed",
      "steps" : [ ],
      "attachments" : [ ],
      "parameters" : [ ],
      "stepsCount" : 0,
      "attachmentsCount" : 0,
      "shouldDisplayMessage" : false,
      "hasContent" : false
    }, {
      "name" : "\"after each\" hook for Conversation Search",
      "time" : {
        "start" : 1682783917514,
        "stop" : 1682783918534,
        "duration" : 1020
      },
      "status" : "passed",
      "steps" : [ ],
      "attachments" : [ ],
      "parameters" : [ ],
      "stepsCount" : 0,
      "attachmentsCount" : 0,
      "shouldDisplayMessage" : false,
      "hasContent" : false
    } ],
    "attachments" : [ {
      "uid" : "4b77dd1aa611e3bf",
      "name" : "Screenshot",
      "source" : "4b77dd1aa611e3bf.png",
      "type" : "image/png",
      "size" : 2681865
    } ],
    "parameters" : [ ],
    "stepsCount" : 2,
    "attachmentsCount" : 1,
    "shouldDisplayMessage" : true,
    "hasContent" : true
  },
  "afterStages" : [ ],
  "labels" : [ {
    "name" : "framework",
    "value" : "wdio"
  }, {
    "name" : "language",
    "value" : "javascript"
  }, {
    "name" : "thread",
    "value" : "0-0"
  }, {
    "name" : "suite",
    "value" : "Conversation Search"
  }, {
    "name" : "testClass",
    "value" : "Conversation Search"
  }, {
    "name" : "testMethod",
    "value" : "TC522 - To verify \"Search\" icon is visible in the homepage of the app."
  }, {
    "name" : "package",
    "value" : "Conversation Search"
  }, {
    "name" : "resultFormat",
    "value" : "allure1"
  } ],
  "parameters" : [ {
    "name" : "device",
    "value" : "google pixel 3-9.0"
  } ],
  "links" : [ ],
  "hidden" : false,
  "retry" : false,
  "extra" : {
    "severity" : "normal",
    "retries" : [ ],
    "categories" : [ {
      "name" : "Test defects",
      "matchedStatuses" : [ ],
      "flaky" : false
    } ],
    "tags" : [ ]
  },
  "source" : "63602fb053d30cca.json",
  "parameterValues" : [ "google pixel 3-9.0" ]
}