{
  "uid" : "ff7cde15920c812",
  "name" : "TC27- Verify that user can see the Activity timeline pertaining to a conversation",
  "fullName" : "Activity Panel and Notes.TC27- Verify that user can see the Activity timeline pertaining to a conversation",
  "historyId" : "61e68f8c31652d47451e9ad1d0b6d51b",
  "time" : {
    "start" : 1689529205379,
    "stop" : 1689529229103,
    "duration" : 23724
  },
  "description" : "",
  "descriptionHtml" : "",
  "status" : "broken",
  "statusMessage" : "TC27-Failed-->Reason: Error: Can't call touchAction on element with selector \"//android.widget.TextView[contains(@text,\"v 2.\")]\" because element wasn't found",
  "statusTrace" : "AssertionError [ERR_ASSERTION]: TC27-Failed-->Reason: Error: Can't call touchAction on element with selector \"//android.widget.TextView[contains(@text,\"v 2.\")]\" because element wasn't found\n                    at Context.<anonymous> (/Users/vagrant/git/Mobile-Automation/src/specs/androidNative/completeTestSuite3.spec.js:49:32)",
  "flaky" : false,
  "newFailed" : false,
  "beforeStages" : [ ],
  "testStage" : {
    "status" : "broken",
    "statusMessage" : "TC27-Failed-->Reason: Error: Can't call touchAction on element with selector \"//android.widget.TextView[contains(@text,\"v 2.\")]\" because element wasn't found",
    "statusTrace" : "AssertionError [ERR_ASSERTION]: TC27-Failed-->Reason: Error: Can't call touchAction on element with selector \"//android.widget.TextView[contains(@text,\"v 2.\")]\" because element wasn't found\n                    at Context.<anonymous> (/Users/vagrant/git/Mobile-Automation/src/specs/androidNative/completeTestSuite3.spec.js:49:32)",
    "steps" : [ {
      "name" : "\"before each\" hook for Activity Panel and Notes",
      "time" : {
        "start" : 1689529205380,
        "stop" : 1689529217128,
        "duration" : 11748
      },
      "status" : "passed",
      "steps" : [ ],
      "attachments" : [ ],
      "parameters" : [ ],
      "hasContent" : false,
      "attachmentsCount" : 0,
      "stepsCount" : 0,
      "shouldDisplayMessage" : false
    }, {
      "name" : "\"after each\" hook for Activity Panel and Notes",
      "time" : {
        "start" : 1689529229103,
        "stop" : 1689529229425,
        "duration" : 322
      },
      "status" : "failed",
      "steps" : [ ],
      "attachments" : [ ],
      "parameters" : [ ],
      "hasContent" : false,
      "attachmentsCount" : 0,
      "stepsCount" : 0,
      "shouldDisplayMessage" : false
    } ],
    "attachments" : [ {
      "uid" : "59a47801b5512d04",
      "name" : "Screenshot",
      "source" : "59a47801b5512d04.png",
      "type" : "image/png",
      "size" : 153964
    } ],
    "parameters" : [ ],
    "hasContent" : true,
    "attachmentsCount" : 1,
    "stepsCount" : 2,
    "shouldDisplayMessage" : true
  },
  "afterStages" : [ ],
  "labels" : [ {
    "name" : "framework",
    "value" : "wdio"
  }, {
    "name" : "language",
    "value" : "javascript"
  }, {
    "name" : "thread",
    "value" : "0-0"
  }, {
    "name" : "suite",
    "value" : "Activity Panel and Notes"
  }, {
    "name" : "testClass",
    "value" : "Activity Panel and Notes"
  }, {
    "name" : "testMethod",
    "value" : "TC27- Verify that user can see the Activity timeline pertaining to a conversation"
  }, {
    "name" : "package",
    "value" : "Activity Panel and Notes"
  }, {
    "name" : "resultFormat",
    "value" : "allure1"
  } ],
  "parameters" : [ {
    "name" : "device",
    "value" : "google pixel 3-9.0"
  } ],
  "links" : [ ],
  "hidden" : false,
  "retry" : false,
  "extra" : {
    "severity" : "normal",
    "retries" : [ {
      "uid" : "d861e1f5ac6e1ecb",
      "status" : "passed",
      "time" : {
        "start" : 1689525826137,
        "stop" : 1689525867247,
        "duration" : 41110
      }
    } ],
    "categories" : [ {
      "name" : "Test defects",
      "matchedStatuses" : [ ],
      "flaky" : false
    } ],
    "tags" : [ ]
  },
  "source" : "ff7cde15920c812.json",
  "parameterValues" : [ "google pixel 3-9.0" ]
}