{
  "uid" : "9667e07a0513e098",
  "name" : "TC262- Verify that app version is shown on the login screen",
  "fullName" : "Complete Test Suite.TC262- Verify that app version is shown on the login screen",
  "historyId" : "5a7326b39132997d0ad22645c08c283c",
  "time" : {
    "start" : 1657868242388,
    "stop" : 1657868273694,
    "duration" : 31306
  },
  "description" : "",
  "descriptionHtml" : "",
  "status" : "broken",
  "statusMessage" : "TC262-Failed-->Reason: Error: Can't call getText on element with selector \"~v 2.3.2\" because element wasn't found",
  "statusTrace" : "AssertionError [ERR_ASSERTION]: TC262-Failed-->Reason: Error: Can't call getText on element with selector \"~v 2.3.2\" because element wasn't found\n                    at Context.<anonymous> (/Users/vagrant/git/Mobile-Automation/src/specs/iosSpec/completeTestSuite2.spec.js:37:32)",
  "flaky" : false,
  "newFailed" : false,
  "newBroken" : false,
  "newPassed" : false,
  "retriesCount" : 0,
  "retriesStatusChange" : false,
  "beforeStages" : [ ],
  "testStage" : {
    "status" : "broken",
    "statusMessage" : "TC262-Failed-->Reason: Error: Can't call getText on element with selector \"~v 2.3.2\" because element wasn't found",
    "statusTrace" : "AssertionError [ERR_ASSERTION]: TC262-Failed-->Reason: Error: Can't call getText on element with selector \"~v 2.3.2\" because element wasn't found\n                    at Context.<anonymous> (/Users/vagrant/git/Mobile-Automation/src/specs/iosSpec/completeTestSuite2.spec.js:37:32)",
    "steps" : [ {
      "name" : "\"before each\" hook for Complete Test Suite",
      "time" : {
        "start" : 1657868242390,
        "stop" : 1657868262433,
        "duration" : 20043
      },
      "status" : "passed",
      "steps" : [ ],
      "attachments" : [ ],
      "parameters" : [ ],
      "stepsCount" : 0,
      "attachmentsCount" : 0,
      "shouldDisplayMessage" : false,
      "hasContent" : false
    }, {
      "name" : "\"after each\" hook for Complete Test Suite",
      "time" : {
        "start" : 1657868273695,
        "stop" : 1657868274890,
        "duration" : 1195
      },
      "status" : "passed",
      "steps" : [ ],
      "attachments" : [ ],
      "parameters" : [ ],
      "stepsCount" : 0,
      "attachmentsCount" : 0,
      "shouldDisplayMessage" : false,
      "hasContent" : false
    } ],
    "attachments" : [ {
      "uid" : "81f596cf685c66cd",
      "name" : "Screenshot",
      "source" : "81f596cf685c66cd.png",
      "type" : "image/png",
      "size" : 180538
    } ],
    "parameters" : [ ],
    "stepsCount" : 2,
    "attachmentsCount" : 1,
    "shouldDisplayMessage" : true,
    "hasContent" : true
  },
  "afterStages" : [ ],
  "labels" : [ {
    "name" : "framework",
    "value" : "wdio"
  }, {
    "name" : "language",
    "value" : "javascript"
  }, {
    "name" : "thread",
    "value" : "0-0"
  }, {
    "name" : "suite",
    "value" : "Complete Test Suite"
  }, {
    "name" : "testClass",
    "value" : "Complete Test Suite"
  }, {
    "name" : "testMethod",
    "value" : "TC262- Verify that app version is shown on the login screen"
  }, {
    "name" : "package",
    "value" : "Complete Test Suite"
  }, {
    "name" : "resultFormat",
    "value" : "allure1"
  } ],
  "parameters" : [ {
    "name" : "device",
    "value" : "iphone-15.0"
  } ],
  "links" : [ ],
  "hidden" : false,
  "retry" : false,
  "extra" : {
    "severity" : "normal",
    "retries" : [ ],
    "categories" : [ {
      "name" : "Test defects",
      "matchedStatuses" : [ ],
      "flaky" : false
    } ],
    "tags" : [ ]
  },
  "source" : "9667e07a0513e098.json",
  "parameterValues" : [ "iphone-15.0" ]
}