{
  "uid" : "8f99d6125b8715b5",
  "name" : "TC743 - Verify user should be able to add Subject, To, Cc, Bcc fields",
  "fullName" : "Left and Right Panel Test Suite.TC743 - Verify user should be able to add Subject, To, Cc, Bcc fields",
  "historyId" : "78617fa6ef4022d40a47db5356a005ca",
  "time" : {
    "start" : 1685631201648,
    "stop" : 1685631227374,
    "duration" : 25726
  },
  "description" : "",
  "descriptionHtml" : "",
  "status" : "broken",
  "statusMessage" : "TC743-Failed-->Reason: Error: Can't call touchAction on element with selector \"//android.widget.TextView[contains(@text,\"v 2.\")]\" because element wasn't found",
  "statusTrace" : "AssertionError [ERR_ASSERTION]: TC743-Failed-->Reason: Error: Can't call touchAction on element with selector \"//android.widget.TextView[contains(@text,\"v 2.\")]\" because element wasn't found\n                    at Context.<anonymous> (/Users/vagrant/git/Mobile-Automation/src/specs/androidNative/completeTestSuite.spec.js:284:32)",
  "flaky" : false,
  "newFailed" : false,
  "beforeStages" : [ ],
  "testStage" : {
    "status" : "broken",
    "statusMessage" : "TC743-Failed-->Reason: Error: Can't call touchAction on element with selector \"//android.widget.TextView[contains(@text,\"v 2.\")]\" because element wasn't found",
    "statusTrace" : "AssertionError [ERR_ASSERTION]: TC743-Failed-->Reason: Error: Can't call touchAction on element with selector \"//android.widget.TextView[contains(@text,\"v 2.\")]\" because element wasn't found\n                    at Context.<anonymous> (/Users/vagrant/git/Mobile-Automation/src/specs/androidNative/completeTestSuite.spec.js:284:32)",
    "steps" : [ {
      "name" : "\"before each\" hook for Left and Right Panel Test Suite",
      "time" : {
        "start" : 1685631201648,
        "stop" : 1685631212915,
        "duration" : 11267
      },
      "status" : "passed",
      "steps" : [ ],
      "attachments" : [ ],
      "parameters" : [ ],
      "stepsCount" : 0,
      "attachmentsCount" : 0,
      "shouldDisplayMessage" : false,
      "hasContent" : false
    }, {
      "name" : "\"after each\" hook for Left and Right Panel Test Suite",
      "time" : {
        "start" : 1685631227374,
        "stop" : 1685631228484,
        "duration" : 1110
      },
      "status" : "passed",
      "steps" : [ ],
      "attachments" : [ ],
      "parameters" : [ ],
      "stepsCount" : 0,
      "attachmentsCount" : 0,
      "shouldDisplayMessage" : false,
      "hasContent" : false
    } ],
    "attachments" : [ {
      "uid" : "9a4c47587e0962fd",
      "name" : "Screenshot",
      "source" : "9a4c47587e0962fd.png",
      "type" : "image/png",
      "size" : 2657671
    } ],
    "parameters" : [ ],
    "stepsCount" : 2,
    "attachmentsCount" : 1,
    "shouldDisplayMessage" : true,
    "hasContent" : true
  },
  "afterStages" : [ ],
  "labels" : [ {
    "name" : "framework",
    "value" : "wdio"
  }, {
    "name" : "language",
    "value" : "javascript"
  }, {
    "name" : "thread",
    "value" : "0-0"
  }, {
    "name" : "suite",
    "value" : "Left and Right Panel Test Suite"
  }, {
    "name" : "testClass",
    "value" : "Left and Right Panel Test Suite"
  }, {
    "name" : "testMethod",
    "value" : "TC743 - Verify user should be able to add Subject, To, Cc, Bcc fields"
  }, {
    "name" : "package",
    "value" : "Left and Right Panel Test Suite"
  }, {
    "name" : "resultFormat",
    "value" : "allure1"
  } ],
  "parameters" : [ {
    "name" : "device",
    "value" : "google pixel 3-9.0"
  } ],
  "links" : [ ],
  "hidden" : false,
  "retry" : false,
  "extra" : {
    "severity" : "normal",
    "retries" : [ ],
    "categories" : [ {
      "name" : "Test defects",
      "matchedStatuses" : [ ],
      "flaky" : false
    } ],
    "tags" : [ ]
  },
  "source" : "8f99d6125b8715b5.json",
  "parameterValues" : [ "google pixel 3-9.0" ]
}