{
  "uid" : "d62004bcb3f92734",
  "name" : "TC52- Edited Note: Verify that whenever a note is edited, user can see the relevant message",
  "fullName" : "Activity Panel and Notes.TC52- Edited Note: Verify that whenever a note is edited, user can see the relevant message",
  "historyId" : "ee32e869ca4230332c706e8d47e5bf54",
  "time" : {
    "start" : 1685635588775,
    "stop" : 1685635614891,
    "duration" : 26116
  },
  "description" : "",
  "descriptionHtml" : "",
  "status" : "broken",
  "statusMessage" : "TC52-Failed-->Reason: Error: Can't call touchAction on element with selector \"//android.widget.TextView[contains(@text,\"v 2.\")]\" because element wasn't found",
  "statusTrace" : "AssertionError [ERR_ASSERTION]: TC52-Failed-->Reason: Error: Can't call touchAction on element with selector \"//android.widget.TextView[contains(@text,\"v 2.\")]\" because element wasn't found\n                    at Context.<anonymous> (/Users/vagrant/git/Mobile-Automation/src/specs/androidNative/completeTestSuite3.spec.js:308:32)",
  "flaky" : false,
  "newFailed" : false,
  "beforeStages" : [ ],
  "testStage" : {
    "status" : "broken",
    "statusMessage" : "TC52-Failed-->Reason: Error: Can't call touchAction on element with selector \"//android.widget.TextView[contains(@text,\"v 2.\")]\" because element wasn't found",
    "statusTrace" : "AssertionError [ERR_ASSERTION]: TC52-Failed-->Reason: Error: Can't call touchAction on element with selector \"//android.widget.TextView[contains(@text,\"v 2.\")]\" because element wasn't found\n                    at Context.<anonymous> (/Users/vagrant/git/Mobile-Automation/src/specs/androidNative/completeTestSuite3.spec.js:308:32)",
    "steps" : [ {
      "name" : "\"before each\" hook for Activity Panel and Notes",
      "time" : {
        "start" : 1685635588776,
        "stop" : 1685635600621,
        "duration" : 11845
      },
      "status" : "passed",
      "steps" : [ ],
      "attachments" : [ ],
      "parameters" : [ ],
      "stepsCount" : 0,
      "attachmentsCount" : 0,
      "shouldDisplayMessage" : false,
      "hasContent" : false
    }, {
      "name" : "\"after each\" hook for Activity Panel and Notes",
      "time" : {
        "start" : 1685635614891,
        "stop" : 1685635615998,
        "duration" : 1107
      },
      "status" : "passed",
      "steps" : [ ],
      "attachments" : [ ],
      "parameters" : [ ],
      "stepsCount" : 0,
      "attachmentsCount" : 0,
      "shouldDisplayMessage" : false,
      "hasContent" : false
    } ],
    "attachments" : [ {
      "uid" : "e0336f7bb134f7a7",
      "name" : "Screenshot",
      "source" : "e0336f7bb134f7a7.png",
      "type" : "image/png",
      "size" : 2655311
    } ],
    "parameters" : [ ],
    "stepsCount" : 2,
    "attachmentsCount" : 1,
    "shouldDisplayMessage" : true,
    "hasContent" : true
  },
  "afterStages" : [ ],
  "labels" : [ {
    "name" : "framework",
    "value" : "wdio"
  }, {
    "name" : "language",
    "value" : "javascript"
  }, {
    "name" : "thread",
    "value" : "0-0"
  }, {
    "name" : "suite",
    "value" : "Activity Panel and Notes"
  }, {
    "name" : "testClass",
    "value" : "Activity Panel and Notes"
  }, {
    "name" : "testMethod",
    "value" : "TC52- Edited Note: Verify that whenever a note is edited, user can see the relevant message"
  }, {
    "name" : "package",
    "value" : "Activity Panel and Notes"
  }, {
    "name" : "resultFormat",
    "value" : "allure1"
  } ],
  "parameters" : [ {
    "name" : "device",
    "value" : "google pixel 3-9.0"
  } ],
  "links" : [ ],
  "hidden" : false,
  "retry" : false,
  "extra" : {
    "severity" : "normal",
    "retries" : [ ],
    "categories" : [ {
      "name" : "Test defects",
      "matchedStatuses" : [ ],
      "flaky" : false
    } ],
    "tags" : [ ]
  },
  "source" : "d62004bcb3f92734.json",
  "parameterValues" : [ "google pixel 3-9.0" ]
}