{
  "uid" : "cf8ac0b10c901ee2",
  "name" : "TC675 - To verify cancel option on the confirmation popup",
  "fullName" : "Inbox Test Suite.TC675 - To verify cancel option on the confirmation popup",
  "historyId" : "795cdb19283697b6ba0780f27dfc5c3c",
  "time" : {
    "start" : 1672137967876,
    "stop" : 1672138054972,
    "duration" : 87096
  },
  "description" : "",
  "descriptionHtml" : "",
  "status" : "broken",
  "statusMessage" : "TC675-Failed-->Reason: Error: element (\"~addToSM\") still not displayed after 10000ms",
  "statusTrace" : "AssertionError [ERR_ASSERTION]: TC675-Failed-->Reason: Error: element (\"~addToSM\") still not displayed after 10000ms\n                    at Context.<anonymous> (/Users/vagrant/git/Mobile-Automation/src/specs/androidNative/completeTestSuite.spec.js:1103:32)",
  "flaky" : false,
  "newFailed" : false,
  "beforeStages" : [ ],
  "testStage" : {
    "status" : "broken",
    "statusMessage" : "TC675-Failed-->Reason: Error: element (\"~addToSM\") still not displayed after 10000ms",
    "statusTrace" : "AssertionError [ERR_ASSERTION]: TC675-Failed-->Reason: Error: element (\"~addToSM\") still not displayed after 10000ms\n                    at Context.<anonymous> (/Users/vagrant/git/Mobile-Automation/src/specs/androidNative/completeTestSuite.spec.js:1103:32)",
    "steps" : [ {
      "name" : "\"before each\" hook for Inbox Test Suite",
      "time" : {
        "start" : 1672137967877,
        "stop" : 1672137979309,
        "duration" : 11432
      },
      "status" : "passed",
      "steps" : [ ],
      "attachments" : [ ],
      "parameters" : [ ],
      "stepsCount" : 0,
      "attachmentsCount" : 0,
      "shouldDisplayMessage" : false,
      "hasContent" : false
    }, {
      "name" : "\"after each\" hook for Inbox Test Suite",
      "time" : {
        "start" : 1672138054972,
        "stop" : 1672138056090,
        "duration" : 1118
      },
      "status" : "passed",
      "steps" : [ ],
      "attachments" : [ ],
      "parameters" : [ ],
      "stepsCount" : 0,
      "attachmentsCount" : 0,
      "shouldDisplayMessage" : false,
      "hasContent" : false
    } ],
    "attachments" : [ {
      "uid" : "ed468a9488a8b34f",
      "name" : "Screenshot",
      "source" : "ed468a9488a8b34f.png",
      "type" : "image/png",
      "size" : 2676969
    } ],
    "parameters" : [ ],
    "stepsCount" : 2,
    "attachmentsCount" : 1,
    "shouldDisplayMessage" : true,
    "hasContent" : true
  },
  "afterStages" : [ ],
  "labels" : [ {
    "name" : "framework",
    "value" : "wdio"
  }, {
    "name" : "language",
    "value" : "javascript"
  }, {
    "name" : "thread",
    "value" : "0-0"
  }, {
    "name" : "suite",
    "value" : "Inbox Test Suite"
  }, {
    "name" : "testClass",
    "value" : "Inbox Test Suite"
  }, {
    "name" : "testMethod",
    "value" : "TC675 - To verify cancel option on the confirmation popup"
  }, {
    "name" : "package",
    "value" : "Inbox Test Suite"
  }, {
    "name" : "resultFormat",
    "value" : "allure1"
  } ],
  "parameters" : [ {
    "name" : "device",
    "value" : "google pixel 3-9.0"
  } ],
  "links" : [ ],
  "hidden" : false,
  "retry" : false,
  "extra" : {
    "severity" : "normal",
    "retries" : [ ],
    "categories" : [ {
      "name" : "Test defects",
      "matchedStatuses" : [ ],
      "flaky" : false
    } ],
    "tags" : [ ]
  },
  "source" : "cf8ac0b10c901ee2.json",
  "parameterValues" : [ "google pixel 3-9.0" ]
}