{
  "uid" : "17022b58be9a0753",
  "name" : "TC581 - To verify the quoted received by the new recipient",
  "fullName" : "Quoted Text Test Suite.TC581 - To verify the quoted received by the new recipient",
  "historyId" : "c9ddf8a60929f94a26a04e9ae4cc2a2e",
  "time" : {
    "start" : 1661531809736,
    "stop" : 1661531868869,
    "duration" : 59133
  },
  "description" : "",
  "descriptionHtml" : "",
  "status" : "broken",
  "statusMessage" : "TC581-Failed-->Reason: Error: element (\"~SDTitle\") still not displayed after 10000ms",
  "statusTrace" : "AssertionError [ERR_ASSERTION]: TC581-Failed-->Reason: Error: element (\"~SDTitle\") still not displayed after 10000ms\n                    at Context.<anonymous> (/Users/vagrant/git/Mobile-Automation/src/specs/androidNative/completeTestSuite2.spec.js:946:32)",
  "flaky" : false,
  "newFailed" : false,
  "newBroken" : false,
  "newPassed" : false,
  "retriesCount" : 0,
  "retriesStatusChange" : false,
  "beforeStages" : [ ],
  "testStage" : {
    "status" : "broken",
    "statusMessage" : "TC581-Failed-->Reason: Error: element (\"~SDTitle\") still not displayed after 10000ms",
    "statusTrace" : "AssertionError [ERR_ASSERTION]: TC581-Failed-->Reason: Error: element (\"~SDTitle\") still not displayed after 10000ms\n                    at Context.<anonymous> (/Users/vagrant/git/Mobile-Automation/src/specs/androidNative/completeTestSuite2.spec.js:946:32)",
    "steps" : [ {
      "name" : "\"before each\" hook for Quoted Text Test Suite",
      "time" : {
        "start" : 1661531809737,
        "stop" : 1661531821127,
        "duration" : 11390
      },
      "status" : "passed",
      "steps" : [ ],
      "attachments" : [ ],
      "parameters" : [ ],
      "hasContent" : false,
      "stepsCount" : 0,
      "attachmentsCount" : 0,
      "shouldDisplayMessage" : false
    }, {
      "name" : "\"after each\" hook for Quoted Text Test Suite",
      "time" : {
        "start" : 1661531868870,
        "stop" : 1661531870013,
        "duration" : 1143
      },
      "status" : "passed",
      "steps" : [ ],
      "attachments" : [ ],
      "parameters" : [ ],
      "hasContent" : false,
      "stepsCount" : 0,
      "attachmentsCount" : 0,
      "shouldDisplayMessage" : false
    } ],
    "attachments" : [ {
      "uid" : "cf6329efaae784d9",
      "name" : "Screenshot",
      "source" : "cf6329efaae784d9.png",
      "type" : "image/png",
      "size" : 103235
    } ],
    "parameters" : [ ],
    "hasContent" : true,
    "stepsCount" : 2,
    "attachmentsCount" : 1,
    "shouldDisplayMessage" : true
  },
  "afterStages" : [ ],
  "labels" : [ {
    "name" : "framework",
    "value" : "wdio"
  }, {
    "name" : "language",
    "value" : "javascript"
  }, {
    "name" : "thread",
    "value" : "0-0"
  }, {
    "name" : "suite",
    "value" : "Quoted Text Test Suite"
  }, {
    "name" : "testClass",
    "value" : "Quoted Text Test Suite"
  }, {
    "name" : "testMethod",
    "value" : "TC581 - To verify the quoted received by the new recipient"
  }, {
    "name" : "package",
    "value" : "Quoted Text Test Suite"
  }, {
    "name" : "resultFormat",
    "value" : "allure1"
  } ],
  "parameters" : [ {
    "name" : "device",
    "value" : "google pixel 3-9.0"
  } ],
  "links" : [ ],
  "hidden" : false,
  "retry" : false,
  "extra" : {
    "severity" : "normal",
    "retries" : [ ],
    "categories" : [ {
      "name" : "Test defects",
      "matchedStatuses" : [ ],
      "flaky" : false
    } ],
    "tags" : [ ]
  },
  "source" : "17022b58be9a0753.json",
  "parameterValues" : [ "google pixel 3-9.0" ]
}