{
  "uid" : "935e817d7d624bff",
  "name" : "TC563 - To verify \"Show Quoted Text\" is visible in \"Compose\" screen as well and is clickable.",
  "fullName" : "Quoted Text Test Suite.TC563 - To verify \"Show Quoted Text\" is visible in \"Compose\" screen as well and is clickable.",
  "historyId" : "259511077818aadc4543b169df8b56e6",
  "time" : {
    "start" : 1661531257390,
    "stop" : 1661531293716,
    "duration" : 36326
  },
  "description" : "",
  "descriptionHtml" : "",
  "status" : "broken",
  "statusMessage" : "TC563-Failed-->Reason: Error: element (\"//android.widget.TextView[@text= \"Show quoted text\"]\") still not displayed after 10000ms",
  "statusTrace" : "AssertionError [ERR_ASSERTION]: TC563-Failed-->Reason: Error: element (\"//android.widget.TextView[@text= \"Show quoted text\"]\") still not displayed after 10000ms\n                    at Context.<anonymous> (/Users/vagrant/git/Mobile-Automation/src/specs/androidNative/completeTestSuite2.spec.js:757:32)",
  "flaky" : false,
  "newFailed" : false,
  "newBroken" : false,
  "newPassed" : false,
  "retriesCount" : 0,
  "retriesStatusChange" : false,
  "beforeStages" : [ ],
  "testStage" : {
    "status" : "broken",
    "statusMessage" : "TC563-Failed-->Reason: Error: element (\"//android.widget.TextView[@text= \"Show quoted text\"]\") still not displayed after 10000ms",
    "statusTrace" : "AssertionError [ERR_ASSERTION]: TC563-Failed-->Reason: Error: element (\"//android.widget.TextView[@text= \"Show quoted text\"]\") still not displayed after 10000ms\n                    at Context.<anonymous> (/Users/vagrant/git/Mobile-Automation/src/specs/androidNative/completeTestSuite2.spec.js:757:32)",
    "steps" : [ {
      "name" : "\"before each\" hook for Quoted Text Test Suite",
      "time" : {
        "start" : 1661531257390,
        "stop" : 1661531268591,
        "duration" : 11201
      },
      "status" : "passed",
      "steps" : [ ],
      "attachments" : [ ],
      "parameters" : [ ],
      "hasContent" : false,
      "stepsCount" : 0,
      "attachmentsCount" : 0,
      "shouldDisplayMessage" : false
    }, {
      "name" : "\"after each\" hook for Quoted Text Test Suite",
      "time" : {
        "start" : 1661531293717,
        "stop" : 1661531294887,
        "duration" : 1170
      },
      "status" : "passed",
      "steps" : [ ],
      "attachments" : [ ],
      "parameters" : [ ],
      "hasContent" : false,
      "stepsCount" : 0,
      "attachmentsCount" : 0,
      "shouldDisplayMessage" : false
    } ],
    "attachments" : [ {
      "uid" : "53eeedba6382784e",
      "name" : "Screenshot",
      "source" : "53eeedba6382784e.png",
      "type" : "image/png",
      "size" : 78847
    } ],
    "parameters" : [ ],
    "hasContent" : true,
    "stepsCount" : 2,
    "attachmentsCount" : 1,
    "shouldDisplayMessage" : true
  },
  "afterStages" : [ ],
  "labels" : [ {
    "name" : "framework",
    "value" : "wdio"
  }, {
    "name" : "language",
    "value" : "javascript"
  }, {
    "name" : "thread",
    "value" : "0-0"
  }, {
    "name" : "suite",
    "value" : "Quoted Text Test Suite"
  }, {
    "name" : "testClass",
    "value" : "Quoted Text Test Suite"
  }, {
    "name" : "testMethod",
    "value" : "TC563 - To verify \"Show Quoted Text\" is visible in \"Compose\" screen as well and is clickable."
  }, {
    "name" : "package",
    "value" : "Quoted Text Test Suite"
  }, {
    "name" : "resultFormat",
    "value" : "allure1"
  } ],
  "parameters" : [ {
    "name" : "device",
    "value" : "google pixel 3-9.0"
  } ],
  "links" : [ ],
  "hidden" : false,
  "retry" : false,
  "extra" : {
    "severity" : "normal",
    "retries" : [ ],
    "categories" : [ {
      "name" : "Test defects",
      "matchedStatuses" : [ ],
      "flaky" : false
    } ],
    "tags" : [ ]
  },
  "source" : "935e817d7d624bff.json",
  "parameterValues" : [ "google pixel 3-9.0" ]
}