{
  "uid" : "9d99c7ccdbcef5a",
  "name" : "TC434 - To verify Unassigned \"View\" floater button is present along with the views count when user logs in the app every time by default",
  "fullName" : "Status & Views.TC434 - To verify Unassigned \"View\" floater button is present along with the views count when user logs in the app every time by default",
  "historyId" : "1a776db72a7ad0108c4876ba1afd9f7d",
  "time" : {
    "start" : 1685382947064,
    "stop" : 1685382969533,
    "duration" : 22469
  },
  "description" : "",
  "descriptionHtml" : "",
  "status" : "broken",
  "statusMessage" : "TC434-Failed-->Reason: Error: Can't call touchAction on element with selector \"//android.widget.TextView[contains(@text,\"v 2.\")]\" because element wasn't found",
  "statusTrace" : "AssertionError [ERR_ASSERTION]: TC434-Failed-->Reason: Error: Can't call touchAction on element with selector \"//android.widget.TextView[contains(@text,\"v 2.\")]\" because element wasn't found\n                    at Context.<anonymous> (/Users/vagrant/git/Mobile-Automation/src/specs/androidNative/completeTestSuite3.spec.js:889:32)",
  "flaky" : false,
  "newFailed" : false,
  "beforeStages" : [ ],
  "testStage" : {
    "status" : "broken",
    "statusMessage" : "TC434-Failed-->Reason: Error: Can't call touchAction on element with selector \"//android.widget.TextView[contains(@text,\"v 2.\")]\" because element wasn't found",
    "statusTrace" : "AssertionError [ERR_ASSERTION]: TC434-Failed-->Reason: Error: Can't call touchAction on element with selector \"//android.widget.TextView[contains(@text,\"v 2.\")]\" because element wasn't found\n                    at Context.<anonymous> (/Users/vagrant/git/Mobile-Automation/src/specs/androidNative/completeTestSuite3.spec.js:889:32)",
    "steps" : [ {
      "name" : "\"before each\" hook for Status & Views",
      "time" : {
        "start" : 1685382947064,
        "stop" : 1685382958671,
        "duration" : 11607
      },
      "status" : "passed",
      "steps" : [ ],
      "attachments" : [ ],
      "parameters" : [ ],
      "stepsCount" : 0,
      "attachmentsCount" : 0,
      "shouldDisplayMessage" : false,
      "hasContent" : false
    }, {
      "name" : "\"after each\" hook for Status & Views",
      "time" : {
        "start" : 1685382969533,
        "stop" : 1685382969952,
        "duration" : 419
      },
      "status" : "failed",
      "steps" : [ ],
      "attachments" : [ ],
      "parameters" : [ ],
      "stepsCount" : 0,
      "attachmentsCount" : 0,
      "shouldDisplayMessage" : false,
      "hasContent" : false
    } ],
    "attachments" : [ {
      "uid" : "2388ff921d17c17e",
      "name" : "Screenshot",
      "source" : "2388ff921d17c17e.png",
      "type" : "image/png",
      "size" : 135534
    } ],
    "parameters" : [ ],
    "stepsCount" : 2,
    "attachmentsCount" : 1,
    "shouldDisplayMessage" : true,
    "hasContent" : true
  },
  "afterStages" : [ ],
  "labels" : [ {
    "name" : "framework",
    "value" : "wdio"
  }, {
    "name" : "language",
    "value" : "javascript"
  }, {
    "name" : "thread",
    "value" : "0-0"
  }, {
    "name" : "suite",
    "value" : "Status & Views"
  }, {
    "name" : "testClass",
    "value" : "Status & Views"
  }, {
    "name" : "testMethod",
    "value" : "TC434 - To verify Unassigned \"View\" floater button is present along with the views count when user logs in the app every time by default"
  }, {
    "name" : "package",
    "value" : "Status & Views"
  }, {
    "name" : "resultFormat",
    "value" : "allure1"
  } ],
  "parameters" : [ {
    "name" : "device",
    "value" : "google pixel 3-9.0"
  } ],
  "links" : [ ],
  "hidden" : false,
  "retry" : false,
  "extra" : {
    "severity" : "normal",
    "retries" : [ {
      "uid" : "4963d288e59b9a62",
      "status" : "passed",
      "time" : {
        "start" : 1685382581718,
        "stop" : 1685382609976,
        "duration" : 28258
      }
    }, {
      "uid" : "dd8ca6f8c8af4c8c",
      "status" : "passed",
      "time" : {
        "start" : 1685379082974,
        "stop" : 1685379109970,
        "duration" : 26996
      }
    } ],
    "categories" : [ {
      "name" : "Test defects",
      "matchedStatuses" : [ ],
      "flaky" : false
    } ],
    "tags" : [ ]
  },
  "source" : "9d99c7ccdbcef5a.json",
  "parameterValues" : [ "google pixel 3-9.0" ]
}