{
  "uid" : "591a0a26a186030a",
  "name" : "TC70- Verify that if any \"new\" user is mentioned as a part of an edit, the user must be notified",
  "fullName" : "Activity Panel and Notes.TC70- Verify that if any \"new\" user is mentioned as a part of an edit, the user must be notified",
  "historyId" : "17ec486345ca7250dd1981d2d6f2bbcd",
  "time" : {
    "start" : 1685035351572,
    "stop" : 1685035414305,
    "duration" : 62733
  },
  "description" : "",
  "descriptionHtml" : "",
  "status" : "broken",
  "statusMessage" : "TC70-Failed-->Reason: Error: element (\"//android.widget.TextView[@text=\"Activities\"]\") still not displayed after 10000ms",
  "statusTrace" : "AssertionError [ERR_ASSERTION]: TC70-Failed-->Reason: Error: element (\"//android.widget.TextView[@text=\"Activities\"]\") still not displayed after 10000ms\n                    at Context.<anonymous> (/Users/vagrant/git/Mobile-Automation/src/specs/androidNative/completeTestSuite3.spec.js:557:32)",
  "flaky" : false,
  "newFailed" : false,
  "beforeStages" : [ ],
  "testStage" : {
    "status" : "broken",
    "statusMessage" : "TC70-Failed-->Reason: Error: element (\"//android.widget.TextView[@text=\"Activities\"]\") still not displayed after 10000ms",
    "statusTrace" : "AssertionError [ERR_ASSERTION]: TC70-Failed-->Reason: Error: element (\"//android.widget.TextView[@text=\"Activities\"]\") still not displayed after 10000ms\n                    at Context.<anonymous> (/Users/vagrant/git/Mobile-Automation/src/specs/androidNative/completeTestSuite3.spec.js:557:32)",
    "steps" : [ {
      "name" : "\"before each\" hook for Activity Panel and Notes",
      "time" : {
        "start" : 1685035351572,
        "stop" : 1685035362664,
        "duration" : 11092
      },
      "status" : "passed",
      "steps" : [ ],
      "attachments" : [ ],
      "parameters" : [ ],
      "stepsCount" : 0,
      "attachmentsCount" : 0,
      "shouldDisplayMessage" : false,
      "hasContent" : false
    }, {
      "name" : "\"after each\" hook for Activity Panel and Notes",
      "time" : {
        "start" : 1685035414306,
        "stop" : 1685035415384,
        "duration" : 1078
      },
      "status" : "passed",
      "steps" : [ ],
      "attachments" : [ ],
      "parameters" : [ ],
      "stepsCount" : 0,
      "attachmentsCount" : 0,
      "shouldDisplayMessage" : false,
      "hasContent" : false
    } ],
    "attachments" : [ {
      "uid" : "ce0a189ce84bba2d",
      "name" : "Screenshot",
      "source" : "ce0a189ce84bba2d.png",
      "type" : "image/png",
      "size" : 240918
    } ],
    "parameters" : [ ],
    "stepsCount" : 2,
    "attachmentsCount" : 1,
    "shouldDisplayMessage" : true,
    "hasContent" : true
  },
  "afterStages" : [ ],
  "labels" : [ {
    "name" : "framework",
    "value" : "wdio"
  }, {
    "name" : "language",
    "value" : "javascript"
  }, {
    "name" : "thread",
    "value" : "0-0"
  }, {
    "name" : "suite",
    "value" : "Activity Panel and Notes"
  }, {
    "name" : "testClass",
    "value" : "Activity Panel and Notes"
  }, {
    "name" : "testMethod",
    "value" : "TC70- Verify that if any \"new\" user is mentioned as a part of an edit, the user must be notified"
  }, {
    "name" : "package",
    "value" : "Activity Panel and Notes"
  }, {
    "name" : "resultFormat",
    "value" : "allure1"
  } ],
  "parameters" : [ {
    "name" : "device",
    "value" : "google pixel 3-9.0"
  } ],
  "links" : [ ],
  "hidden" : false,
  "retry" : false,
  "extra" : {
    "severity" : "normal",
    "retries" : [ ],
    "categories" : [ {
      "name" : "Test defects",
      "matchedStatuses" : [ ],
      "flaky" : false
    } ],
    "tags" : [ ]
  },
  "source" : "591a0a26a186030a.json",
  "parameterValues" : [ "google pixel 3-9.0" ]
}