{
  "uid" : "4d52f07d4d33e2f8",
  "name" : "TC238 - Verify that user uis able to see the profile information on the left panel",
  "fullName" : "Complete Test Suite.TC238 - Verify that user uis able to see the profile information on the left panel",
  "historyId" : "d7978a296dbee8d3bb317713081959b4",
  "time" : {
    "start" : 1653836406109,
    "stop" : 1653836448535,
    "duration" : 42426
  },
  "description" : "",
  "descriptionHtml" : "",
  "status" : "broken",
  "statusMessage" : "TC238-Failed-->Reason: Error: element (\"//android.widget.TextView[@content-desc=\"smName\"]/../../android.view.ViewGroup[1]\") still not displayed after 10000ms",
  "statusTrace" : "AssertionError [ERR_ASSERTION]: TC238-Failed-->Reason: Error: element (\"//android.widget.TextView[@content-desc=\"smName\"]/../../android.view.ViewGroup[1]\") still not displayed after 10000ms\n                    at Context.<anonymous> (/Users/vagrant/git/Mobile-Automation/src/specs/androidNative/completeTestSuite.spec.js:92:32)",
  "flaky" : false,
  "newFailed" : false,
  "newBroken" : false,
  "newPassed" : false,
  "retriesCount" : 0,
  "retriesStatusChange" : false,
  "beforeStages" : [ ],
  "testStage" : {
    "status" : "broken",
    "statusMessage" : "TC238-Failed-->Reason: Error: element (\"//android.widget.TextView[@content-desc=\"smName\"]/../../android.view.ViewGroup[1]\") still not displayed after 10000ms",
    "statusTrace" : "AssertionError [ERR_ASSERTION]: TC238-Failed-->Reason: Error: element (\"//android.widget.TextView[@content-desc=\"smName\"]/../../android.view.ViewGroup[1]\") still not displayed after 10000ms\n                    at Context.<anonymous> (/Users/vagrant/git/Mobile-Automation/src/specs/androidNative/completeTestSuite.spec.js:92:32)",
    "steps" : [ {
      "name" : "\"before each\" hook for Complete Test Suite",
      "time" : {
        "start" : 1653836406109,
        "stop" : 1653836427441,
        "duration" : 21332
      },
      "status" : "passed",
      "steps" : [ ],
      "attachments" : [ ],
      "parameters" : [ ],
      "stepsCount" : 0,
      "attachmentsCount" : 0,
      "shouldDisplayMessage" : false,
      "hasContent" : false
    }, {
      "name" : "\"after each\" hook for Complete Test Suite",
      "time" : {
        "start" : 1653836448535,
        "stop" : 1653836449663,
        "duration" : 1128
      },
      "status" : "passed",
      "steps" : [ ],
      "attachments" : [ ],
      "parameters" : [ ],
      "stepsCount" : 0,
      "attachmentsCount" : 0,
      "shouldDisplayMessage" : false,
      "hasContent" : false
    } ],
    "attachments" : [ {
      "uid" : "2483d7cfb2355e99",
      "name" : "Screenshot",
      "source" : "2483d7cfb2355e99.png",
      "type" : "image/png",
      "size" : 180934
    } ],
    "parameters" : [ ],
    "stepsCount" : 2,
    "attachmentsCount" : 1,
    "shouldDisplayMessage" : true,
    "hasContent" : true
  },
  "afterStages" : [ ],
  "labels" : [ {
    "name" : "framework",
    "value" : "wdio"
  }, {
    "name" : "language",
    "value" : "javascript"
  }, {
    "name" : "thread",
    "value" : "0-0"
  }, {
    "name" : "suite",
    "value" : "Complete Test Suite"
  }, {
    "name" : "testClass",
    "value" : "Complete Test Suite"
  }, {
    "name" : "testMethod",
    "value" : "TC238 - Verify that user uis able to see the profile information on the left panel"
  }, {
    "name" : "package",
    "value" : "Complete Test Suite"
  }, {
    "name" : "resultFormat",
    "value" : "allure1"
  } ],
  "parameters" : [ {
    "name" : "device",
    "value" : "google pixel 3-9.0"
  } ],
  "links" : [ ],
  "hidden" : false,
  "retry" : false,
  "extra" : {
    "severity" : "normal",
    "retries" : [ ],
    "categories" : [ {
      "name" : "Test defects",
      "matchedStatuses" : [ ],
      "flaky" : false
    } ],
    "tags" : [ ]
  },
  "source" : "4d52f07d4d33e2f8.json",
  "parameterValues" : [ "google pixel 3-9.0" ]
}