{
  "uid" : "ed7fe9b165f70f6a",
  "name" : "TC736 - Verify that on Compose mail page , the \"From field\" is empty.",
  "fullName" : "Complete Test Suite.TC736 - Verify that on Compose mail page , the \"From field\" is empty.",
  "historyId" : "ef280ab21550a4dddc82011f49c3ef8a",
  "time" : {
    "start" : 1656067599043,
    "stop" : 1656067653381,
    "duration" : 54338
  },
  "description" : "",
  "descriptionHtml" : "",
  "status" : "broken",
  "statusMessage" : "TC735-Failed-->Reason: Error: element (\"~v 2.2.0\") still not displayed after 10000ms",
  "statusTrace" : "AssertionError [ERR_ASSERTION]: TC735-Failed-->Reason: Error: element (\"~v 2.2.0\") still not displayed after 10000ms\n                    at Context.<anonymous> (/Users/vagrant/git/Mobile-Automation/src/specs/iosSpec/completeTestSuite.spec.js:207:32)",
  "flaky" : false,
  "newFailed" : false,
  "newBroken" : false,
  "newPassed" : false,
  "retriesCount" : 0,
  "retriesStatusChange" : false,
  "beforeStages" : [ ],
  "testStage" : {
    "status" : "broken",
    "statusMessage" : "TC735-Failed-->Reason: Error: element (\"~v 2.2.0\") still not displayed after 10000ms",
    "statusTrace" : "AssertionError [ERR_ASSERTION]: TC735-Failed-->Reason: Error: element (\"~v 2.2.0\") still not displayed after 10000ms\n                    at Context.<anonymous> (/Users/vagrant/git/Mobile-Automation/src/specs/iosSpec/completeTestSuite.spec.js:207:32)",
    "steps" : [ {
      "name" : "\"before each\" hook for Complete Test Suite",
      "time" : {
        "start" : 1656067599044,
        "stop" : 1656067642389,
        "duration" : 43345
      },
      "status" : "passed",
      "steps" : [ ],
      "attachments" : [ ],
      "parameters" : [ ],
      "stepsCount" : 0,
      "attachmentsCount" : 0,
      "shouldDisplayMessage" : false,
      "hasContent" : false
    }, {
      "name" : "\"after each\" hook for Complete Test Suite",
      "time" : {
        "start" : 1656067653382,
        "stop" : 1656067654543,
        "duration" : 1161
      },
      "status" : "passed",
      "steps" : [ ],
      "attachments" : [ ],
      "parameters" : [ ],
      "stepsCount" : 0,
      "attachmentsCount" : 0,
      "shouldDisplayMessage" : false,
      "hasContent" : false
    } ],
    "attachments" : [ {
      "uid" : "e43f38bfb30965f4",
      "name" : "Screenshot",
      "source" : "e43f38bfb30965f4.png",
      "type" : "image/png",
      "size" : 891526
    } ],
    "parameters" : [ ],
    "stepsCount" : 2,
    "attachmentsCount" : 1,
    "shouldDisplayMessage" : true,
    "hasContent" : true
  },
  "afterStages" : [ ],
  "labels" : [ {
    "name" : "framework",
    "value" : "wdio"
  }, {
    "name" : "language",
    "value" : "javascript"
  }, {
    "name" : "thread",
    "value" : "0-0"
  }, {
    "name" : "suite",
    "value" : "Complete Test Suite"
  }, {
    "name" : "testClass",
    "value" : "Complete Test Suite"
  }, {
    "name" : "testMethod",
    "value" : "TC736 - Verify that on Compose mail page , the \"From field\" is empty."
  }, {
    "name" : "package",
    "value" : "Complete Test Suite"
  }, {
    "name" : "resultFormat",
    "value" : "allure1"
  } ],
  "parameters" : [ {
    "name" : "device",
    "value" : "iphone-15.0"
  } ],
  "links" : [ ],
  "hidden" : false,
  "retry" : false,
  "extra" : {
    "severity" : "normal",
    "retries" : [ ],
    "categories" : [ {
      "name" : "Test defects",
      "matchedStatuses" : [ ],
      "flaky" : false
    } ],
    "tags" : [ ]
  },
  "source" : "ed7fe9b165f70f6a.json",
  "parameterValues" : [ "iphone-15.0" ]
}