{
  "uid" : "d5c5c5e244230823",
  "name" : "TC571 - To verify the quoted in the Shared Draft screen",
  "fullName" : "Quoted Text.TC571 - To verify the quoted in the Shared Draft screen",
  "historyId" : "fa268a3b7a3a621ea785f075981153d8",
  "time" : {
    "start" : 1692890830651,
    "stop" : 1692890874975,
    "duration" : 44324
  },
  "description" : "",
  "descriptionHtml" : "",
  "status" : "broken",
  "statusMessage" : "TC571-Failed-->Reason: Error: element (\"//android.widget.EditText[@text = \"Compose\"]\") still not displayed after 10000ms",
  "statusTrace" : "AssertionError [ERR_ASSERTION]: TC571-Failed-->Reason: Error: element (\"//android.widget.EditText[@text = \"Compose\"]\") still not displayed after 10000ms\n                    at Context.<anonymous> (/Users/vagrant/git/Mobile-Automation/src/specs/androidNative/completeTestSuite2.spec.js:187:32)",
  "flaky" : false,
  "newFailed" : false,
  "beforeStages" : [ ],
  "testStage" : {
    "status" : "broken",
    "statusMessage" : "TC571-Failed-->Reason: Error: element (\"//android.widget.EditText[@text = \"Compose\"]\") still not displayed after 10000ms",
    "statusTrace" : "AssertionError [ERR_ASSERTION]: TC571-Failed-->Reason: Error: element (\"//android.widget.EditText[@text = \"Compose\"]\") still not displayed after 10000ms\n                    at Context.<anonymous> (/Users/vagrant/git/Mobile-Automation/src/specs/androidNative/completeTestSuite2.spec.js:187:32)",
    "steps" : [ {
      "name" : "\"before each\" hook for Quoted Text",
      "time" : {
        "start" : 1692890830651,
        "stop" : 1692890841592,
        "duration" : 10941
      },
      "status" : "passed",
      "steps" : [ ],
      "attachments" : [ ],
      "parameters" : [ ],
      "hasContent" : false,
      "stepsCount" : 0,
      "attachmentsCount" : 0,
      "shouldDisplayMessage" : false
    }, {
      "name" : "\"after each\" hook for Quoted Text",
      "time" : {
        "start" : 1692890874976,
        "stop" : 1692890875957,
        "duration" : 981
      },
      "status" : "passed",
      "steps" : [ ],
      "attachments" : [ ],
      "parameters" : [ ],
      "hasContent" : false,
      "stepsCount" : 0,
      "attachmentsCount" : 0,
      "shouldDisplayMessage" : false
    } ],
    "attachments" : [ {
      "uid" : "bb51fce616ec7abf",
      "name" : "Screenshot",
      "source" : "bb51fce616ec7abf.png",
      "type" : "image/png",
      "size" : 134562
    } ],
    "parameters" : [ ],
    "hasContent" : true,
    "stepsCount" : 2,
    "attachmentsCount" : 1,
    "shouldDisplayMessage" : true
  },
  "afterStages" : [ ],
  "labels" : [ {
    "name" : "framework",
    "value" : "wdio"
  }, {
    "name" : "language",
    "value" : "javascript"
  }, {
    "name" : "thread",
    "value" : "0-0"
  }, {
    "name" : "suite",
    "value" : "Quoted Text"
  }, {
    "name" : "testClass",
    "value" : "Quoted Text"
  }, {
    "name" : "testMethod",
    "value" : "TC571 - To verify the quoted in the Shared Draft screen"
  }, {
    "name" : "package",
    "value" : "Quoted Text"
  }, {
    "name" : "resultFormat",
    "value" : "allure1"
  } ],
  "parameters" : [ {
    "name" : "device",
    "value" : "google pixel 5-11.0"
  } ],
  "links" : [ ],
  "hidden" : false,
  "retry" : false,
  "extra" : {
    "severity" : "normal",
    "retries" : [ ],
    "categories" : [ {
      "name" : "Test defects",
      "matchedStatuses" : [ ],
      "flaky" : false
    } ],
    "tags" : [ ]
  },
  "source" : "d5c5c5e244230823.json",
  "parameterValues" : [ "google pixel 5-11.0" ]
}