{
  "uid" : "b525d488383c6b4c",
  "name" : "TC444 - To verify the \"Status\" drop up modal in expanded state is closed if user clicks outside the expanded state anywhere on the screen",
  "fullName" : "Status & Views.TC444 - To verify the \"Status\" drop up modal in expanded state is closed if user clicks outside the expanded state anywhere on the screen",
  "historyId" : "dfd4d42b4ad929a5fe023d27969b331a",
  "time" : {
    "start" : 1664789754226,
    "stop" : 1664789785563,
    "duration" : 31337
  },
  "description" : "",
  "descriptionHtml" : "",
  "status" : "broken",
  "statusMessage" : "TC444-Failed-->Reason: ReferenceError: status is not defined",
  "statusTrace" : "AssertionError [ERR_ASSERTION]: TC444-Failed-->Reason: ReferenceError: status is not defined\n                    at Context.<anonymous> (/Users/vagrant/git/Mobile-Automation/src/specs/androidNative/completeTestSuite2.spec.js:1486:32)",
  "flaky" : false,
  "newFailed" : false,
  "newBroken" : false,
  "newPassed" : false,
  "retriesCount" : 0,
  "retriesStatusChange" : false,
  "beforeStages" : [ ],
  "testStage" : {
    "status" : "broken",
    "statusMessage" : "TC444-Failed-->Reason: ReferenceError: status is not defined",
    "statusTrace" : "AssertionError [ERR_ASSERTION]: TC444-Failed-->Reason: ReferenceError: status is not defined\n                    at Context.<anonymous> (/Users/vagrant/git/Mobile-Automation/src/specs/androidNative/completeTestSuite2.spec.js:1486:32)",
    "steps" : [ {
      "name" : "\"before each\" hook for Status & Views",
      "time" : {
        "start" : 1664789754226,
        "stop" : 1664789765693,
        "duration" : 11467
      },
      "status" : "passed",
      "steps" : [ ],
      "attachments" : [ ],
      "parameters" : [ ],
      "hasContent" : false,
      "stepsCount" : 0,
      "attachmentsCount" : 0,
      "shouldDisplayMessage" : false
    }, {
      "name" : "\"after each\" hook for Status & Views",
      "time" : {
        "start" : 1664789785563,
        "stop" : 1664789786823,
        "duration" : 1260
      },
      "status" : "passed",
      "steps" : [ ],
      "attachments" : [ ],
      "parameters" : [ ],
      "hasContent" : false,
      "stepsCount" : 0,
      "attachmentsCount" : 0,
      "shouldDisplayMessage" : false
    } ],
    "attachments" : [ {
      "uid" : "4c2f76377750c1e4",
      "name" : "Screenshot",
      "source" : "4c2f76377750c1e4.png",
      "type" : "image/png",
      "size" : 121418
    } ],
    "parameters" : [ ],
    "hasContent" : true,
    "stepsCount" : 2,
    "attachmentsCount" : 1,
    "shouldDisplayMessage" : true
  },
  "afterStages" : [ ],
  "labels" : [ {
    "name" : "framework",
    "value" : "wdio"
  }, {
    "name" : "language",
    "value" : "javascript"
  }, {
    "name" : "thread",
    "value" : "0-0"
  }, {
    "name" : "suite",
    "value" : "Status & Views"
  }, {
    "name" : "testClass",
    "value" : "Status & Views"
  }, {
    "name" : "testMethod",
    "value" : "TC444 - To verify the \"Status\" drop up modal in expanded state is closed if user clicks outside the expanded state anywhere on the screen"
  }, {
    "name" : "package",
    "value" : "Status & Views"
  }, {
    "name" : "resultFormat",
    "value" : "allure1"
  } ],
  "parameters" : [ {
    "name" : "device",
    "value" : "google pixel 3-9.0"
  } ],
  "links" : [ ],
  "hidden" : false,
  "retry" : false,
  "extra" : {
    "severity" : "normal",
    "retries" : [ ],
    "categories" : [ {
      "name" : "Test defects",
      "matchedStatuses" : [ ],
      "flaky" : false
    } ],
    "tags" : [ ]
  },
  "source" : "b525d488383c6b4c.json",
  "parameterValues" : [ "google pixel 3-9.0" ]
}