{
  "uid" : "844d5289adeeeca",
  "name" : "TC696 - To verify the first name of the SM member who is created the public permalink is displayed below the popup modal",
  "fullName" : "Complete Test Suite.TC696 - To verify the first name of the SM member who is created the public permalink is displayed below the popup modal",
  "historyId" : "36eccb043942cbd72c03bd642caf1a9d",
  "time" : {
    "start" : 1658507068657,
    "stop" : 1658507108812,
    "duration" : 40155
  },
  "description" : "",
  "descriptionHtml" : "",
  "status" : "broken",
  "statusMessage" : "TC696-Failed-->Reason: Error: element (\"//android.widget.EditText[@text=\"Select an email address\"]\") still not displayed after 10000ms",
  "statusTrace" : "AssertionError [ERR_ASSERTION]: TC696-Failed-->Reason: Error: element (\"//android.widget.EditText[@text=\"Select an email address\"]\") still not displayed after 10000ms\n                    at Context.<anonymous> (/Users/vagrant/git/Mobile-Automation/src/specs/androidNative/completeTestSuite2.spec.js:476:32)",
  "flaky" : false,
  "newFailed" : false,
  "newBroken" : false,
  "newPassed" : false,
  "retriesCount" : 0,
  "retriesStatusChange" : false,
  "beforeStages" : [ ],
  "testStage" : {
    "status" : "broken",
    "statusMessage" : "TC696-Failed-->Reason: Error: element (\"//android.widget.EditText[@text=\"Select an email address\"]\") still not displayed after 10000ms",
    "statusTrace" : "AssertionError [ERR_ASSERTION]: TC696-Failed-->Reason: Error: element (\"//android.widget.EditText[@text=\"Select an email address\"]\") still not displayed after 10000ms\n                    at Context.<anonymous> (/Users/vagrant/git/Mobile-Automation/src/specs/androidNative/completeTestSuite2.spec.js:476:32)",
    "steps" : [ {
      "name" : "\"before each\" hook for Complete Test Suite",
      "time" : {
        "start" : 1658507068657,
        "stop" : 1658507080174,
        "duration" : 11517
      },
      "status" : "passed",
      "steps" : [ ],
      "attachments" : [ ],
      "parameters" : [ ],
      "hasContent" : false,
      "stepsCount" : 0,
      "attachmentsCount" : 0,
      "shouldDisplayMessage" : false
    }, {
      "name" : "\"after each\" hook for Complete Test Suite",
      "time" : {
        "start" : 1658507108812,
        "stop" : 1658507110097,
        "duration" : 1285
      },
      "status" : "passed",
      "steps" : [ ],
      "attachments" : [ ],
      "parameters" : [ ],
      "hasContent" : false,
      "stepsCount" : 0,
      "attachmentsCount" : 0,
      "shouldDisplayMessage" : false
    } ],
    "attachments" : [ {
      "uid" : "2e67f007fa55e2b5",
      "name" : "Screenshot",
      "source" : "2e67f007fa55e2b5.png",
      "type" : "image/png",
      "size" : 89877
    } ],
    "parameters" : [ ],
    "hasContent" : true,
    "stepsCount" : 2,
    "attachmentsCount" : 1,
    "shouldDisplayMessage" : true
  },
  "afterStages" : [ ],
  "labels" : [ {
    "name" : "framework",
    "value" : "wdio"
  }, {
    "name" : "language",
    "value" : "javascript"
  }, {
    "name" : "thread",
    "value" : "0-0"
  }, {
    "name" : "suite",
    "value" : "Complete Test Suite"
  }, {
    "name" : "testClass",
    "value" : "Complete Test Suite"
  }, {
    "name" : "testMethod",
    "value" : "TC696 - To verify the first name of the SM member who is created the public permalink is displayed below the popup modal"
  }, {
    "name" : "package",
    "value" : "Complete Test Suite"
  }, {
    "name" : "resultFormat",
    "value" : "allure1"
  } ],
  "parameters" : [ {
    "name" : "device",
    "value" : "google pixel 3-9.0"
  } ],
  "links" : [ ],
  "hidden" : false,
  "retry" : false,
  "extra" : {
    "severity" : "normal",
    "retries" : [ ],
    "categories" : [ {
      "name" : "Test defects",
      "matchedStatuses" : [ ],
      "flaky" : false
    } ],
    "tags" : [ ]
  },
  "source" : "844d5289adeeeca.json",
  "parameterValues" : [ "google pixel 3-9.0" ]
}