{
  "uid" : "5d35875b01fd3ec1",
  "name" : "TC735 - To verify \"Compose\" page is displayed when clicked on \"Compose\" button in left drawer panel.",
  "fullName" : "Complete Test Suite.TC735 - To verify \"Compose\" page is displayed when clicked on \"Compose\" button in left drawer panel.",
  "historyId" : "cf3f6f73598bc7128d3250b658ed4229",
  "time" : {
    "start" : 1657045423376,
    "stop" : 1657045486366,
    "duration" : 62990
  },
  "description" : "",
  "descriptionHtml" : "",
  "status" : "broken",
  "statusMessage" : "TC735-Failed-->Reason: Error: Can't call addValue on element with selector \"~Email\" because element wasn't found",
  "statusTrace" : "AssertionError [ERR_ASSERTION]: TC735-Failed-->Reason: Error: Can't call addValue on element with selector \"~Email\" because element wasn't found\n                    at Context.<anonymous> (/Users/vagrant/git/Mobile-Automation/src/specs/iosSpec/completeTestSuite.spec.js:196:32)",
  "flaky" : false,
  "newFailed" : false,
  "newBroken" : false,
  "newPassed" : false,
  "retriesCount" : 0,
  "retriesStatusChange" : false,
  "beforeStages" : [ ],
  "testStage" : {
    "status" : "broken",
    "statusMessage" : "TC735-Failed-->Reason: Error: Can't call addValue on element with selector \"~Email\" because element wasn't found",
    "statusTrace" : "AssertionError [ERR_ASSERTION]: TC735-Failed-->Reason: Error: Can't call addValue on element with selector \"~Email\" because element wasn't found\n                    at Context.<anonymous> (/Users/vagrant/git/Mobile-Automation/src/specs/iosSpec/completeTestSuite.spec.js:196:32)",
    "steps" : [ {
      "name" : "\"before each\" hook for Complete Test Suite",
      "time" : {
        "start" : 1657045423376,
        "stop" : 1657045466699,
        "duration" : 43323
      },
      "status" : "passed",
      "steps" : [ ],
      "attachments" : [ ],
      "parameters" : [ ],
      "stepsCount" : 0,
      "attachmentsCount" : 0,
      "shouldDisplayMessage" : false,
      "hasContent" : false
    }, {
      "name" : "\"after each\" hook for Complete Test Suite",
      "time" : {
        "start" : 1657045486367,
        "stop" : 1657045487420,
        "duration" : 1053
      },
      "status" : "passed",
      "steps" : [ ],
      "attachments" : [ ],
      "parameters" : [ ],
      "stepsCount" : 0,
      "attachmentsCount" : 0,
      "shouldDisplayMessage" : false,
      "hasContent" : false
    } ],
    "attachments" : [ {
      "uid" : "64ab97e109aa0a5a",
      "name" : "Screenshot",
      "source" : "64ab97e109aa0a5a.png",
      "type" : "image/png",
      "size" : 890435
    } ],
    "parameters" : [ ],
    "stepsCount" : 2,
    "attachmentsCount" : 1,
    "shouldDisplayMessage" : true,
    "hasContent" : true
  },
  "afterStages" : [ ],
  "labels" : [ {
    "name" : "framework",
    "value" : "wdio"
  }, {
    "name" : "language",
    "value" : "javascript"
  }, {
    "name" : "thread",
    "value" : "0-0"
  }, {
    "name" : "suite",
    "value" : "Complete Test Suite"
  }, {
    "name" : "testClass",
    "value" : "Complete Test Suite"
  }, {
    "name" : "testMethod",
    "value" : "TC735 - To verify \"Compose\" page is displayed when clicked on \"Compose\" button in left drawer panel."
  }, {
    "name" : "package",
    "value" : "Complete Test Suite"
  }, {
    "name" : "resultFormat",
    "value" : "allure1"
  } ],
  "parameters" : [ {
    "name" : "device",
    "value" : "iphone-15.0"
  } ],
  "links" : [ ],
  "hidden" : false,
  "retry" : false,
  "extra" : {
    "severity" : "normal",
    "retries" : [ ],
    "categories" : [ {
      "name" : "Test defects",
      "matchedStatuses" : [ ],
      "flaky" : false
    } ],
    "tags" : [ ]
  },
  "source" : "5d35875b01fd3ec1.json",
  "parameterValues" : [ "iphone-15.0" ]
}