{
  "uid" : "ea78562f7f5d2180",
  "name" : "TC366 - To verify \"Search\" tab opens on click of \"Assign to\" text in Conversation page.",
  "fullName" : "Assignee.TC366 - To verify \"Search\" tab opens on click of \"Assign to\" text in Conversation page.",
  "historyId" : "b158f82091ed5e8bc496365b7ba9b98a",
  "time" : {
    "start" : 1679076064273,
    "stop" : 1679076087246,
    "duration" : 22973
  },
  "description" : "",
  "descriptionHtml" : "",
  "status" : "broken",
  "statusMessage" : "TC366-Failed-->Reason: Error: Can't call touchAction on element with selector \"//android.widget.TextView[contains(@text,\"v 2.\")]\" because element wasn't found",
  "statusTrace" : "AssertionError [ERR_ASSERTION]: TC366-Failed-->Reason: Error: Can't call touchAction on element with selector \"//android.widget.TextView[contains(@text,\"v 2.\")]\" because element wasn't found\n                    at Context.<anonymous> (/Users/vagrant/git/Mobile-Automation/src/specs/androidNative/completeTestSuite3.spec.js:683:32)",
  "flaky" : false,
  "newFailed" : false,
  "beforeStages" : [ ],
  "testStage" : {
    "status" : "broken",
    "statusMessage" : "TC366-Failed-->Reason: Error: Can't call touchAction on element with selector \"//android.widget.TextView[contains(@text,\"v 2.\")]\" because element wasn't found",
    "statusTrace" : "AssertionError [ERR_ASSERTION]: TC366-Failed-->Reason: Error: Can't call touchAction on element with selector \"//android.widget.TextView[contains(@text,\"v 2.\")]\" because element wasn't found\n                    at Context.<anonymous> (/Users/vagrant/git/Mobile-Automation/src/specs/androidNative/completeTestSuite3.spec.js:683:32)",
    "steps" : [ {
      "name" : "\"before each\" hook for Assignee",
      "time" : {
        "start" : 1679076064274,
        "stop" : 1679076076089,
        "duration" : 11815
      },
      "status" : "passed",
      "steps" : [ ],
      "attachments" : [ ],
      "parameters" : [ ],
      "stepsCount" : 0,
      "attachmentsCount" : 0,
      "shouldDisplayMessage" : false,
      "hasContent" : false
    }, {
      "name" : "\"after each\" hook for Assignee",
      "time" : {
        "start" : 1679076087246,
        "stop" : 1679076087528,
        "duration" : 282
      },
      "status" : "failed",
      "steps" : [ ],
      "attachments" : [ ],
      "parameters" : [ ],
      "stepsCount" : 0,
      "attachmentsCount" : 0,
      "shouldDisplayMessage" : false,
      "hasContent" : false
    } ],
    "attachments" : [ {
      "uid" : "6e16a30f75de09e2",
      "name" : "Screenshot",
      "source" : "6e16a30f75de09e2.png",
      "type" : "image/png",
      "size" : 136293
    } ],
    "parameters" : [ ],
    "stepsCount" : 2,
    "attachmentsCount" : 1,
    "shouldDisplayMessage" : true,
    "hasContent" : true
  },
  "afterStages" : [ ],
  "labels" : [ {
    "name" : "framework",
    "value" : "wdio"
  }, {
    "name" : "language",
    "value" : "javascript"
  }, {
    "name" : "thread",
    "value" : "0-0"
  }, {
    "name" : "suite",
    "value" : "Assignee"
  }, {
    "name" : "testClass",
    "value" : "Assignee"
  }, {
    "name" : "testMethod",
    "value" : "TC366 - To verify \"Search\" tab opens on click of \"Assign to\" text in Conversation page."
  }, {
    "name" : "package",
    "value" : "Assignee"
  }, {
    "name" : "resultFormat",
    "value" : "allure1"
  } ],
  "parameters" : [ {
    "name" : "device",
    "value" : "google pixel 3-9.0"
  } ],
  "links" : [ ],
  "hidden" : false,
  "retry" : false,
  "extra" : {
    "severity" : "normal",
    "retries" : [ {
      "uid" : "375b71ee01998c10",
      "status" : "passed",
      "time" : {
        "start" : 1679075074784,
        "stop" : 1679075110081,
        "duration" : 35297
      }
    } ],
    "categories" : [ {
      "name" : "Test defects",
      "matchedStatuses" : [ ],
      "flaky" : false
    } ],
    "tags" : [ ]
  },
  "source" : "ea78562f7f5d2180.json",
  "parameterValues" : [ "google pixel 3-9.0" ]
}