{
  "uid" : "fd10d506c1a5eada",
  "name" : "TC697 - To verify the first name of the SM member who is created the public permalink is displayed below the popup modal",
  "fullName" : "Permalinks.TC697 - To verify the first name of the SM member who is created the public permalink is displayed below the popup modal",
  "historyId" : "cc8b5c7b939b3fcb444fc717874c77de",
  "time" : {
    "start" : 1689265521719,
    "stop" : 1689265546347,
    "duration" : 24628
  },
  "description" : "",
  "descriptionHtml" : "",
  "status" : "broken",
  "statusMessage" : "TC697-Failed-->Reason: Error: Can't call touchAction on element with selector \"//android.widget.TextView[contains(@text,\"v 2.\")]\" because element wasn't found",
  "statusTrace" : "AssertionError [ERR_ASSERTION]: TC697-Failed-->Reason: Error: Can't call touchAction on element with selector \"//android.widget.TextView[contains(@text,\"v 2.\")]\" because element wasn't found\n                    at Context.<anonymous> (/Users/vagrant/git/Mobile-Automation/src/specs/androidNative/completeTestSuite2.spec.js:1216:32)",
  "flaky" : false,
  "newFailed" : false,
  "beforeStages" : [ ],
  "testStage" : {
    "status" : "broken",
    "statusMessage" : "TC697-Failed-->Reason: Error: Can't call touchAction on element with selector \"//android.widget.TextView[contains(@text,\"v 2.\")]\" because element wasn't found",
    "statusTrace" : "AssertionError [ERR_ASSERTION]: TC697-Failed-->Reason: Error: Can't call touchAction on element with selector \"//android.widget.TextView[contains(@text,\"v 2.\")]\" because element wasn't found\n                    at Context.<anonymous> (/Users/vagrant/git/Mobile-Automation/src/specs/androidNative/completeTestSuite2.spec.js:1216:32)",
    "steps" : [ {
      "name" : "\"before each\" hook for Permalinks",
      "time" : {
        "start" : 1689265521719,
        "stop" : 1689265532791,
        "duration" : 11072
      },
      "status" : "passed",
      "steps" : [ ],
      "attachments" : [ ],
      "parameters" : [ ],
      "stepsCount" : 0,
      "attachmentsCount" : 0,
      "shouldDisplayMessage" : false,
      "hasContent" : false
    }, {
      "name" : "\"after each\" hook for Permalinks",
      "time" : {
        "start" : 1689265546347,
        "stop" : 1689265547433,
        "duration" : 1086
      },
      "status" : "passed",
      "steps" : [ ],
      "attachments" : [ ],
      "parameters" : [ ],
      "stepsCount" : 0,
      "attachmentsCount" : 0,
      "shouldDisplayMessage" : false,
      "hasContent" : false
    } ],
    "attachments" : [ {
      "uid" : "4da850e757cee376",
      "name" : "Screenshot",
      "source" : "4da850e757cee376.png",
      "type" : "image/png",
      "size" : 2675068
    } ],
    "parameters" : [ ],
    "stepsCount" : 2,
    "attachmentsCount" : 1,
    "shouldDisplayMessage" : true,
    "hasContent" : true
  },
  "afterStages" : [ ],
  "labels" : [ {
    "name" : "framework",
    "value" : "wdio"
  }, {
    "name" : "language",
    "value" : "javascript"
  }, {
    "name" : "thread",
    "value" : "0-0"
  }, {
    "name" : "suite",
    "value" : "Permalinks"
  }, {
    "name" : "testClass",
    "value" : "Permalinks"
  }, {
    "name" : "testMethod",
    "value" : "TC697 - To verify the first name of the SM member who is created the public permalink is displayed below the popup modal"
  }, {
    "name" : "package",
    "value" : "Permalinks"
  }, {
    "name" : "resultFormat",
    "value" : "allure1"
  } ],
  "parameters" : [ {
    "name" : "device",
    "value" : "google pixel 3-9.0"
  } ],
  "links" : [ ],
  "hidden" : false,
  "retry" : false,
  "extra" : {
    "severity" : "normal",
    "retries" : [ ],
    "categories" : [ {
      "name" : "Test defects",
      "matchedStatuses" : [ ],
      "flaky" : false
    } ],
    "tags" : [ ]
  },
  "source" : "fd10d506c1a5eada.json",
  "parameterValues" : [ "google pixel 3-9.0" ]
}