{
  "uid" : "8f03b597487efbd8",
  "name" : "TC758 - To verify if user clicks on the \"Public Permalink\", he/she taken to the webpage even if the app is installed.",
  "fullName" : "Permalinks.TC758 - To verify if user clicks on the \"Public Permalink\", he/she taken to the webpage even if the app is installed.",
  "historyId" : "8584923942e34d5e24cb74a487229657",
  "time" : {
    "start" : 1680194398363,
    "stop" : 1680194424026,
    "duration" : 25663
  },
  "description" : "",
  "descriptionHtml" : "",
  "status" : "broken",
  "statusMessage" : "TC758-Failed-->Reason: Error: Can't call touchAction on element with selector \"//android.widget.TextView[contains(@text,\"v 2.\")]\" because element wasn't found",
  "statusTrace" : "AssertionError [ERR_ASSERTION]: TC758-Failed-->Reason: Error: Can't call touchAction on element with selector \"//android.widget.TextView[contains(@text,\"v 2.\")]\" because element wasn't found\n                    at Context.<anonymous> (/Users/vagrant/git/Mobile-Automation/src/specs/androidNative/completeTestSuite2.spec.js:1102:32)",
  "flaky" : false,
  "newFailed" : false,
  "beforeStages" : [ ],
  "testStage" : {
    "status" : "broken",
    "statusMessage" : "TC758-Failed-->Reason: Error: Can't call touchAction on element with selector \"//android.widget.TextView[contains(@text,\"v 2.\")]\" because element wasn't found",
    "statusTrace" : "AssertionError [ERR_ASSERTION]: TC758-Failed-->Reason: Error: Can't call touchAction on element with selector \"//android.widget.TextView[contains(@text,\"v 2.\")]\" because element wasn't found\n                    at Context.<anonymous> (/Users/vagrant/git/Mobile-Automation/src/specs/androidNative/completeTestSuite2.spec.js:1102:32)",
    "steps" : [ {
      "name" : "\"before each\" hook for Permalinks",
      "time" : {
        "start" : 1680194398363,
        "stop" : 1680194409561,
        "duration" : 11198
      },
      "status" : "passed",
      "steps" : [ ],
      "attachments" : [ ],
      "parameters" : [ ],
      "stepsCount" : 0,
      "attachmentsCount" : 0,
      "shouldDisplayMessage" : false,
      "hasContent" : false
    }, {
      "name" : "\"after each\" hook for Permalinks",
      "time" : {
        "start" : 1680194424028,
        "stop" : 1680194425096,
        "duration" : 1068
      },
      "status" : "passed",
      "steps" : [ ],
      "attachments" : [ ],
      "parameters" : [ ],
      "stepsCount" : 0,
      "attachmentsCount" : 0,
      "shouldDisplayMessage" : false,
      "hasContent" : false
    } ],
    "attachments" : [ {
      "uid" : "74a3634016b1e2db",
      "name" : "Screenshot",
      "source" : "74a3634016b1e2db.png",
      "type" : "image/png",
      "size" : 2663341
    } ],
    "parameters" : [ ],
    "stepsCount" : 2,
    "attachmentsCount" : 1,
    "shouldDisplayMessage" : true,
    "hasContent" : true
  },
  "afterStages" : [ ],
  "labels" : [ {
    "name" : "framework",
    "value" : "wdio"
  }, {
    "name" : "language",
    "value" : "javascript"
  }, {
    "name" : "thread",
    "value" : "0-0"
  }, {
    "name" : "suite",
    "value" : "Permalinks"
  }, {
    "name" : "testClass",
    "value" : "Permalinks"
  }, {
    "name" : "testMethod",
    "value" : "TC758 - To verify if user clicks on the \"Public Permalink\", he/she taken to the webpage even if the app is installed."
  }, {
    "name" : "package",
    "value" : "Permalinks"
  }, {
    "name" : "resultFormat",
    "value" : "allure1"
  } ],
  "parameters" : [ {
    "name" : "device",
    "value" : "google pixel 3-9.0"
  } ],
  "links" : [ ],
  "hidden" : false,
  "retry" : false,
  "extra" : {
    "severity" : "normal",
    "retries" : [ ],
    "categories" : [ {
      "name" : "Test defects",
      "matchedStatuses" : [ ],
      "flaky" : false
    } ],
    "tags" : [ ]
  },
  "source" : "8f03b597487efbd8.json",
  "parameterValues" : [ "google pixel 3-9.0" ]
}