{
  "uid" : "751926cc7586444c",
  "name" : "TC104 - Verify that user can see the attachement icon in the list view of mail.",
  "fullName" : "Complete Test Suite.TC104 - Verify that user can see the attachement icon in the list view of mail.",
  "historyId" : "2b374209c12eb3b39ab20f94322ea1ea",
  "time" : {
    "start" : 1659195767140,
    "stop" : 1659195793044,
    "duration" : 25904
  },
  "description" : "",
  "descriptionHtml" : "",
  "status" : "broken",
  "statusMessage" : "TC104-Failed-->Reason: Error: Can't call click on element with selector \"//android.widget.Button[@content-desc=\"Close modal\"]\" because element wasn't found",
  "statusTrace" : "AssertionError [ERR_ASSERTION]: TC104-Failed-->Reason: Error: Can't call click on element with selector \"//android.widget.Button[@content-desc=\"Close modal\"]\" because element wasn't found\n                    at Context.<anonymous> (/Users/vagrant/git/Mobile-Automation/src/specs/androidNative/completeTestSuite.spec.js:1183:32)",
  "flaky" : false,
  "newFailed" : false,
  "newBroken" : false,
  "newPassed" : false,
  "retriesCount" : 0,
  "retriesStatusChange" : false,
  "beforeStages" : [ ],
  "testStage" : {
    "status" : "broken",
    "statusMessage" : "TC104-Failed-->Reason: Error: Can't call click on element with selector \"//android.widget.Button[@content-desc=\"Close modal\"]\" because element wasn't found",
    "statusTrace" : "AssertionError [ERR_ASSERTION]: TC104-Failed-->Reason: Error: Can't call click on element with selector \"//android.widget.Button[@content-desc=\"Close modal\"]\" because element wasn't found\n                    at Context.<anonymous> (/Users/vagrant/git/Mobile-Automation/src/specs/androidNative/completeTestSuite.spec.js:1183:32)",
    "steps" : [ {
      "name" : "\"before each\" hook for Complete Test Suite",
      "time" : {
        "start" : 1659195767140,
        "stop" : 1659195778172,
        "duration" : 11032
      },
      "status" : "passed",
      "steps" : [ ],
      "attachments" : [ ],
      "parameters" : [ ],
      "stepsCount" : 0,
      "attachmentsCount" : 0,
      "shouldDisplayMessage" : false,
      "hasContent" : false
    }, {
      "name" : "\"after each\" hook for Complete Test Suite",
      "time" : {
        "start" : 1659195793045,
        "stop" : 1659195794180,
        "duration" : 1135
      },
      "status" : "passed",
      "steps" : [ ],
      "attachments" : [ ],
      "parameters" : [ ],
      "stepsCount" : 0,
      "attachmentsCount" : 0,
      "shouldDisplayMessage" : false,
      "hasContent" : false
    } ],
    "attachments" : [ {
      "uid" : "6726c0e3b993552d",
      "name" : "Screenshot",
      "source" : "6726c0e3b993552d.png",
      "type" : "image/png",
      "size" : 240921
    } ],
    "parameters" : [ ],
    "stepsCount" : 2,
    "attachmentsCount" : 1,
    "shouldDisplayMessage" : true,
    "hasContent" : true
  },
  "afterStages" : [ ],
  "labels" : [ {
    "name" : "framework",
    "value" : "wdio"
  }, {
    "name" : "language",
    "value" : "javascript"
  }, {
    "name" : "thread",
    "value" : "0-0"
  }, {
    "name" : "suite",
    "value" : "Complete Test Suite"
  }, {
    "name" : "testClass",
    "value" : "Complete Test Suite"
  }, {
    "name" : "testMethod",
    "value" : "TC104 - Verify that user can see the attachement icon in the list view of mail."
  }, {
    "name" : "package",
    "value" : "Complete Test Suite"
  }, {
    "name" : "resultFormat",
    "value" : "allure1"
  } ],
  "parameters" : [ {
    "name" : "device",
    "value" : "google pixel 3-9.0"
  } ],
  "links" : [ ],
  "hidden" : false,
  "retry" : false,
  "extra" : {
    "severity" : "normal",
    "retries" : [ ],
    "categories" : [ {
      "name" : "Test defects",
      "matchedStatuses" : [ ],
      "flaky" : false
    } ],
    "tags" : [ ]
  },
  "source" : "751926cc7586444c.json",
  "parameterValues" : [ "google pixel 3-9.0" ]
}