{
  "uid" : "65a78d792e868500",
  "name" : "TC742 - Verify that user gets an error message on trying to send an email with empty \"From\" field",
  "fullName" : "Left and Right Panel Test Suite.TC742 - Verify that user gets an error message on trying to send an email with empty \"From\" field",
  "historyId" : "89f1d1af5dae362b85c3ed3ae553d926",
  "time" : {
    "start" : 1689432599691,
    "stop" : 1689432644039,
    "duration" : 44348
  },
  "description" : "",
  "descriptionHtml" : "",
  "status" : "broken",
  "statusMessage" : "TC742-Failed-->Reason: Error: element (\"//android.widget.TextView[@text = \"From field can’t be empty\"]\") still not displayed after 10000ms",
  "statusTrace" : "AssertionError [ERR_ASSERTION]: TC742-Failed-->Reason: Error: element (\"//android.widget.TextView[@text = \"From field can’t be empty\"]\") still not displayed after 10000ms\n                    at Context.<anonymous> (/Users/vagrant/git/Mobile-Automation/src/specs/androidNative/completeTestSuite.spec.js:267:32)",
  "flaky" : false,
  "newFailed" : false,
  "beforeStages" : [ ],
  "testStage" : {
    "status" : "broken",
    "statusMessage" : "TC742-Failed-->Reason: Error: element (\"//android.widget.TextView[@text = \"From field can’t be empty\"]\") still not displayed after 10000ms",
    "statusTrace" : "AssertionError [ERR_ASSERTION]: TC742-Failed-->Reason: Error: element (\"//android.widget.TextView[@text = \"From field can’t be empty\"]\") still not displayed after 10000ms\n                    at Context.<anonymous> (/Users/vagrant/git/Mobile-Automation/src/specs/androidNative/completeTestSuite.spec.js:267:32)",
    "steps" : [ {
      "name" : "\"before each\" hook for Left and Right Panel Test Suite",
      "time" : {
        "start" : 1689432599692,
        "stop" : 1689432611023,
        "duration" : 11331
      },
      "status" : "passed",
      "steps" : [ ],
      "attachments" : [ ],
      "parameters" : [ ],
      "hasContent" : false,
      "stepsCount" : 0,
      "attachmentsCount" : 0,
      "shouldDisplayMessage" : false
    }, {
      "name" : "\"after each\" hook for Left and Right Panel Test Suite",
      "time" : {
        "start" : 1689432644040,
        "stop" : 1689432645301,
        "duration" : 1261
      },
      "status" : "passed",
      "steps" : [ ],
      "attachments" : [ ],
      "parameters" : [ ],
      "hasContent" : false,
      "stepsCount" : 0,
      "attachmentsCount" : 0,
      "shouldDisplayMessage" : false
    } ],
    "attachments" : [ {
      "uid" : "de14a7fb867b39bd",
      "name" : "Screenshot",
      "source" : "de14a7fb867b39bd.png",
      "type" : "image/png",
      "size" : 69283
    } ],
    "parameters" : [ ],
    "hasContent" : true,
    "stepsCount" : 2,
    "attachmentsCount" : 1,
    "shouldDisplayMessage" : true
  },
  "afterStages" : [ ],
  "labels" : [ {
    "name" : "framework",
    "value" : "wdio"
  }, {
    "name" : "language",
    "value" : "javascript"
  }, {
    "name" : "thread",
    "value" : "0-0"
  }, {
    "name" : "suite",
    "value" : "Left and Right Panel Test Suite"
  }, {
    "name" : "testClass",
    "value" : "Left and Right Panel Test Suite"
  }, {
    "name" : "testMethod",
    "value" : "TC742 - Verify that user gets an error message on trying to send an email with empty \"From\" field"
  }, {
    "name" : "package",
    "value" : "Left and Right Panel Test Suite"
  }, {
    "name" : "resultFormat",
    "value" : "allure1"
  } ],
  "parameters" : [ {
    "name" : "device",
    "value" : "google pixel 3-9.0"
  } ],
  "links" : [ ],
  "hidden" : false,
  "retry" : false,
  "extra" : {
    "severity" : "normal",
    "retries" : [ ],
    "categories" : [ {
      "name" : "Test defects",
      "matchedStatuses" : [ ],
      "flaky" : false
    } ],
    "tags" : [ ]
  },
  "source" : "65a78d792e868500.json",
  "parameterValues" : [ "google pixel 3-9.0" ]
}