{
  "uid" : "1bebd1f3c2070077",
  "name" : "TC257 - Verify that user is able to compose and send an email with large content",
  "fullName" : "Complete Test Suite.TC257 - Verify that user is able to compose and send an email with large content",
  "historyId" : "da5f7c718aac8e7856ab462fd83279ab",
  "time" : {
    "start" : 1653664129317,
    "stop" : 1653664175507,
    "duration" : 46190
  },
  "description" : "",
  "descriptionHtml" : "",
  "status" : "broken",
  "statusMessage" : "TC257-Failed-->Reason: Error: element (\"//android.widget.TextView[@content-desc=\"smName\"]/../../android.view.ViewGroup[1]\") still not displayed after 10000ms",
  "statusTrace" : "AssertionError [ERR_ASSERTION]: TC257-Failed-->Reason: Error: element (\"//android.widget.TextView[@content-desc=\"smName\"]/../../android.view.ViewGroup[1]\") still not displayed after 10000ms\n                    at Context.<anonymous> (/Users/vagrant/git/Mobile-Automation/src/specs/androidNative/completeTestSuite.spec.js:216:32)",
  "flaky" : false,
  "newFailed" : false,
  "newBroken" : false,
  "newPassed" : false,
  "retriesCount" : 0,
  "retriesStatusChange" : false,
  "beforeStages" : [ ],
  "testStage" : {
    "status" : "broken",
    "statusMessage" : "TC257-Failed-->Reason: Error: element (\"//android.widget.TextView[@content-desc=\"smName\"]/../../android.view.ViewGroup[1]\") still not displayed after 10000ms",
    "statusTrace" : "AssertionError [ERR_ASSERTION]: TC257-Failed-->Reason: Error: element (\"//android.widget.TextView[@content-desc=\"smName\"]/../../android.view.ViewGroup[1]\") still not displayed after 10000ms\n                    at Context.<anonymous> (/Users/vagrant/git/Mobile-Automation/src/specs/androidNative/completeTestSuite.spec.js:216:32)",
    "steps" : [ {
      "name" : "\"before each\" hook for Complete Test Suite",
      "time" : {
        "start" : 1653664129318,
        "stop" : 1653664150728,
        "duration" : 21410
      },
      "status" : "passed",
      "steps" : [ ],
      "attachments" : [ ],
      "parameters" : [ ],
      "stepsCount" : 0,
      "attachmentsCount" : 0,
      "shouldDisplayMessage" : false,
      "hasContent" : false
    }, {
      "name" : "\"after each\" hook for Complete Test Suite",
      "time" : {
        "start" : 1653664175507,
        "stop" : 1653664176688,
        "duration" : 1181
      },
      "status" : "passed",
      "steps" : [ ],
      "attachments" : [ ],
      "parameters" : [ ],
      "stepsCount" : 0,
      "attachmentsCount" : 0,
      "shouldDisplayMessage" : false,
      "hasContent" : false
    } ],
    "attachments" : [ {
      "uid" : "438091ecdfc2b18d",
      "name" : "Screenshot",
      "source" : "438091ecdfc2b18d.png",
      "type" : "image/png",
      "size" : 181541
    } ],
    "parameters" : [ ],
    "stepsCount" : 2,
    "attachmentsCount" : 1,
    "shouldDisplayMessage" : true,
    "hasContent" : true
  },
  "afterStages" : [ ],
  "labels" : [ {
    "name" : "framework",
    "value" : "wdio"
  }, {
    "name" : "language",
    "value" : "javascript"
  }, {
    "name" : "thread",
    "value" : "0-0"
  }, {
    "name" : "suite",
    "value" : "Complete Test Suite"
  }, {
    "name" : "testClass",
    "value" : "Complete Test Suite"
  }, {
    "name" : "testMethod",
    "value" : "TC257 - Verify that user is able to compose and send an email with large content"
  }, {
    "name" : "package",
    "value" : "Complete Test Suite"
  }, {
    "name" : "resultFormat",
    "value" : "allure1"
  } ],
  "parameters" : [ {
    "name" : "device",
    "value" : "google pixel 3-9.0"
  } ],
  "links" : [ ],
  "hidden" : false,
  "retry" : false,
  "extra" : {
    "severity" : "normal",
    "retries" : [ ],
    "categories" : [ {
      "name" : "Test defects",
      "matchedStatuses" : [ ],
      "flaky" : false
    } ],
    "tags" : [ ]
  },
  "source" : "1bebd1f3c2070077.json",
  "parameterValues" : [ "google pixel 3-9.0" ]
}