{
  "uid" : "a622d94dc2690eca",
  "name" : "TC248 - Verify user should be able to add Subject, To, Cc, Bcc fields",
  "fullName" : "Complete Test Suite.TC248 - Verify user should be able to add Subject, To, Cc, Bcc fields",
  "historyId" : "9a0e9d24faf87a2a8151ffdfcb3b14a4",
  "time" : {
    "start" : 1653663992563,
    "stop" : 1653664038075,
    "duration" : 45512
  },
  "description" : "",
  "descriptionHtml" : "",
  "status" : "broken",
  "statusMessage" : "TC248-Failed-->Reason: Error: element (\"//android.widget.TextView[@content-desc=\"smName\"]/../../android.view.ViewGroup[1]\") still not displayed after 10000ms",
  "statusTrace" : "AssertionError [ERR_ASSERTION]: TC248-Failed-->Reason: Error: element (\"//android.widget.TextView[@content-desc=\"smName\"]/../../android.view.ViewGroup[1]\") still not displayed after 10000ms\n                    at Context.<anonymous> (/Users/vagrant/git/Mobile-Automation/src/specs/androidNative/completeTestSuite.spec.js:157:32)",
  "flaky" : false,
  "newFailed" : false,
  "newBroken" : false,
  "newPassed" : false,
  "retriesCount" : 0,
  "retriesStatusChange" : false,
  "beforeStages" : [ ],
  "testStage" : {
    "status" : "broken",
    "statusMessage" : "TC248-Failed-->Reason: Error: element (\"//android.widget.TextView[@content-desc=\"smName\"]/../../android.view.ViewGroup[1]\") still not displayed after 10000ms",
    "statusTrace" : "AssertionError [ERR_ASSERTION]: TC248-Failed-->Reason: Error: element (\"//android.widget.TextView[@content-desc=\"smName\"]/../../android.view.ViewGroup[1]\") still not displayed after 10000ms\n                    at Context.<anonymous> (/Users/vagrant/git/Mobile-Automation/src/specs/androidNative/completeTestSuite.spec.js:157:32)",
    "steps" : [ {
      "name" : "\"before each\" hook for Complete Test Suite",
      "time" : {
        "start" : 1653663992564,
        "stop" : 1653664014103,
        "duration" : 21539
      },
      "status" : "passed",
      "steps" : [ ],
      "attachments" : [ ],
      "parameters" : [ ],
      "stepsCount" : 0,
      "attachmentsCount" : 0,
      "shouldDisplayMessage" : false,
      "hasContent" : false
    }, {
      "name" : "\"after each\" hook for Complete Test Suite",
      "time" : {
        "start" : 1653664038076,
        "stop" : 1653664039248,
        "duration" : 1172
      },
      "status" : "passed",
      "steps" : [ ],
      "attachments" : [ ],
      "parameters" : [ ],
      "stepsCount" : 0,
      "attachmentsCount" : 0,
      "shouldDisplayMessage" : false,
      "hasContent" : false
    } ],
    "attachments" : [ {
      "uid" : "4c5d69f825cac70",
      "name" : "Screenshot",
      "source" : "4c5d69f825cac70.png",
      "type" : "image/png",
      "size" : 181119
    } ],
    "parameters" : [ ],
    "stepsCount" : 2,
    "attachmentsCount" : 1,
    "shouldDisplayMessage" : true,
    "hasContent" : true
  },
  "afterStages" : [ ],
  "labels" : [ {
    "name" : "framework",
    "value" : "wdio"
  }, {
    "name" : "language",
    "value" : "javascript"
  }, {
    "name" : "thread",
    "value" : "0-0"
  }, {
    "name" : "suite",
    "value" : "Complete Test Suite"
  }, {
    "name" : "testClass",
    "value" : "Complete Test Suite"
  }, {
    "name" : "testMethod",
    "value" : "TC248 - Verify user should be able to add Subject, To, Cc, Bcc fields"
  }, {
    "name" : "package",
    "value" : "Complete Test Suite"
  }, {
    "name" : "resultFormat",
    "value" : "allure1"
  } ],
  "parameters" : [ {
    "name" : "device",
    "value" : "google pixel 3-9.0"
  } ],
  "links" : [ ],
  "hidden" : false,
  "retry" : false,
  "extra" : {
    "severity" : "normal",
    "retries" : [ ],
    "categories" : [ {
      "name" : "Test defects",
      "matchedStatuses" : [ ],
      "flaky" : false
    } ],
    "tags" : [ ]
  },
  "source" : "a622d94dc2690eca.json",
  "parameterValues" : [ "google pixel 3-9.0" ]
}