{
  "uid" : "70de3c40c6ed6c78",
  "name" : "TC434 - To verify Unassigned \"View\" floater button is present along with the views count when user logs in the app every time by default",
  "fullName" : "Status & Views.TC434 - To verify Unassigned \"View\" floater button is present along with the views count when user logs in the app every time by default",
  "historyId" : "1a776db72a7ad0108c4876ba1afd9f7d",
  "time" : {
    "start" : 1683309444527,
    "stop" : 1683309467301,
    "duration" : 22774
  },
  "description" : "",
  "descriptionHtml" : "",
  "status" : "broken",
  "statusMessage" : "TC434-Failed-->Reason: Error: Can't call touchAction on element with selector \"//android.widget.TextView[contains(@text,\"v 2.\")]\" because element wasn't found",
  "statusTrace" : "AssertionError [ERR_ASSERTION]: TC434-Failed-->Reason: Error: Can't call touchAction on element with selector \"//android.widget.TextView[contains(@text,\"v 2.\")]\" because element wasn't found\n                    at Context.<anonymous> (/Users/vagrant/git/Mobile-Automation/src/specs/androidNative/completeTestSuite3.spec.js:889:32)",
  "flaky" : false,
  "newFailed" : false,
  "beforeStages" : [ ],
  "testStage" : {
    "status" : "broken",
    "statusMessage" : "TC434-Failed-->Reason: Error: Can't call touchAction on element with selector \"//android.widget.TextView[contains(@text,\"v 2.\")]\" because element wasn't found",
    "statusTrace" : "AssertionError [ERR_ASSERTION]: TC434-Failed-->Reason: Error: Can't call touchAction on element with selector \"//android.widget.TextView[contains(@text,\"v 2.\")]\" because element wasn't found\n                    at Context.<anonymous> (/Users/vagrant/git/Mobile-Automation/src/specs/androidNative/completeTestSuite3.spec.js:889:32)",
    "steps" : [ {
      "name" : "\"before each\" hook for Status & Views",
      "time" : {
        "start" : 1683309444527,
        "stop" : 1683309456366,
        "duration" : 11839
      },
      "status" : "passed",
      "steps" : [ ],
      "attachments" : [ ],
      "parameters" : [ ],
      "hasContent" : false,
      "stepsCount" : 0,
      "attachmentsCount" : 0,
      "shouldDisplayMessage" : false
    }, {
      "name" : "\"after each\" hook for Status & Views",
      "time" : {
        "start" : 1683309467301,
        "stop" : 1683309467606,
        "duration" : 305
      },
      "status" : "failed",
      "steps" : [ ],
      "attachments" : [ ],
      "parameters" : [ ],
      "hasContent" : false,
      "stepsCount" : 0,
      "attachmentsCount" : 0,
      "shouldDisplayMessage" : false
    } ],
    "attachments" : [ {
      "uid" : "3259f50b788e32fb",
      "name" : "Screenshot",
      "source" : "3259f50b788e32fb.png",
      "type" : "image/png",
      "size" : 134819
    } ],
    "parameters" : [ ],
    "hasContent" : true,
    "stepsCount" : 2,
    "attachmentsCount" : 1,
    "shouldDisplayMessage" : true
  },
  "afterStages" : [ ],
  "labels" : [ {
    "name" : "framework",
    "value" : "wdio"
  }, {
    "name" : "language",
    "value" : "javascript"
  }, {
    "name" : "thread",
    "value" : "0-0"
  }, {
    "name" : "suite",
    "value" : "Status & Views"
  }, {
    "name" : "testClass",
    "value" : "Status & Views"
  }, {
    "name" : "testMethod",
    "value" : "TC434 - To verify Unassigned \"View\" floater button is present along with the views count when user logs in the app every time by default"
  }, {
    "name" : "package",
    "value" : "Status & Views"
  }, {
    "name" : "resultFormat",
    "value" : "allure1"
  } ],
  "parameters" : [ {
    "name" : "device",
    "value" : "google pixel 3-9.0"
  } ],
  "links" : [ ],
  "hidden" : false,
  "retry" : false,
  "extra" : {
    "severity" : "normal",
    "retries" : [ {
      "uid" : "30ec928b035a3f94",
      "status" : "passed",
      "time" : {
        "start" : 1683309054003,
        "stop" : 1683309081629,
        "duration" : 27626
      }
    }, {
      "uid" : "3e4c36cfa7de45d2",
      "status" : "passed",
      "time" : {
        "start" : 1683305373591,
        "stop" : 1683305402243,
        "duration" : 28652
      }
    } ],
    "categories" : [ {
      "name" : "Test defects",
      "matchedStatuses" : [ ],
      "flaky" : false
    } ],
    "tags" : [ ]
  },
  "source" : "70de3c40c6ed6c78.json",
  "parameterValues" : [ "google pixel 3-9.0" ]
}