{
  "uid" : "417d4ef58e1a3f7d",
  "name" : "TC584 - To check the quoted text should not be the part of Shared Draft",
  "fullName" : "Quoted Text.TC584 - To check the quoted text should not be the part of Shared Draft",
  "historyId" : "a9bbf4295f65afff9593809889c7a255",
  "time" : {
    "start" : 1684771002142,
    "stop" : 1684771056478,
    "duration" : 54336
  },
  "description" : "",
  "descriptionHtml" : "",
  "status" : "broken",
  "statusMessage" : "TC584-Failed-->Reason: Error: element (\"~SDTitle\") still not displayed after 10000ms",
  "statusTrace" : "AssertionError [ERR_ASSERTION]: TC584-Failed-->Reason: Error: element (\"~SDTitle\") still not displayed after 10000ms\n                    at Context.<anonymous> (/Users/vagrant/git/Mobile-Automation/src/specs/androidNative/completeTestSuite2.spec.js:375:32)",
  "flaky" : false,
  "newFailed" : false,
  "beforeStages" : [ ],
  "testStage" : {
    "status" : "broken",
    "statusMessage" : "TC584-Failed-->Reason: Error: element (\"~SDTitle\") still not displayed after 10000ms",
    "statusTrace" : "AssertionError [ERR_ASSERTION]: TC584-Failed-->Reason: Error: element (\"~SDTitle\") still not displayed after 10000ms\n                    at Context.<anonymous> (/Users/vagrant/git/Mobile-Automation/src/specs/androidNative/completeTestSuite2.spec.js:375:32)",
    "steps" : [ {
      "name" : "\"before each\" hook for Quoted Text",
      "time" : {
        "start" : 1684771002143,
        "stop" : 1684771013473,
        "duration" : 11330
      },
      "status" : "passed",
      "steps" : [ ],
      "attachments" : [ ],
      "parameters" : [ ],
      "hasContent" : false,
      "stepsCount" : 0,
      "attachmentsCount" : 0,
      "shouldDisplayMessage" : false
    }, {
      "name" : "\"after each\" hook for Quoted Text",
      "time" : {
        "start" : 1684771056478,
        "stop" : 1684771057657,
        "duration" : 1179
      },
      "status" : "passed",
      "steps" : [ ],
      "attachments" : [ ],
      "parameters" : [ ],
      "hasContent" : false,
      "stepsCount" : 0,
      "attachmentsCount" : 0,
      "shouldDisplayMessage" : false
    } ],
    "attachments" : [ {
      "uid" : "133a3125b6cd46de",
      "name" : "Screenshot",
      "source" : "133a3125b6cd46de.png",
      "type" : "image/png",
      "size" : 91941
    } ],
    "parameters" : [ ],
    "hasContent" : true,
    "stepsCount" : 2,
    "attachmentsCount" : 1,
    "shouldDisplayMessage" : true
  },
  "afterStages" : [ ],
  "labels" : [ {
    "name" : "framework",
    "value" : "wdio"
  }, {
    "name" : "language",
    "value" : "javascript"
  }, {
    "name" : "thread",
    "value" : "0-0"
  }, {
    "name" : "suite",
    "value" : "Quoted Text"
  }, {
    "name" : "testClass",
    "value" : "Quoted Text"
  }, {
    "name" : "testMethod",
    "value" : "TC584 - To check the quoted text should not be the part of Shared Draft"
  }, {
    "name" : "package",
    "value" : "Quoted Text"
  }, {
    "name" : "resultFormat",
    "value" : "allure1"
  } ],
  "parameters" : [ {
    "name" : "device",
    "value" : "google pixel 3-9.0"
  } ],
  "links" : [ ],
  "hidden" : false,
  "retry" : false,
  "extra" : {
    "severity" : "normal",
    "retries" : [ ],
    "categories" : [ {
      "name" : "Test defects",
      "matchedStatuses" : [ ],
      "flaky" : false
    } ],
    "tags" : [ ]
  },
  "source" : "417d4ef58e1a3f7d.json",
  "parameterValues" : [ "google pixel 3-9.0" ]
}