{
  "uid" : "e9d6b9eb7bd784fd",
  "name" : "TC565 - To verify user is able to collapse the quoted text by clicking on \"Hide Quoted Text\" link in compose screen.",
  "fullName" : "Quoted Text.TC565 - To verify user is able to collapse the quoted text by clicking on \"Hide Quoted Text\" link in compose screen.",
  "historyId" : "1396b543c451900a9cb7321fc5a1de44",
  "time" : {
    "start" : 1684940331731,
    "stop" : 1684940356487,
    "duration" : 24756
  },
  "description" : "",
  "descriptionHtml" : "",
  "status" : "broken",
  "statusMessage" : "TC565-Failed-->Reason: Error: Can't call touchAction on element with selector \"//android.widget.TextView[contains(@text,\"v 2.\")]\" because element wasn't found",
  "statusTrace" : "AssertionError [ERR_ASSERTION]: TC565-Failed-->Reason: Error: Can't call touchAction on element with selector \"//android.widget.TextView[contains(@text,\"v 2.\")]\" because element wasn't found\n                    at Context.<anonymous> (/Users/vagrant/git/Mobile-Automation/src/specs/androidNative/completeTestSuite2.spec.js:134:32)",
  "flaky" : false,
  "newFailed" : false,
  "beforeStages" : [ ],
  "testStage" : {
    "status" : "broken",
    "statusMessage" : "TC565-Failed-->Reason: Error: Can't call touchAction on element with selector \"//android.widget.TextView[contains(@text,\"v 2.\")]\" because element wasn't found",
    "statusTrace" : "AssertionError [ERR_ASSERTION]: TC565-Failed-->Reason: Error: Can't call touchAction on element with selector \"//android.widget.TextView[contains(@text,\"v 2.\")]\" because element wasn't found\n                    at Context.<anonymous> (/Users/vagrant/git/Mobile-Automation/src/specs/androidNative/completeTestSuite2.spec.js:134:32)",
    "steps" : [ {
      "name" : "\"before each\" hook for Quoted Text",
      "time" : {
        "start" : 1684940331731,
        "stop" : 1684940343147,
        "duration" : 11416
      },
      "status" : "passed",
      "steps" : [ ],
      "attachments" : [ ],
      "parameters" : [ ],
      "hasContent" : false,
      "stepsCount" : 0,
      "attachmentsCount" : 0,
      "shouldDisplayMessage" : false
    }, {
      "name" : "\"after each\" hook for Quoted Text",
      "time" : {
        "start" : 1684940356488,
        "stop" : 1684940357759,
        "duration" : 1271
      },
      "status" : "passed",
      "steps" : [ ],
      "attachments" : [ ],
      "parameters" : [ ],
      "hasContent" : false,
      "stepsCount" : 0,
      "attachmentsCount" : 0,
      "shouldDisplayMessage" : false
    } ],
    "attachments" : [ {
      "uid" : "38b6538be9c8bce5",
      "name" : "Screenshot",
      "source" : "38b6538be9c8bce5.png",
      "type" : "image/png",
      "size" : 2666686
    } ],
    "parameters" : [ ],
    "hasContent" : true,
    "stepsCount" : 2,
    "attachmentsCount" : 1,
    "shouldDisplayMessage" : true
  },
  "afterStages" : [ ],
  "labels" : [ {
    "name" : "framework",
    "value" : "wdio"
  }, {
    "name" : "language",
    "value" : "javascript"
  }, {
    "name" : "thread",
    "value" : "0-0"
  }, {
    "name" : "suite",
    "value" : "Quoted Text"
  }, {
    "name" : "testClass",
    "value" : "Quoted Text"
  }, {
    "name" : "testMethod",
    "value" : "TC565 - To verify user is able to collapse the quoted text by clicking on \"Hide Quoted Text\" link in compose screen."
  }, {
    "name" : "package",
    "value" : "Quoted Text"
  }, {
    "name" : "resultFormat",
    "value" : "allure1"
  } ],
  "parameters" : [ {
    "name" : "device",
    "value" : "google pixel 3-9.0"
  } ],
  "links" : [ ],
  "hidden" : false,
  "retry" : false,
  "extra" : {
    "severity" : "normal",
    "retries" : [ ],
    "categories" : [ {
      "name" : "Test defects",
      "matchedStatuses" : [ ],
      "flaky" : false
    } ],
    "tags" : [ ]
  },
  "source" : "e9d6b9eb7bd784fd.json",
  "parameterValues" : [ "google pixel 3-9.0" ]
}