{
  "uid" : "15190a619791a41",
  "name" : "TC583 - To verify the date format and email address in the quoted text",
  "fullName" : "Complete Test Suite.TC583 - To verify the date format and email address in the quoted text",
  "historyId" : "ff7eb57a8a1a25300bd52532e3517bc6",
  "time" : {
    "start" : 1660754488995,
    "stop" : 1660754549753,
    "duration" : 60758
  },
  "description" : "",
  "descriptionHtml" : "",
  "status" : "broken",
  "statusMessage" : "TC583-Failed-->Reason: Error: element (\"~SDTitle\") still not displayed after 10000ms",
  "statusTrace" : "AssertionError [ERR_ASSERTION]: TC583-Failed-->Reason: Error: element (\"~SDTitle\") still not displayed after 10000ms\n                    at Context.<anonymous> (/Users/vagrant/git/Mobile-Automation/src/specs/androidNative/completeTestSuite2.spec.js:957:32)",
  "flaky" : false,
  "newFailed" : false,
  "newBroken" : false,
  "newPassed" : false,
  "retriesCount" : 0,
  "retriesStatusChange" : false,
  "beforeStages" : [ ],
  "testStage" : {
    "status" : "broken",
    "statusMessage" : "TC583-Failed-->Reason: Error: element (\"~SDTitle\") still not displayed after 10000ms",
    "statusTrace" : "AssertionError [ERR_ASSERTION]: TC583-Failed-->Reason: Error: element (\"~SDTitle\") still not displayed after 10000ms\n                    at Context.<anonymous> (/Users/vagrant/git/Mobile-Automation/src/specs/androidNative/completeTestSuite2.spec.js:957:32)",
    "steps" : [ {
      "name" : "\"before each\" hook for Complete Test Suite",
      "time" : {
        "start" : 1660754488996,
        "stop" : 1660754500260,
        "duration" : 11264
      },
      "status" : "passed",
      "steps" : [ ],
      "attachments" : [ ],
      "parameters" : [ ],
      "hasContent" : false,
      "stepsCount" : 0,
      "attachmentsCount" : 0,
      "shouldDisplayMessage" : false
    }, {
      "name" : "\"after each\" hook for Complete Test Suite",
      "time" : {
        "start" : 1660754549756,
        "stop" : 1660754550764,
        "duration" : 1008
      },
      "status" : "passed",
      "steps" : [ ],
      "attachments" : [ ],
      "parameters" : [ ],
      "hasContent" : false,
      "stepsCount" : 0,
      "attachmentsCount" : 0,
      "shouldDisplayMessage" : false
    } ],
    "attachments" : [ {
      "uid" : "dea1469485defa81",
      "name" : "Screenshot",
      "source" : "dea1469485defa81.png",
      "type" : "image/png",
      "size" : 115929
    } ],
    "parameters" : [ ],
    "hasContent" : true,
    "stepsCount" : 2,
    "attachmentsCount" : 1,
    "shouldDisplayMessage" : true
  },
  "afterStages" : [ ],
  "labels" : [ {
    "name" : "framework",
    "value" : "wdio"
  }, {
    "name" : "language",
    "value" : "javascript"
  }, {
    "name" : "thread",
    "value" : "0-0"
  }, {
    "name" : "suite",
    "value" : "Complete Test Suite"
  }, {
    "name" : "testClass",
    "value" : "Complete Test Suite"
  }, {
    "name" : "testMethod",
    "value" : "TC583 - To verify the date format and email address in the quoted text"
  }, {
    "name" : "package",
    "value" : "Complete Test Suite"
  }, {
    "name" : "resultFormat",
    "value" : "allure1"
  } ],
  "parameters" : [ {
    "name" : "device",
    "value" : "google pixel 3-9.0"
  } ],
  "links" : [ ],
  "hidden" : false,
  "retry" : false,
  "extra" : {
    "severity" : "normal",
    "retries" : [ ],
    "categories" : [ {
      "name" : "Test defects",
      "matchedStatuses" : [ ],
      "flaky" : false
    } ],
    "tags" : [ ]
  },
  "source" : "15190a619791a41.json",
  "parameterValues" : [ "google pixel 3-9.0" ]
}