{
  "uid" : "fbf6ac17a587bc84",
  "name" : "TC27- Verify that user can see the Activity timeline pertaining to a conversation",
  "fullName" : "Activity Panel and Notes.TC27- Verify that user can see the Activity timeline pertaining to a conversation",
  "historyId" : "61e68f8c31652d47451e9ad1d0b6d51b",
  "time" : {
    "start" : 1678989540318,
    "stop" : 1678989563398,
    "duration" : 23080
  },
  "description" : "",
  "descriptionHtml" : "",
  "status" : "broken",
  "statusMessage" : "TC27-Failed-->Reason: Error: Can't call touchAction on element with selector \"//android.widget.TextView[contains(@text,\"v 2.\")]\" because element wasn't found",
  "statusTrace" : "AssertionError [ERR_ASSERTION]: TC27-Failed-->Reason: Error: Can't call touchAction on element with selector \"//android.widget.TextView[contains(@text,\"v 2.\")]\" because element wasn't found\n                    at Context.<anonymous> (/Users/vagrant/git/Mobile-Automation/src/specs/androidNative/completeTestSuite3.spec.js:49:32)",
  "flaky" : false,
  "newFailed" : false,
  "beforeStages" : [ ],
  "testStage" : {
    "status" : "broken",
    "statusMessage" : "TC27-Failed-->Reason: Error: Can't call touchAction on element with selector \"//android.widget.TextView[contains(@text,\"v 2.\")]\" because element wasn't found",
    "statusTrace" : "AssertionError [ERR_ASSERTION]: TC27-Failed-->Reason: Error: Can't call touchAction on element with selector \"//android.widget.TextView[contains(@text,\"v 2.\")]\" because element wasn't found\n                    at Context.<anonymous> (/Users/vagrant/git/Mobile-Automation/src/specs/androidNative/completeTestSuite3.spec.js:49:32)",
    "steps" : [ {
      "name" : "\"before each\" hook for Activity Panel and Notes",
      "time" : {
        "start" : 1678989540319,
        "stop" : 1678989552172,
        "duration" : 11853
      },
      "status" : "passed",
      "steps" : [ ],
      "attachments" : [ ],
      "parameters" : [ ],
      "hasContent" : false,
      "stepsCount" : 0,
      "attachmentsCount" : 0,
      "shouldDisplayMessage" : false
    }, {
      "name" : "\"after each\" hook for Activity Panel and Notes",
      "time" : {
        "start" : 1678989563398,
        "stop" : 1678989563502,
        "duration" : 104
      },
      "status" : "failed",
      "steps" : [ ],
      "attachments" : [ ],
      "parameters" : [ ],
      "hasContent" : false,
      "stepsCount" : 0,
      "attachmentsCount" : 0,
      "shouldDisplayMessage" : false
    } ],
    "attachments" : [ {
      "uid" : "4111bf1abdc70ada",
      "name" : "Screenshot",
      "source" : "4111bf1abdc70ada.png",
      "type" : "image/png",
      "size" : 136234
    } ],
    "parameters" : [ ],
    "hasContent" : true,
    "stepsCount" : 2,
    "attachmentsCount" : 1,
    "shouldDisplayMessage" : true
  },
  "afterStages" : [ ],
  "labels" : [ {
    "name" : "framework",
    "value" : "wdio"
  }, {
    "name" : "language",
    "value" : "javascript"
  }, {
    "name" : "thread",
    "value" : "0-0"
  }, {
    "name" : "suite",
    "value" : "Activity Panel and Notes"
  }, {
    "name" : "testClass",
    "value" : "Activity Panel and Notes"
  }, {
    "name" : "testMethod",
    "value" : "TC27- Verify that user can see the Activity timeline pertaining to a conversation"
  }, {
    "name" : "package",
    "value" : "Activity Panel and Notes"
  }, {
    "name" : "resultFormat",
    "value" : "allure1"
  } ],
  "parameters" : [ {
    "name" : "device",
    "value" : "google pixel 3-9.0"
  } ],
  "links" : [ ],
  "hidden" : false,
  "retry" : false,
  "extra" : {
    "severity" : "normal",
    "retries" : [ {
      "uid" : "d3cc99c6c3e3b6d0",
      "status" : "passed",
      "time" : {
        "start" : 1678986112544,
        "stop" : 1678986153556,
        "duration" : 41012
      }
    } ],
    "categories" : [ {
      "name" : "Test defects",
      "matchedStatuses" : [ ],
      "flaky" : false
    } ],
    "tags" : [ ]
  },
  "source" : "fbf6ac17a587bc84.json",
  "parameterValues" : [ "google pixel 3-9.0" ]
}