{
  "uid" : "90021c7b7cef199e",
  "name" : "TC255 - Verify that user is able to compose and send an email with inline images",
  "fullName" : "Complete Test Suite.TC255 - Verify that user is able to compose and send an email with inline images",
  "historyId" : "1541077be6335bd564ff11fec627c836",
  "time" : {
    "start" : 1656050440250,
    "stop" : 1656050515849,
    "duration" : 75599
  },
  "description" : "",
  "descriptionHtml" : "",
  "status" : "broken",
  "statusMessage" : "TC249-Failed-->Reason: Error: element (\"~\"Select an email address\") still not displayed after 10000ms",
  "statusTrace" : "AssertionError [ERR_ASSERTION]: TC249-Failed-->Reason: Error: element (\"~\"Select an email address\") still not displayed after 10000ms\n                    at Context.<anonymous> (/Users/vagrant/git/Mobile-Automation/src/specs/iosSpec/completeTestSuite.spec.js:370:32)",
  "flaky" : false,
  "newFailed" : false,
  "newBroken" : false,
  "newPassed" : false,
  "retriesCount" : 0,
  "retriesStatusChange" : false,
  "beforeStages" : [ ],
  "testStage" : {
    "status" : "broken",
    "statusMessage" : "TC249-Failed-->Reason: Error: element (\"~\"Select an email address\") still not displayed after 10000ms",
    "statusTrace" : "AssertionError [ERR_ASSERTION]: TC249-Failed-->Reason: Error: element (\"~\"Select an email address\") still not displayed after 10000ms\n                    at Context.<anonymous> (/Users/vagrant/git/Mobile-Automation/src/specs/iosSpec/completeTestSuite.spec.js:370:32)",
    "steps" : [ {
      "name" : "\"before each\" hook for Complete Test Suite",
      "time" : {
        "start" : 1656050440250,
        "stop" : 1656050484862,
        "duration" : 44612
      },
      "status" : "passed",
      "steps" : [ ],
      "attachments" : [ ],
      "parameters" : [ ],
      "stepsCount" : 0,
      "attachmentsCount" : 0,
      "hasContent" : false,
      "shouldDisplayMessage" : false
    }, {
      "name" : "\"after each\" hook for Complete Test Suite",
      "time" : {
        "start" : 1656050515849,
        "stop" : 1656050516998,
        "duration" : 1149
      },
      "status" : "passed",
      "steps" : [ ],
      "attachments" : [ ],
      "parameters" : [ ],
      "stepsCount" : 0,
      "attachmentsCount" : 0,
      "hasContent" : false,
      "shouldDisplayMessage" : false
    } ],
    "attachments" : [ {
      "uid" : "9de2be3e1b9d70e6",
      "name" : "Screenshot",
      "source" : "9de2be3e1b9d70e6.png",
      "type" : "image/png",
      "size" : 389272
    } ],
    "parameters" : [ ],
    "stepsCount" : 2,
    "attachmentsCount" : 1,
    "hasContent" : true,
    "shouldDisplayMessage" : true
  },
  "afterStages" : [ ],
  "labels" : [ {
    "name" : "framework",
    "value" : "wdio"
  }, {
    "name" : "language",
    "value" : "javascript"
  }, {
    "name" : "thread",
    "value" : "0-0"
  }, {
    "name" : "suite",
    "value" : "Complete Test Suite"
  }, {
    "name" : "testClass",
    "value" : "Complete Test Suite"
  }, {
    "name" : "testMethod",
    "value" : "TC255 - Verify that user is able to compose and send an email with inline images"
  }, {
    "name" : "package",
    "value" : "Complete Test Suite"
  }, {
    "name" : "resultFormat",
    "value" : "allure1"
  } ],
  "parameters" : [ {
    "name" : "device",
    "value" : "iphone-15.0"
  } ],
  "links" : [ ],
  "hidden" : false,
  "retry" : false,
  "extra" : {
    "severity" : "normal",
    "retries" : [ ],
    "categories" : [ {
      "name" : "Test defects",
      "matchedStatuses" : [ ],
      "flaky" : false
    } ],
    "tags" : [ ]
  },
  "source" : "90021c7b7cef199e.json",
  "parameterValues" : [ "iphone-15.0" ]
}