{
  "uid" : "b9a3bd7f6dd19bb7",
  "name" : "TC729 - Verify that on clicking on \"Help and Feedback\" in \"Right Drawer Panel\", compose mail page is opened with \"support id\" as default in \"To\" field",
  "fullName" : "Complete Test Suite.TC729 - Verify that on clicking on \"Help and Feedback\" in \"Right Drawer Panel\", compose mail page is opened with \"support id\" as default in \"To\" field",
  "historyId" : "e43ebc6ded3fe9732c8e38d59ac3e899",
  "time" : {
    "start" : 1656049116358,
    "stop" : 1656049186854,
    "duration" : 70496
  },
  "description" : "",
  "descriptionHtml" : "",
  "status" : "failed",
  "statusMessage" : "TC727-Failed-->Reason: AssertionError: expected 'From:' to include '<heyuser3@hiver.space>'",
  "statusTrace" : "AssertionError [ERR_ASSERTION]: TC727-Failed-->Reason: AssertionError: expected 'From:' to include '<heyuser3@hiver.space>'\n                    at Context.<anonymous> (/Users/vagrant/git/Mobile-Automation/src/specs/iosSpec/completeTestSuite.spec.js:126:36)",
  "flaky" : false,
  "newFailed" : false,
  "newBroken" : false,
  "newPassed" : false,
  "retriesCount" : 0,
  "retriesStatusChange" : false,
  "beforeStages" : [ ],
  "testStage" : {
    "status" : "failed",
    "statusMessage" : "TC727-Failed-->Reason: AssertionError: expected 'From:' to include '<heyuser3@hiver.space>'",
    "statusTrace" : "AssertionError [ERR_ASSERTION]: TC727-Failed-->Reason: AssertionError: expected 'From:' to include '<heyuser3@hiver.space>'\n                    at Context.<anonymous> (/Users/vagrant/git/Mobile-Automation/src/specs/iosSpec/completeTestSuite.spec.js:126:36)",
    "steps" : [ {
      "name" : "\"before each\" hook for Complete Test Suite",
      "time" : {
        "start" : 1656049116358,
        "stop" : 1656049160856,
        "duration" : 44498
      },
      "status" : "passed",
      "steps" : [ ],
      "attachments" : [ ],
      "parameters" : [ ],
      "stepsCount" : 0,
      "attachmentsCount" : 0,
      "hasContent" : false,
      "shouldDisplayMessage" : false
    }, {
      "name" : "\"after each\" hook for Complete Test Suite",
      "time" : {
        "start" : 1656049186854,
        "stop" : 1656049187902,
        "duration" : 1048
      },
      "status" : "passed",
      "steps" : [ ],
      "attachments" : [ ],
      "parameters" : [ ],
      "stepsCount" : 0,
      "attachmentsCount" : 0,
      "hasContent" : false,
      "shouldDisplayMessage" : false
    } ],
    "attachments" : [ {
      "uid" : "d2a65f2da45a7733",
      "name" : "Screenshot",
      "source" : "d2a65f2da45a7733.png",
      "type" : "image/png",
      "size" : 429145
    } ],
    "parameters" : [ ],
    "stepsCount" : 2,
    "attachmentsCount" : 1,
    "hasContent" : true,
    "shouldDisplayMessage" : true
  },
  "afterStages" : [ ],
  "labels" : [ {
    "name" : "framework",
    "value" : "wdio"
  }, {
    "name" : "language",
    "value" : "javascript"
  }, {
    "name" : "thread",
    "value" : "0-0"
  }, {
    "name" : "suite",
    "value" : "Complete Test Suite"
  }, {
    "name" : "testClass",
    "value" : "Complete Test Suite"
  }, {
    "name" : "testMethod",
    "value" : "TC729 - Verify that on clicking on \"Help and Feedback\" in \"Right Drawer Panel\", compose mail page is opened with \"support id\" as default in \"To\" field"
  }, {
    "name" : "package",
    "value" : "Complete Test Suite"
  }, {
    "name" : "resultFormat",
    "value" : "allure1"
  } ],
  "parameters" : [ {
    "name" : "device",
    "value" : "iphone-15.0"
  } ],
  "links" : [ ],
  "hidden" : false,
  "retry" : false,
  "extra" : {
    "severity" : "normal",
    "retries" : [ ],
    "categories" : [ {
      "name" : "Product defects",
      "matchedStatuses" : [ ],
      "flaky" : false
    } ],
    "tags" : [ ]
  },
  "source" : "b9a3bd7f6dd19bb7.json",
  "parameterValues" : [ "iphone-15.0" ]
}