{
  "uid" : "19072fda3b790f9e",
  "name" : "TC584 - To check the quoted text should not be the part of Shared Draft",
  "fullName" : "Quoted Text Test Suite.TC584 - To check the quoted text should not be the part of Shared Draft",
  "historyId" : "89869723179470e237dc09638be580f9",
  "time" : {
    "start" : 1661792447617,
    "stop" : 1661792510769,
    "duration" : 63152
  },
  "description" : "",
  "descriptionHtml" : "",
  "status" : "broken",
  "statusMessage" : "TC584-Failed-->Reason: Error: element (\"~SDTitle\") still not displayed after 10000ms",
  "statusTrace" : "AssertionError [ERR_ASSERTION]: TC584-Failed-->Reason: Error: element (\"~SDTitle\") still not displayed after 10000ms\n                    at Context.<anonymous> (/Users/vagrant/git/Mobile-Automation/src/specs/androidNative/completeTestSuite2.spec.js:993:32)",
  "flaky" : false,
  "newFailed" : false,
  "newBroken" : false,
  "newPassed" : false,
  "retriesCount" : 0,
  "retriesStatusChange" : false,
  "beforeStages" : [ ],
  "testStage" : {
    "status" : "broken",
    "statusMessage" : "TC584-Failed-->Reason: Error: element (\"~SDTitle\") still not displayed after 10000ms",
    "statusTrace" : "AssertionError [ERR_ASSERTION]: TC584-Failed-->Reason: Error: element (\"~SDTitle\") still not displayed after 10000ms\n                    at Context.<anonymous> (/Users/vagrant/git/Mobile-Automation/src/specs/androidNative/completeTestSuite2.spec.js:993:32)",
    "steps" : [ {
      "name" : "\"before each\" hook for Quoted Text Test Suite",
      "time" : {
        "start" : 1661792447617,
        "stop" : 1661792458894,
        "duration" : 11277
      },
      "status" : "passed",
      "steps" : [ ],
      "attachments" : [ ],
      "parameters" : [ ],
      "hasContent" : false,
      "stepsCount" : 0,
      "attachmentsCount" : 0,
      "shouldDisplayMessage" : false
    }, {
      "name" : "\"after each\" hook for Quoted Text Test Suite",
      "time" : {
        "start" : 1661792510771,
        "stop" : 1661792511810,
        "duration" : 1039
      },
      "status" : "passed",
      "steps" : [ ],
      "attachments" : [ ],
      "parameters" : [ ],
      "hasContent" : false,
      "stepsCount" : 0,
      "attachmentsCount" : 0,
      "shouldDisplayMessage" : false
    } ],
    "attachments" : [ {
      "uid" : "3150c9b3b777cef",
      "name" : "Screenshot",
      "source" : "3150c9b3b777cef.png",
      "type" : "image/png",
      "size" : 114695
    } ],
    "parameters" : [ ],
    "hasContent" : true,
    "stepsCount" : 2,
    "attachmentsCount" : 1,
    "shouldDisplayMessage" : true
  },
  "afterStages" : [ ],
  "labels" : [ {
    "name" : "framework",
    "value" : "wdio"
  }, {
    "name" : "language",
    "value" : "javascript"
  }, {
    "name" : "thread",
    "value" : "0-0"
  }, {
    "name" : "suite",
    "value" : "Quoted Text Test Suite"
  }, {
    "name" : "testClass",
    "value" : "Quoted Text Test Suite"
  }, {
    "name" : "testMethod",
    "value" : "TC584 - To check the quoted text should not be the part of Shared Draft"
  }, {
    "name" : "package",
    "value" : "Quoted Text Test Suite"
  }, {
    "name" : "resultFormat",
    "value" : "allure1"
  } ],
  "parameters" : [ {
    "name" : "device",
    "value" : "google pixel 3-9.0"
  } ],
  "links" : [ ],
  "hidden" : false,
  "retry" : false,
  "extra" : {
    "severity" : "normal",
    "retries" : [ ],
    "categories" : [ {
      "name" : "Test defects",
      "matchedStatuses" : [ ],
      "flaky" : false
    } ],
    "tags" : [ ]
  },
  "source" : "19072fda3b790f9e.json",
  "parameterValues" : [ "google pixel 3-9.0" ]
}