{
  "uid" : "6f55b5fb4b6c5f19",
  "name" : "TC571 - To verify the quoted in the Shared Draft screen",
  "fullName" : "Quoted Text Test Suite.TC571 - To verify the quoted in the Shared Draft screen",
  "historyId" : "9191b83960c9a497596884ad18a724ae",
  "time" : {
    "start" : 1661791785242,
    "stop" : 1661791848993,
    "duration" : 63751
  },
  "description" : "",
  "descriptionHtml" : "",
  "status" : "broken",
  "statusMessage" : "TC571-Failed-->Reason: Error: element (\"//android.widget.TextView[@text= \"Show quoted text\"]\") still not displayed after 10000ms",
  "statusTrace" : "AssertionError [ERR_ASSERTION]: TC571-Failed-->Reason: Error: element (\"//android.widget.TextView[@text= \"Show quoted text\"]\") still not displayed after 10000ms\n                    at Context.<anonymous> (/Users/vagrant/git/Mobile-Automation/src/specs/androidNative/completeTestSuite2.spec.js:827:32)",
  "flaky" : false,
  "newFailed" : false,
  "newBroken" : false,
  "newPassed" : false,
  "retriesCount" : 0,
  "retriesStatusChange" : false,
  "beforeStages" : [ ],
  "testStage" : {
    "status" : "broken",
    "statusMessage" : "TC571-Failed-->Reason: Error: element (\"//android.widget.TextView[@text= \"Show quoted text\"]\") still not displayed after 10000ms",
    "statusTrace" : "AssertionError [ERR_ASSERTION]: TC571-Failed-->Reason: Error: element (\"//android.widget.TextView[@text= \"Show quoted text\"]\") still not displayed after 10000ms\n                    at Context.<anonymous> (/Users/vagrant/git/Mobile-Automation/src/specs/androidNative/completeTestSuite2.spec.js:827:32)",
    "steps" : [ {
      "name" : "\"before each\" hook for Quoted Text Test Suite",
      "time" : {
        "start" : 1661791785243,
        "stop" : 1661791797221,
        "duration" : 11978
      },
      "status" : "passed",
      "steps" : [ ],
      "attachments" : [ ],
      "parameters" : [ ],
      "hasContent" : false,
      "stepsCount" : 0,
      "attachmentsCount" : 0,
      "shouldDisplayMessage" : false
    }, {
      "name" : "\"after each\" hook for Quoted Text Test Suite",
      "time" : {
        "start" : 1661791848993,
        "stop" : 1661791850702,
        "duration" : 1709
      },
      "status" : "passed",
      "steps" : [ ],
      "attachments" : [ ],
      "parameters" : [ ],
      "hasContent" : false,
      "stepsCount" : 0,
      "attachmentsCount" : 0,
      "shouldDisplayMessage" : false
    } ],
    "attachments" : [ {
      "uid" : "112edc6df7ee4b7c",
      "name" : "Screenshot",
      "source" : "112edc6df7ee4b7c.png",
      "type" : "image/png",
      "size" : 160692
    } ],
    "parameters" : [ ],
    "hasContent" : true,
    "stepsCount" : 2,
    "attachmentsCount" : 1,
    "shouldDisplayMessage" : true
  },
  "afterStages" : [ ],
  "labels" : [ {
    "name" : "framework",
    "value" : "wdio"
  }, {
    "name" : "language",
    "value" : "javascript"
  }, {
    "name" : "thread",
    "value" : "0-0"
  }, {
    "name" : "suite",
    "value" : "Quoted Text Test Suite"
  }, {
    "name" : "testClass",
    "value" : "Quoted Text Test Suite"
  }, {
    "name" : "testMethod",
    "value" : "TC571 - To verify the quoted in the Shared Draft screen"
  }, {
    "name" : "package",
    "value" : "Quoted Text Test Suite"
  }, {
    "name" : "resultFormat",
    "value" : "allure1"
  } ],
  "parameters" : [ {
    "name" : "device",
    "value" : "google pixel 3-9.0"
  } ],
  "links" : [ ],
  "hidden" : false,
  "retry" : false,
  "extra" : {
    "severity" : "normal",
    "retries" : [ ],
    "categories" : [ {
      "name" : "Test defects",
      "matchedStatuses" : [ ],
      "flaky" : false
    } ],
    "tags" : [ ]
  },
  "source" : "6f55b5fb4b6c5f19.json",
  "parameterValues" : [ "google pixel 3-9.0" ]
}