{
  "uid" : "acb7fad45c2a68da",
  "name" : "TC262- Verify that app version is shown on the login screen",
  "fullName" : "Complete Test Suite.TC262- Verify that app version is shown on the login screen",
  "historyId" : "7e7a7c7822ce282a06a41c6b8dd1eba9",
  "time" : {
    "start" : 1655391488648,
    "stop" : 1655391501805,
    "duration" : 13157
  },
  "description" : "",
  "descriptionHtml" : "",
  "status" : "failed",
  "statusMessage" : "TC262-Failed-->Reason: AssertionError: expected undefined to equal 'v 2.2.0'",
  "statusTrace" : "AssertionError [ERR_ASSERTION]: TC262-Failed-->Reason: AssertionError: expected undefined to equal 'v 2.2.0'\n                    at Context.<anonymous> (/Users/vagrant/git/Mobile-Automation/src/specs/androidNative/completeTestSuite.spec.js:34:32)",
  "flaky" : false,
  "newFailed" : false,
  "newBroken" : false,
  "newPassed" : false,
  "retriesCount" : 0,
  "retriesStatusChange" : false,
  "beforeStages" : [ ],
  "testStage" : {
    "status" : "failed",
    "statusMessage" : "TC262-Failed-->Reason: AssertionError: expected undefined to equal 'v 2.2.0'",
    "statusTrace" : "AssertionError [ERR_ASSERTION]: TC262-Failed-->Reason: AssertionError: expected undefined to equal 'v 2.2.0'\n                    at Context.<anonymous> (/Users/vagrant/git/Mobile-Automation/src/specs/androidNative/completeTestSuite.spec.js:34:32)",
    "steps" : [ {
      "name" : "\"before each\" hook for Complete Test Suite",
      "time" : {
        "start" : 1655391488649,
        "stop" : 1655391500164,
        "duration" : 11515
      },
      "status" : "passed",
      "steps" : [ ],
      "attachments" : [ ],
      "parameters" : [ ],
      "stepsCount" : 0,
      "attachmentsCount" : 0,
      "shouldDisplayMessage" : false,
      "hasContent" : false
    }, {
      "name" : "\"after each\" hook for Complete Test Suite",
      "time" : {
        "start" : 1655391501805,
        "stop" : 1655391503063,
        "duration" : 1258
      },
      "status" : "passed",
      "steps" : [ ],
      "attachments" : [ ],
      "parameters" : [ ],
      "stepsCount" : 0,
      "attachmentsCount" : 0,
      "shouldDisplayMessage" : false,
      "hasContent" : false
    } ],
    "attachments" : [ {
      "uid" : "e497c3e92edfe110",
      "name" : "Screenshot",
      "source" : "e497c3e92edfe110.png",
      "type" : "image/png",
      "size" : 240735
    } ],
    "parameters" : [ ],
    "stepsCount" : 2,
    "attachmentsCount" : 1,
    "shouldDisplayMessage" : true,
    "hasContent" : true
  },
  "afterStages" : [ ],
  "labels" : [ {
    "name" : "framework",
    "value" : "wdio"
  }, {
    "name" : "language",
    "value" : "javascript"
  }, {
    "name" : "thread",
    "value" : "0-0"
  }, {
    "name" : "suite",
    "value" : "Complete Test Suite"
  }, {
    "name" : "testClass",
    "value" : "Complete Test Suite"
  }, {
    "name" : "testMethod",
    "value" : "TC262- Verify that app version is shown on the login screen"
  }, {
    "name" : "package",
    "value" : "Complete Test Suite"
  }, {
    "name" : "resultFormat",
    "value" : "allure1"
  } ],
  "parameters" : [ {
    "name" : "device",
    "value" : "google pixel 3-9.0"
  } ],
  "links" : [ ],
  "hidden" : false,
  "retry" : false,
  "extra" : {
    "severity" : "normal",
    "retries" : [ ],
    "categories" : [ {
      "name" : "Product defects",
      "matchedStatuses" : [ ],
      "flaky" : false
    } ],
    "tags" : [ ]
  },
  "source" : "acb7fad45c2a68da.json",
  "parameterValues" : [ "google pixel 3-9.0" ]
}