{
  "uid" : "396d63900f6a7306",
  "name" : "TC434 - To verify Unassigned \"View\" floater button is present along with the views count when user logs in the app every time by default",
  "fullName" : "Status & Views.TC434 - To verify Unassigned \"View\" floater button is present along with the views count when user logs in the app every time by default",
  "historyId" : "1a776db72a7ad0108c4876ba1afd9f7d",
  "time" : {
    "start" : 1685725200062,
    "stop" : 1685725223468,
    "duration" : 23406
  },
  "description" : "",
  "descriptionHtml" : "",
  "status" : "broken",
  "statusMessage" : "TC434-Failed-->Reason: Error: Can't call touchAction on element with selector \"//android.widget.TextView[contains(@text,\"v 2.\")]\" because element wasn't found",
  "statusTrace" : "AssertionError [ERR_ASSERTION]: TC434-Failed-->Reason: Error: Can't call touchAction on element with selector \"//android.widget.TextView[contains(@text,\"v 2.\")]\" because element wasn't found\n                    at Context.<anonymous> (/Users/vagrant/git/Mobile-Automation/src/specs/androidNative/completeTestSuite3.spec.js:889:32)",
  "flaky" : false,
  "newFailed" : false,
  "beforeStages" : [ ],
  "testStage" : {
    "status" : "broken",
    "statusMessage" : "TC434-Failed-->Reason: Error: Can't call touchAction on element with selector \"//android.widget.TextView[contains(@text,\"v 2.\")]\" because element wasn't found",
    "statusTrace" : "AssertionError [ERR_ASSERTION]: TC434-Failed-->Reason: Error: Can't call touchAction on element with selector \"//android.widget.TextView[contains(@text,\"v 2.\")]\" because element wasn't found\n                    at Context.<anonymous> (/Users/vagrant/git/Mobile-Automation/src/specs/androidNative/completeTestSuite3.spec.js:889:32)",
    "steps" : [ {
      "name" : "\"before each\" hook for Status & Views",
      "time" : {
        "start" : 1685725200062,
        "stop" : 1685725212103,
        "duration" : 12041
      },
      "status" : "passed",
      "steps" : [ ],
      "attachments" : [ ],
      "parameters" : [ ],
      "stepsCount" : 0,
      "attachmentsCount" : 0,
      "shouldDisplayMessage" : false,
      "hasContent" : false
    }, {
      "name" : "\"after each\" hook for Status & Views",
      "time" : {
        "start" : 1685725223468,
        "stop" : 1685725223845,
        "duration" : 377
      },
      "status" : "failed",
      "steps" : [ ],
      "attachments" : [ ],
      "parameters" : [ ],
      "stepsCount" : 0,
      "attachmentsCount" : 0,
      "shouldDisplayMessage" : false,
      "hasContent" : false
    } ],
    "attachments" : [ {
      "uid" : "629805be141c6cd",
      "name" : "Screenshot",
      "source" : "629805be141c6cd.png",
      "type" : "image/png",
      "size" : 134259
    } ],
    "parameters" : [ ],
    "stepsCount" : 2,
    "attachmentsCount" : 1,
    "shouldDisplayMessage" : true,
    "hasContent" : true
  },
  "afterStages" : [ ],
  "labels" : [ {
    "name" : "framework",
    "value" : "wdio"
  }, {
    "name" : "language",
    "value" : "javascript"
  }, {
    "name" : "thread",
    "value" : "0-0"
  }, {
    "name" : "suite",
    "value" : "Status & Views"
  }, {
    "name" : "testClass",
    "value" : "Status & Views"
  }, {
    "name" : "testMethod",
    "value" : "TC434 - To verify Unassigned \"View\" floater button is present along with the views count when user logs in the app every time by default"
  }, {
    "name" : "package",
    "value" : "Status & Views"
  }, {
    "name" : "resultFormat",
    "value" : "allure1"
  } ],
  "parameters" : [ {
    "name" : "device",
    "value" : "google pixel 3-9.0"
  } ],
  "links" : [ ],
  "hidden" : false,
  "retry" : false,
  "extra" : {
    "severity" : "normal",
    "retries" : [ {
      "uid" : "bcfd3d1a0fd4d997",
      "status" : "passed",
      "time" : {
        "start" : 1685724787442,
        "stop" : 1685724818028,
        "duration" : 30586
      }
    }, {
      "uid" : "4a60ab363961c445",
      "status" : "passed",
      "time" : {
        "start" : 1685721010297,
        "stop" : 1685721038351,
        "duration" : 28054
      }
    } ],
    "categories" : [ {
      "name" : "Test defects",
      "matchedStatuses" : [ ],
      "flaky" : false
    } ],
    "tags" : [ ]
  },
  "source" : "396d63900f6a7306.json",
  "parameterValues" : [ "google pixel 3-9.0" ]
}