{
  "uid" : "4913186319cbd883",
  "name" : "TC677 - To verify confirmation popup should not show once the user checks the \"don’t show again\" option",
  "fullName" : "Inbox Test Suite.TC677 - To verify confirmation popup should not show once the user checks the \"don’t show again\" option",
  "historyId" : "1236059755682383b6129d2b475da7c",
  "time" : {
    "start" : 1684251500641,
    "stop" : 1684251580312,
    "duration" : 79671
  },
  "description" : "",
  "descriptionHtml" : "",
  "status" : "broken",
  "statusMessage" : "TC677-Failed-->Reason: Error: Can't call touchAction on element with selector \"//android.widget.TextView[contains(@text,\"v 2.\")]\" because element wasn't found",
  "statusTrace" : "AssertionError [ERR_ASSERTION]: TC677-Failed-->Reason: Error: Can't call touchAction on element with selector \"//android.widget.TextView[contains(@text,\"v 2.\")]\" because element wasn't found\n                    at Context.<anonymous> (/Users/vagrant/git/Mobile-Automation/src/specs/androidNative/completeTestSuite.spec.js:1140:32)",
  "flaky" : false,
  "newFailed" : false,
  "beforeStages" : [ ],
  "testStage" : {
    "status" : "broken",
    "statusMessage" : "TC677-Failed-->Reason: Error: Can't call touchAction on element with selector \"//android.widget.TextView[contains(@text,\"v 2.\")]\" because element wasn't found",
    "statusTrace" : "AssertionError [ERR_ASSERTION]: TC677-Failed-->Reason: Error: Can't call touchAction on element with selector \"//android.widget.TextView[contains(@text,\"v 2.\")]\" because element wasn't found\n                    at Context.<anonymous> (/Users/vagrant/git/Mobile-Automation/src/specs/androidNative/completeTestSuite.spec.js:1140:32)",
    "steps" : [ {
      "name" : "\"before each\" hook for Inbox Test Suite",
      "time" : {
        "start" : 1684251500641,
        "stop" : 1684251512068,
        "duration" : 11427
      },
      "status" : "passed",
      "steps" : [ ],
      "attachments" : [ ],
      "parameters" : [ ],
      "hasContent" : false,
      "stepsCount" : 0,
      "attachmentsCount" : 0,
      "shouldDisplayMessage" : false
    }, {
      "name" : "\"after each\" hook for Inbox Test Suite",
      "time" : {
        "start" : 1684251580313,
        "stop" : 1684251581484,
        "duration" : 1171
      },
      "status" : "passed",
      "steps" : [ ],
      "attachments" : [ ],
      "parameters" : [ ],
      "hasContent" : false,
      "stepsCount" : 0,
      "attachmentsCount" : 0,
      "shouldDisplayMessage" : false
    } ],
    "attachments" : [ {
      "uid" : "f4e44d032af1fc48",
      "name" : "Screenshot",
      "source" : "f4e44d032af1fc48.png",
      "type" : "image/png",
      "size" : 2665989
    } ],
    "parameters" : [ ],
    "hasContent" : true,
    "stepsCount" : 2,
    "attachmentsCount" : 1,
    "shouldDisplayMessage" : true
  },
  "afterStages" : [ ],
  "labels" : [ {
    "name" : "framework",
    "value" : "wdio"
  }, {
    "name" : "language",
    "value" : "javascript"
  }, {
    "name" : "thread",
    "value" : "0-0"
  }, {
    "name" : "suite",
    "value" : "Inbox Test Suite"
  }, {
    "name" : "testClass",
    "value" : "Inbox Test Suite"
  }, {
    "name" : "testMethod",
    "value" : "TC677 - To verify confirmation popup should not show once the user checks the \"don’t show again\" option"
  }, {
    "name" : "package",
    "value" : "Inbox Test Suite"
  }, {
    "name" : "resultFormat",
    "value" : "allure1"
  } ],
  "parameters" : [ {
    "name" : "device",
    "value" : "google pixel 3-9.0"
  } ],
  "links" : [ ],
  "hidden" : false,
  "retry" : false,
  "extra" : {
    "severity" : "normal",
    "retries" : [ ],
    "categories" : [ {
      "name" : "Test defects",
      "matchedStatuses" : [ ],
      "flaky" : false
    } ],
    "tags" : [ ]
  },
  "source" : "4913186319cbd883.json",
  "parameterValues" : [ "google pixel 3-9.0" ]
}