{
  "uid" : "bb9675c73f2b11fb",
  "name" : "TC27- Verify that user can see the Activity timeline pertaining to a conversation",
  "fullName" : "Activity Panel and Notes.TC27- Verify that user can see the Activity timeline pertaining to a conversation",
  "historyId" : "61e68f8c31652d47451e9ad1d0b6d51b",
  "time" : {
    "start" : 1684259707009,
    "stop" : 1684259730124,
    "duration" : 23115
  },
  "description" : "",
  "descriptionHtml" : "",
  "status" : "broken",
  "statusMessage" : "TC27-Failed-->Reason: Error: Can't call touchAction on element with selector \"//android.widget.TextView[contains(@text,\"v 2.\")]\" because element wasn't found",
  "statusTrace" : "AssertionError [ERR_ASSERTION]: TC27-Failed-->Reason: Error: Can't call touchAction on element with selector \"//android.widget.TextView[contains(@text,\"v 2.\")]\" because element wasn't found\n                    at Context.<anonymous> (/Users/vagrant/git/Mobile-Automation/src/specs/androidNative/completeTestSuite3.spec.js:49:32)",
  "flaky" : false,
  "newFailed" : false,
  "beforeStages" : [ ],
  "testStage" : {
    "status" : "broken",
    "statusMessage" : "TC27-Failed-->Reason: Error: Can't call touchAction on element with selector \"//android.widget.TextView[contains(@text,\"v 2.\")]\" because element wasn't found",
    "statusTrace" : "AssertionError [ERR_ASSERTION]: TC27-Failed-->Reason: Error: Can't call touchAction on element with selector \"//android.widget.TextView[contains(@text,\"v 2.\")]\" because element wasn't found\n                    at Context.<anonymous> (/Users/vagrant/git/Mobile-Automation/src/specs/androidNative/completeTestSuite3.spec.js:49:32)",
    "steps" : [ {
      "name" : "\"before each\" hook for Activity Panel and Notes",
      "time" : {
        "start" : 1684259707010,
        "stop" : 1684259718891,
        "duration" : 11881
      },
      "status" : "passed",
      "steps" : [ ],
      "attachments" : [ ],
      "parameters" : [ ],
      "hasContent" : false,
      "stepsCount" : 0,
      "attachmentsCount" : 0,
      "shouldDisplayMessage" : false
    }, {
      "name" : "\"after each\" hook for Activity Panel and Notes",
      "time" : {
        "start" : 1684259730124,
        "stop" : 1684259730327,
        "duration" : 203
      },
      "status" : "failed",
      "steps" : [ ],
      "attachments" : [ ],
      "parameters" : [ ],
      "hasContent" : false,
      "stepsCount" : 0,
      "attachmentsCount" : 0,
      "shouldDisplayMessage" : false
    } ],
    "attachments" : [ {
      "uid" : "a03052dfe99b93bf",
      "name" : "Screenshot",
      "source" : "a03052dfe99b93bf.png",
      "type" : "image/png",
      "size" : 134862
    } ],
    "parameters" : [ ],
    "hasContent" : true,
    "stepsCount" : 2,
    "attachmentsCount" : 1,
    "shouldDisplayMessage" : true
  },
  "afterStages" : [ ],
  "labels" : [ {
    "name" : "framework",
    "value" : "wdio"
  }, {
    "name" : "language",
    "value" : "javascript"
  }, {
    "name" : "thread",
    "value" : "0-0"
  }, {
    "name" : "suite",
    "value" : "Activity Panel and Notes"
  }, {
    "name" : "testClass",
    "value" : "Activity Panel and Notes"
  }, {
    "name" : "testMethod",
    "value" : "TC27- Verify that user can see the Activity timeline pertaining to a conversation"
  }, {
    "name" : "package",
    "value" : "Activity Panel and Notes"
  }, {
    "name" : "resultFormat",
    "value" : "allure1"
  } ],
  "parameters" : [ {
    "name" : "device",
    "value" : "google pixel 3-9.0"
  } ],
  "links" : [ ],
  "hidden" : false,
  "retry" : false,
  "extra" : {
    "severity" : "normal",
    "retries" : [ {
      "uid" : "b9a99da13d398fa9",
      "status" : "passed",
      "time" : {
        "start" : 1684256175433,
        "stop" : 1684256218040,
        "duration" : 42607
      }
    } ],
    "categories" : [ {
      "name" : "Test defects",
      "matchedStatuses" : [ ],
      "flaky" : false
    } ],
    "tags" : [ ]
  },
  "source" : "bb9675c73f2b11fb.json",
  "parameterValues" : [ "google pixel 3-9.0" ]
}