{
  "uid" : "74ed853a9a95bca6",
  "name" : "TC531 - To verify that the search results are displayed according to the recent email activity done for conversations.",
  "fullName" : "Conversation Search.TC531 - To verify that the search results are displayed according to the recent email activity done for conversations.",
  "historyId" : "5caa92c7d823531911a03223c0871941",
  "time" : {
    "start" : 1682438458907,
    "stop" : 1682438500437,
    "duration" : 41530
  },
  "description" : "",
  "descriptionHtml" : "",
  "status" : "broken",
  "statusMessage" : "TC531-Failed-->Reason: Error: element (\"~date[0]\") still not displayed after 10000ms",
  "statusTrace" : "AssertionError [ERR_ASSERTION]: TC531-Failed-->Reason: Error: element (\"~date[0]\") still not displayed after 10000ms\n                    at Context.<anonymous> (/Users/vagrant/git/Mobile-Automation/src/specs/androidNative/completeTestSuite2.spec.js:532:32)",
  "flaky" : false,
  "newFailed" : false,
  "beforeStages" : [ ],
  "testStage" : {
    "status" : "broken",
    "statusMessage" : "TC531-Failed-->Reason: Error: element (\"~date[0]\") still not displayed after 10000ms",
    "statusTrace" : "AssertionError [ERR_ASSERTION]: TC531-Failed-->Reason: Error: element (\"~date[0]\") still not displayed after 10000ms\n                    at Context.<anonymous> (/Users/vagrant/git/Mobile-Automation/src/specs/androidNative/completeTestSuite2.spec.js:532:32)",
    "steps" : [ {
      "name" : "\"before each\" hook for Conversation Search",
      "time" : {
        "start" : 1682438458907,
        "stop" : 1682438470032,
        "duration" : 11125
      },
      "status" : "passed",
      "steps" : [ ],
      "attachments" : [ ],
      "parameters" : [ ],
      "stepsCount" : 0,
      "attachmentsCount" : 0,
      "shouldDisplayMessage" : false,
      "hasContent" : false
    }, {
      "name" : "\"after each\" hook for Conversation Search",
      "time" : {
        "start" : 1682438500437,
        "stop" : 1682438501519,
        "duration" : 1082
      },
      "status" : "passed",
      "steps" : [ ],
      "attachments" : [ ],
      "parameters" : [ ],
      "stepsCount" : 0,
      "attachmentsCount" : 0,
      "shouldDisplayMessage" : false,
      "hasContent" : false
    } ],
    "attachments" : [ {
      "uid" : "149c5cc690dd30b",
      "name" : "Screenshot",
      "source" : "149c5cc690dd30b.png",
      "type" : "image/png",
      "size" : 60725
    } ],
    "parameters" : [ ],
    "stepsCount" : 2,
    "attachmentsCount" : 1,
    "shouldDisplayMessage" : true,
    "hasContent" : true
  },
  "afterStages" : [ ],
  "labels" : [ {
    "name" : "framework",
    "value" : "wdio"
  }, {
    "name" : "language",
    "value" : "javascript"
  }, {
    "name" : "thread",
    "value" : "0-0"
  }, {
    "name" : "suite",
    "value" : "Conversation Search"
  }, {
    "name" : "testClass",
    "value" : "Conversation Search"
  }, {
    "name" : "testMethod",
    "value" : "TC531 - To verify that the search results are displayed according to the recent email activity done for conversations."
  }, {
    "name" : "package",
    "value" : "Conversation Search"
  }, {
    "name" : "resultFormat",
    "value" : "allure1"
  } ],
  "parameters" : [ {
    "name" : "device",
    "value" : "google pixel 3-9.0"
  } ],
  "links" : [ ],
  "hidden" : false,
  "retry" : false,
  "extra" : {
    "severity" : "normal",
    "retries" : [ ],
    "categories" : [ {
      "name" : "Test defects",
      "matchedStatuses" : [ ],
      "flaky" : false
    } ],
    "tags" : [ ]
  },
  "source" : "74ed853a9a95bca6.json",
  "parameterValues" : [ "google pixel 3-9.0" ]
}