{
  "uid" : "a6547fae8564f4df",
  "name" : "TC240 - Verify that user can modify To,From,CC,BCC fields after clicking on help and support option.",
  "fullName" : "Complete Test Suite.TC240 - Verify that user can modify To,From,CC,BCC fields after clicking on help and support option.",
  "historyId" : "c75c4dbe11c45d7d4d134880129b7f8",
  "time" : {
    "start" : 1654527574298,
    "stop" : 1654527619704,
    "duration" : 45406
  },
  "description" : "",
  "descriptionHtml" : "",
  "status" : "broken",
  "statusMessage" : "TC240-Failed-->Reason: Error: element (\"//android.view.ViewGroup[contains(@content-desc,\"Help and feedback\")]\") still not displayed after 10000ms",
  "statusTrace" : "AssertionError [ERR_ASSERTION]: TC240-Failed-->Reason: Error: element (\"//android.view.ViewGroup[contains(@content-desc,\"Help and feedback\")]\") still not displayed after 10000ms\n                    at Context.<anonymous> (/Users/vagrant/git/Mobile-Automation/src/specs/androidNative/completeTestSuite.spec.js:116:32)",
  "flaky" : false,
  "newFailed" : false,
  "newBroken" : false,
  "newPassed" : false,
  "retriesCount" : 0,
  "retriesStatusChange" : false,
  "beforeStages" : [ ],
  "testStage" : {
    "status" : "broken",
    "statusMessage" : "TC240-Failed-->Reason: Error: element (\"//android.view.ViewGroup[contains(@content-desc,\"Help and feedback\")]\") still not displayed after 10000ms",
    "statusTrace" : "AssertionError [ERR_ASSERTION]: TC240-Failed-->Reason: Error: element (\"//android.view.ViewGroup[contains(@content-desc,\"Help and feedback\")]\") still not displayed after 10000ms\n                    at Context.<anonymous> (/Users/vagrant/git/Mobile-Automation/src/specs/androidNative/completeTestSuite.spec.js:116:32)",
    "steps" : [ {
      "name" : "\"before each\" hook for Complete Test Suite",
      "time" : {
        "start" : 1654527574298,
        "stop" : 1654527595761,
        "duration" : 21463
      },
      "status" : "passed",
      "steps" : [ ],
      "attachments" : [ ],
      "parameters" : [ ],
      "attachmentsCount" : 0,
      "stepsCount" : 0,
      "hasContent" : false,
      "shouldDisplayMessage" : false
    }, {
      "name" : "\"after each\" hook for Complete Test Suite",
      "time" : {
        "start" : 1654527619704,
        "stop" : 1654527620874,
        "duration" : 1170
      },
      "status" : "passed",
      "steps" : [ ],
      "attachments" : [ ],
      "parameters" : [ ],
      "attachmentsCount" : 0,
      "stepsCount" : 0,
      "hasContent" : false,
      "shouldDisplayMessage" : false
    } ],
    "attachments" : [ {
      "uid" : "b093624c4d7b06a0",
      "name" : "Screenshot",
      "source" : "b093624c4d7b06a0.png",
      "type" : "image/png",
      "size" : 82490
    } ],
    "parameters" : [ ],
    "attachmentsCount" : 1,
    "stepsCount" : 2,
    "hasContent" : true,
    "shouldDisplayMessage" : true
  },
  "afterStages" : [ ],
  "labels" : [ {
    "name" : "framework",
    "value" : "wdio"
  }, {
    "name" : "language",
    "value" : "javascript"
  }, {
    "name" : "thread",
    "value" : "0-0"
  }, {
    "name" : "suite",
    "value" : "Complete Test Suite"
  }, {
    "name" : "testClass",
    "value" : "Complete Test Suite"
  }, {
    "name" : "testMethod",
    "value" : "TC240 - Verify that user can modify To,From,CC,BCC fields after clicking on help and support option."
  }, {
    "name" : "package",
    "value" : "Complete Test Suite"
  }, {
    "name" : "resultFormat",
    "value" : "allure1"
  } ],
  "parameters" : [ {
    "name" : "device",
    "value" : "google pixel 3-9.0"
  } ],
  "links" : [ ],
  "hidden" : false,
  "retry" : false,
  "extra" : {
    "severity" : "normal",
    "retries" : [ ],
    "categories" : [ {
      "name" : "Test defects",
      "matchedStatuses" : [ ],
      "flaky" : false
    } ],
    "tags" : [ ]
  },
  "source" : "a6547fae8564f4df.json",
  "parameterValues" : [ "google pixel 3-9.0" ]
}