{
  "uid" : "a3b6cccd429d0e87",
  "name" : "TC583 - To verify the date format and email address in the quoted text",
  "fullName" : "Quoted Text Test Suite.TC583 - To verify the date format and email address in the quoted text",
  "historyId" : "dc48a467edc0f39f477a30782633a136",
  "time" : {
    "start" : 1661617664207,
    "stop" : 1661617721476,
    "duration" : 57269
  },
  "description" : "",
  "descriptionHtml" : "",
  "status" : "broken",
  "statusMessage" : "TC583-Failed-->Reason: Error: element (\"~SDTitle\") still not displayed after 10000ms",
  "statusTrace" : "AssertionError [ERR_ASSERTION]: TC583-Failed-->Reason: Error: element (\"~SDTitle\") still not displayed after 10000ms\n                    at Context.<anonymous> (/Users/vagrant/git/Mobile-Automation/src/specs/androidNative/completeTestSuite2.spec.js:977:32)",
  "flaky" : false,
  "newFailed" : false,
  "newBroken" : false,
  "newPassed" : false,
  "retriesCount" : 0,
  "retriesStatusChange" : false,
  "beforeStages" : [ ],
  "testStage" : {
    "status" : "broken",
    "statusMessage" : "TC583-Failed-->Reason: Error: element (\"~SDTitle\") still not displayed after 10000ms",
    "statusTrace" : "AssertionError [ERR_ASSERTION]: TC583-Failed-->Reason: Error: element (\"~SDTitle\") still not displayed after 10000ms\n                    at Context.<anonymous> (/Users/vagrant/git/Mobile-Automation/src/specs/androidNative/completeTestSuite2.spec.js:977:32)",
    "steps" : [ {
      "name" : "\"before each\" hook for Quoted Text Test Suite",
      "time" : {
        "start" : 1661617664207,
        "stop" : 1661617675306,
        "duration" : 11099
      },
      "status" : "passed",
      "steps" : [ ],
      "attachments" : [ ],
      "parameters" : [ ],
      "attachmentsCount" : 0,
      "shouldDisplayMessage" : false,
      "stepsCount" : 0,
      "hasContent" : false
    }, {
      "name" : "\"after each\" hook for Quoted Text Test Suite",
      "time" : {
        "start" : 1661617721478,
        "stop" : 1661617722514,
        "duration" : 1036
      },
      "status" : "passed",
      "steps" : [ ],
      "attachments" : [ ],
      "parameters" : [ ],
      "attachmentsCount" : 0,
      "shouldDisplayMessage" : false,
      "stepsCount" : 0,
      "hasContent" : false
    } ],
    "attachments" : [ {
      "uid" : "690bf50f738438e1",
      "name" : "Screenshot",
      "source" : "690bf50f738438e1.png",
      "type" : "image/png",
      "size" : 104262
    } ],
    "parameters" : [ ],
    "attachmentsCount" : 1,
    "shouldDisplayMessage" : true,
    "stepsCount" : 2,
    "hasContent" : true
  },
  "afterStages" : [ ],
  "labels" : [ {
    "name" : "framework",
    "value" : "wdio"
  }, {
    "name" : "language",
    "value" : "javascript"
  }, {
    "name" : "thread",
    "value" : "0-0"
  }, {
    "name" : "suite",
    "value" : "Quoted Text Test Suite"
  }, {
    "name" : "testClass",
    "value" : "Quoted Text Test Suite"
  }, {
    "name" : "testMethod",
    "value" : "TC583 - To verify the date format and email address in the quoted text"
  }, {
    "name" : "package",
    "value" : "Quoted Text Test Suite"
  }, {
    "name" : "resultFormat",
    "value" : "allure1"
  } ],
  "parameters" : [ {
    "name" : "device",
    "value" : "google pixel 3-9.0"
  } ],
  "links" : [ ],
  "hidden" : false,
  "retry" : false,
  "extra" : {
    "severity" : "normal",
    "retries" : [ ],
    "categories" : [ {
      "name" : "Test defects",
      "matchedStatuses" : [ ],
      "flaky" : false
    } ],
    "tags" : [ ]
  },
  "source" : "a3b6cccd429d0e87.json",
  "parameterValues" : [ "google pixel 3-9.0" ]
}