{
  "uid" : "a63be871ed8c5197",
  "name" : "TC697 - To verify the first name of the SM member who is created the public permalink is displayed below the popup modal",
  "fullName" : "Complete Test Suite.TC697 - To verify the first name of the SM member who is created the public permalink is displayed below the popup modal",
  "historyId" : "4f0fddecc218f2bd8675bdacb1c2093d",
  "time" : {
    "start" : 1660722903287,
    "stop" : 1660722959807,
    "duration" : 56520
  },
  "description" : "",
  "descriptionHtml" : "",
  "status" : "broken",
  "statusMessage" : "TC697-Failed-->Reason: Error: element (\"//android.widget.EditText[@text=\"Select an email address\"]\") still not displayed after 10000ms",
  "statusTrace" : "AssertionError [ERR_ASSERTION]: TC697-Failed-->Reason: Error: element (\"//android.widget.EditText[@text=\"Select an email address\"]\") still not displayed after 10000ms\n                    at Context.<anonymous> (/Users/vagrant/git/Mobile-Automation/src/specs/androidNative/completeTestSuite2.spec.js:508:32)",
  "flaky" : false,
  "newFailed" : false,
  "newBroken" : false,
  "newPassed" : false,
  "retriesCount" : 0,
  "retriesStatusChange" : false,
  "beforeStages" : [ ],
  "testStage" : {
    "status" : "broken",
    "statusMessage" : "TC697-Failed-->Reason: Error: element (\"//android.widget.EditText[@text=\"Select an email address\"]\") still not displayed after 10000ms",
    "statusTrace" : "AssertionError [ERR_ASSERTION]: TC697-Failed-->Reason: Error: element (\"//android.widget.EditText[@text=\"Select an email address\"]\") still not displayed after 10000ms\n                    at Context.<anonymous> (/Users/vagrant/git/Mobile-Automation/src/specs/androidNative/completeTestSuite2.spec.js:508:32)",
    "steps" : [ {
      "name" : "\"before each\" hook for Complete Test Suite",
      "time" : {
        "start" : 1660722903287,
        "stop" : 1660722914962,
        "duration" : 11675
      },
      "status" : "passed",
      "steps" : [ ],
      "attachments" : [ ],
      "parameters" : [ ],
      "hasContent" : false,
      "stepsCount" : 0,
      "attachmentsCount" : 0,
      "shouldDisplayMessage" : false
    }, {
      "name" : "\"after each\" hook for Complete Test Suite",
      "time" : {
        "start" : 1660722959808,
        "stop" : 1660722961065,
        "duration" : 1257
      },
      "status" : "passed",
      "steps" : [ ],
      "attachments" : [ ],
      "parameters" : [ ],
      "hasContent" : false,
      "stepsCount" : 0,
      "attachmentsCount" : 0,
      "shouldDisplayMessage" : false
    } ],
    "attachments" : [ {
      "uid" : "e6de2d9f3d31dff9",
      "name" : "Screenshot",
      "source" : "e6de2d9f3d31dff9.png",
      "type" : "image/png",
      "size" : 186327
    } ],
    "parameters" : [ ],
    "hasContent" : true,
    "stepsCount" : 2,
    "attachmentsCount" : 1,
    "shouldDisplayMessage" : true
  },
  "afterStages" : [ ],
  "labels" : [ {
    "name" : "framework",
    "value" : "wdio"
  }, {
    "name" : "language",
    "value" : "javascript"
  }, {
    "name" : "thread",
    "value" : "0-0"
  }, {
    "name" : "suite",
    "value" : "Complete Test Suite"
  }, {
    "name" : "testClass",
    "value" : "Complete Test Suite"
  }, {
    "name" : "testMethod",
    "value" : "TC697 - To verify the first name of the SM member who is created the public permalink is displayed below the popup modal"
  }, {
    "name" : "package",
    "value" : "Complete Test Suite"
  }, {
    "name" : "resultFormat",
    "value" : "allure1"
  } ],
  "parameters" : [ {
    "name" : "device",
    "value" : "google pixel 3-9.0"
  } ],
  "links" : [ ],
  "hidden" : false,
  "retry" : false,
  "extra" : {
    "severity" : "normal",
    "retries" : [ ],
    "categories" : [ {
      "name" : "Test defects",
      "matchedStatuses" : [ ],
      "flaky" : false
    } ],
    "tags" : [ ]
  },
  "source" : "a63be871ed8c5197.json",
  "parameterValues" : [ "google pixel 3-9.0" ]
}