{
  "uid" : "c1d0c3e1a105c9d8",
  "name" : "TC758 - To verify if user clicks on the \"Public Permalink\", he/she taken to the webpage even if the app is installed.",
  "fullName" : "Complete Test Suite.TC758 - To verify if user clicks on the \"Public Permalink\", he/she taken to the webpage even if the app is installed.",
  "historyId" : "8fd98392bcca5d04ebfcd6a5ec66c2b0",
  "time" : {
    "start" : 1660722529930,
    "stop" : 1660722626850,
    "duration" : 96920
  },
  "description" : "",
  "descriptionHtml" : "",
  "status" : "broken",
  "statusMessage" : "TC758-Failed-->Reason: Error: element (\"//android.widget.EditText[@text = \"Add a note\"]\") still not displayed after 10000ms",
  "statusTrace" : "AssertionError [ERR_ASSERTION]: TC758-Failed-->Reason: Error: element (\"//android.widget.EditText[@text = \"Add a note\"]\") still not displayed after 10000ms\n                    at Context.<anonymous> (/Users/vagrant/git/Mobile-Automation/src/specs/androidNative/completeTestSuite2.spec.js:394:32)",
  "flaky" : false,
  "newFailed" : false,
  "newBroken" : false,
  "newPassed" : false,
  "retriesCount" : 0,
  "retriesStatusChange" : false,
  "beforeStages" : [ ],
  "testStage" : {
    "status" : "broken",
    "statusMessage" : "TC758-Failed-->Reason: Error: element (\"//android.widget.EditText[@text = \"Add a note\"]\") still not displayed after 10000ms",
    "statusTrace" : "AssertionError [ERR_ASSERTION]: TC758-Failed-->Reason: Error: element (\"//android.widget.EditText[@text = \"Add a note\"]\") still not displayed after 10000ms\n                    at Context.<anonymous> (/Users/vagrant/git/Mobile-Automation/src/specs/androidNative/completeTestSuite2.spec.js:394:32)",
    "steps" : [ {
      "name" : "\"before each\" hook for Complete Test Suite",
      "time" : {
        "start" : 1660722529931,
        "stop" : 1660722541442,
        "duration" : 11511
      },
      "status" : "passed",
      "steps" : [ ],
      "attachments" : [ ],
      "parameters" : [ ],
      "hasContent" : false,
      "stepsCount" : 0,
      "attachmentsCount" : 0,
      "shouldDisplayMessage" : false
    }, {
      "name" : "\"after each\" hook for Complete Test Suite",
      "time" : {
        "start" : 1660722626852,
        "stop" : 1660722628215,
        "duration" : 1363
      },
      "status" : "passed",
      "steps" : [ ],
      "attachments" : [ ],
      "parameters" : [ ],
      "hasContent" : false,
      "stepsCount" : 0,
      "attachmentsCount" : 0,
      "shouldDisplayMessage" : false
    } ],
    "attachments" : [ {
      "uid" : "8e33a9660fc5e4a9",
      "name" : "Screenshot",
      "source" : "8e33a9660fc5e4a9.png",
      "type" : "image/png",
      "size" : 188827
    } ],
    "parameters" : [ ],
    "hasContent" : true,
    "stepsCount" : 2,
    "attachmentsCount" : 1,
    "shouldDisplayMessage" : true
  },
  "afterStages" : [ ],
  "labels" : [ {
    "name" : "framework",
    "value" : "wdio"
  }, {
    "name" : "language",
    "value" : "javascript"
  }, {
    "name" : "thread",
    "value" : "0-0"
  }, {
    "name" : "suite",
    "value" : "Complete Test Suite"
  }, {
    "name" : "testClass",
    "value" : "Complete Test Suite"
  }, {
    "name" : "testMethod",
    "value" : "TC758 - To verify if user clicks on the \"Public Permalink\", he/she taken to the webpage even if the app is installed."
  }, {
    "name" : "package",
    "value" : "Complete Test Suite"
  }, {
    "name" : "resultFormat",
    "value" : "allure1"
  } ],
  "parameters" : [ {
    "name" : "device",
    "value" : "google pixel 3-9.0"
  } ],
  "links" : [ ],
  "hidden" : false,
  "retry" : false,
  "extra" : {
    "severity" : "normal",
    "retries" : [ ],
    "categories" : [ {
      "name" : "Test defects",
      "matchedStatuses" : [ ],
      "flaky" : false
    } ],
    "tags" : [ ]
  },
  "source" : "c1d0c3e1a105c9d8.json",
  "parameterValues" : [ "google pixel 3-9.0" ]
}