{
  "uid" : "ff1d8a1ca811b55c",
  "name" : "TC564 - To verify \"Hide Quoted Text\" and \"Remove\" link is visible when user has expanded the quoted text in compose screen.",
  "fullName" : "Complete Test Suite.TC564 - To verify \"Hide Quoted Text\" and \"Remove\" link is visible when user has expanded the quoted text in compose screen.",
  "historyId" : "2687ddc93765d90099171a3c45d663cf",
  "time" : {
    "start" : 1660723865140,
    "stop" : 1660723910714,
    "duration" : 45574
  },
  "description" : "",
  "descriptionHtml" : "",
  "status" : "broken",
  "statusMessage" : "TC564-Failed-->Reason: ReferenceError: quotedText is not defined",
  "statusTrace" : "AssertionError [ERR_ASSERTION]: TC564-Failed-->Reason: ReferenceError: quotedText is not defined\n                    at Context.<anonymous> (/Users/vagrant/git/Mobile-Automation/src/specs/androidNative/completeTestSuite2.spec.js:746:32)",
  "flaky" : false,
  "newFailed" : false,
  "newBroken" : false,
  "newPassed" : false,
  "retriesCount" : 0,
  "retriesStatusChange" : false,
  "beforeStages" : [ ],
  "testStage" : {
    "status" : "broken",
    "statusMessage" : "TC564-Failed-->Reason: ReferenceError: quotedText is not defined",
    "statusTrace" : "AssertionError [ERR_ASSERTION]: TC564-Failed-->Reason: ReferenceError: quotedText is not defined\n                    at Context.<anonymous> (/Users/vagrant/git/Mobile-Automation/src/specs/androidNative/completeTestSuite2.spec.js:746:32)",
    "steps" : [ {
      "name" : "\"before each\" hook for Complete Test Suite",
      "time" : {
        "start" : 1660723865140,
        "stop" : 1660723876591,
        "duration" : 11451
      },
      "status" : "passed",
      "steps" : [ ],
      "attachments" : [ ],
      "parameters" : [ ],
      "hasContent" : false,
      "stepsCount" : 0,
      "attachmentsCount" : 0,
      "shouldDisplayMessage" : false
    }, {
      "name" : "\"after each\" hook for Complete Test Suite",
      "time" : {
        "start" : 1660723910714,
        "stop" : 1660723912169,
        "duration" : 1455
      },
      "status" : "passed",
      "steps" : [ ],
      "attachments" : [ ],
      "parameters" : [ ],
      "hasContent" : false,
      "stepsCount" : 0,
      "attachmentsCount" : 0,
      "shouldDisplayMessage" : false
    } ],
    "attachments" : [ {
      "uid" : "b02bdfc1484ba295",
      "name" : "Screenshot",
      "source" : "b02bdfc1484ba295.png",
      "type" : "image/png",
      "size" : 184997
    } ],
    "parameters" : [ ],
    "hasContent" : true,
    "stepsCount" : 2,
    "attachmentsCount" : 1,
    "shouldDisplayMessage" : true
  },
  "afterStages" : [ ],
  "labels" : [ {
    "name" : "framework",
    "value" : "wdio"
  }, {
    "name" : "language",
    "value" : "javascript"
  }, {
    "name" : "thread",
    "value" : "0-0"
  }, {
    "name" : "suite",
    "value" : "Complete Test Suite"
  }, {
    "name" : "testClass",
    "value" : "Complete Test Suite"
  }, {
    "name" : "testMethod",
    "value" : "TC564 - To verify \"Hide Quoted Text\" and \"Remove\" link is visible when user has expanded the quoted text in compose screen."
  }, {
    "name" : "package",
    "value" : "Complete Test Suite"
  }, {
    "name" : "resultFormat",
    "value" : "allure1"
  } ],
  "parameters" : [ {
    "name" : "device",
    "value" : "google pixel 3-9.0"
  } ],
  "links" : [ ],
  "hidden" : false,
  "retry" : false,
  "extra" : {
    "severity" : "normal",
    "retries" : [ ],
    "categories" : [ {
      "name" : "Test defects",
      "matchedStatuses" : [ ],
      "flaky" : false
    } ],
    "tags" : [ ]
  },
  "source" : "ff1d8a1ca811b55c.json",
  "parameterValues" : [ "google pixel 3-9.0" ]
}