{
  "uid" : "360cff4d2f2c1cb7",
  "name" : "TC591 - To verify \"Forwarded\" mail becomes part of the original thread for the user who is forwarding the mail.",
  "fullName" : "Forward.TC591 - To verify \"Forwarded\" mail becomes part of the original thread for the user who is forwarding the mail.",
  "historyId" : "1c7b68881e1dc8e95bf51de023afa27b",
  "time" : {
    "start" : 1685291525726,
    "stop" : 1685291550002,
    "duration" : 24276
  },
  "description" : "",
  "descriptionHtml" : "",
  "status" : "broken",
  "statusMessage" : "TC591-Failed-->Reason: Error: Can't call touchAction on element with selector \"//android.widget.TextView[contains(@text,\"v 2.\")]\" because element wasn't found",
  "statusTrace" : "AssertionError [ERR_ASSERTION]: TC591-Failed-->Reason: Error: Can't call touchAction on element with selector \"//android.widget.TextView[contains(@text,\"v 2.\")]\" because element wasn't found\n                    at Context.<anonymous> (/Users/vagrant/git/Mobile-Automation/src/specs/androidNative/completeTestSuite2.spec.js:1353:32)",
  "flaky" : false,
  "newFailed" : false,
  "beforeStages" : [ ],
  "testStage" : {
    "status" : "broken",
    "statusMessage" : "TC591-Failed-->Reason: Error: Can't call touchAction on element with selector \"//android.widget.TextView[contains(@text,\"v 2.\")]\" because element wasn't found",
    "statusTrace" : "AssertionError [ERR_ASSERTION]: TC591-Failed-->Reason: Error: Can't call touchAction on element with selector \"//android.widget.TextView[contains(@text,\"v 2.\")]\" because element wasn't found\n                    at Context.<anonymous> (/Users/vagrant/git/Mobile-Automation/src/specs/androidNative/completeTestSuite2.spec.js:1353:32)",
    "steps" : [ {
      "name" : "\"before each\" hook for Forward",
      "time" : {
        "start" : 1685291525726,
        "stop" : 1685291536875,
        "duration" : 11149
      },
      "status" : "passed",
      "steps" : [ ],
      "attachments" : [ ],
      "parameters" : [ ],
      "hasContent" : false,
      "stepsCount" : 0,
      "attachmentsCount" : 0,
      "shouldDisplayMessage" : false
    }, {
      "name" : "\"after each\" hook for Forward",
      "time" : {
        "start" : 1685291550003,
        "stop" : 1685291551033,
        "duration" : 1030
      },
      "status" : "passed",
      "steps" : [ ],
      "attachments" : [ ],
      "parameters" : [ ],
      "hasContent" : false,
      "stepsCount" : 0,
      "attachmentsCount" : 0,
      "shouldDisplayMessage" : false
    } ],
    "attachments" : [ {
      "uid" : "277a7e0f100501d",
      "name" : "Screenshot",
      "source" : "277a7e0f100501d.png",
      "type" : "image/png",
      "size" : 2671799
    } ],
    "parameters" : [ ],
    "hasContent" : true,
    "stepsCount" : 2,
    "attachmentsCount" : 1,
    "shouldDisplayMessage" : true
  },
  "afterStages" : [ ],
  "labels" : [ {
    "name" : "framework",
    "value" : "wdio"
  }, {
    "name" : "language",
    "value" : "javascript"
  }, {
    "name" : "thread",
    "value" : "0-0"
  }, {
    "name" : "suite",
    "value" : "Forward"
  }, {
    "name" : "testClass",
    "value" : "Forward"
  }, {
    "name" : "testMethod",
    "value" : "TC591 - To verify \"Forwarded\" mail becomes part of the original thread for the user who is forwarding the mail."
  }, {
    "name" : "package",
    "value" : "Forward"
  }, {
    "name" : "resultFormat",
    "value" : "allure1"
  } ],
  "parameters" : [ {
    "name" : "device",
    "value" : "google pixel 3-9.0"
  } ],
  "links" : [ ],
  "hidden" : false,
  "retry" : false,
  "extra" : {
    "severity" : "normal",
    "retries" : [ ],
    "categories" : [ {
      "name" : "Test defects",
      "matchedStatuses" : [ ],
      "flaky" : false
    } ],
    "tags" : [ ]
  },
  "source" : "360cff4d2f2c1cb7.json",
  "parameterValues" : [ "google pixel 3-9.0" ]
}