{
  "uid" : "1d0774b8199e52d5",
  "name" : "TC652 - To verify user is able to navigate to search screen from default categories present under Gmail Inbox.",
  "fullName" : "Inbox Test Suite.TC652 - To verify user is able to navigate to search screen from default categories present under Gmail Inbox.",
  "historyId" : "1e9d44e265cad7bee40272fc6c7d95f6",
  "time" : {
    "start" : 1682515527123,
    "stop" : 1682515527131,
    "duration" : 8
  },
  "description" : "",
  "descriptionHtml" : "",
  "status" : "broken",
  "statusMessage" : "TC652-Failed-->Reason: TypeError: $(...).touchAction is not a function",
  "statusTrace" : "AssertionError [ERR_ASSERTION]: TC652-Failed-->Reason: TypeError: $(...).touchAction is not a function\n                    at Context.<anonymous> (/Users/vagrant/git/Mobile-Automation/src/specs/androidNative/completeTestSuite.spec.js:614:32)\n                    at Context.executeAsync (/Users/vagrant/git/Mobile-Automation/node_modules/@wdio/utils/build/shim.js:101:25)\n                    at Context.exports.testFrameworkFnWrapper (/Users/vagrant/git/Mobile-Automation/node_modules/@wdio/utils/build/test-framework/testFnWrapper.js:18:32)",
  "flaky" : false,
  "newFailed" : false,
  "beforeStages" : [ ],
  "testStage" : {
    "status" : "broken",
    "statusMessage" : "TC652-Failed-->Reason: TypeError: $(...).touchAction is not a function",
    "statusTrace" : "AssertionError [ERR_ASSERTION]: TC652-Failed-->Reason: TypeError: $(...).touchAction is not a function\n                    at Context.<anonymous> (/Users/vagrant/git/Mobile-Automation/src/specs/androidNative/completeTestSuite.spec.js:614:32)\n                    at Context.executeAsync (/Users/vagrant/git/Mobile-Automation/node_modules/@wdio/utils/build/shim.js:101:25)\n                    at Context.exports.testFrameworkFnWrapper (/Users/vagrant/git/Mobile-Automation/node_modules/@wdio/utils/build/test-framework/testFnWrapper.js:18:32)",
    "steps" : [ {
      "name" : "\"before each\" hook for Inbox Test Suite",
      "time" : {
        "start" : 1682515527123,
        "stop" : 1682515527128,
        "duration" : 5
      },
      "status" : "passed",
      "steps" : [ ],
      "attachments" : [ ],
      "parameters" : [ ],
      "stepsCount" : 0,
      "attachmentsCount" : 0,
      "shouldDisplayMessage" : false,
      "hasContent" : false
    }, {
      "name" : "\"after each\" hook for Inbox Test Suite",
      "time" : {
        "start" : 1682515527133,
        "stop" : 1682515527135,
        "duration" : 2
      },
      "status" : "passed",
      "steps" : [ ],
      "attachments" : [ ],
      "parameters" : [ ],
      "stepsCount" : 0,
      "attachmentsCount" : 0,
      "shouldDisplayMessage" : false,
      "hasContent" : false
    } ],
    "attachments" : [ ],
    "parameters" : [ ],
    "stepsCount" : 2,
    "attachmentsCount" : 0,
    "shouldDisplayMessage" : true,
    "hasContent" : true
  },
  "afterStages" : [ ],
  "labels" : [ {
    "name" : "framework",
    "value" : "wdio"
  }, {
    "name" : "language",
    "value" : "javascript"
  }, {
    "name" : "thread",
    "value" : "0-0"
  }, {
    "name" : "suite",
    "value" : "Inbox Test Suite"
  }, {
    "name" : "testClass",
    "value" : "Inbox Test Suite"
  }, {
    "name" : "testMethod",
    "value" : "TC652 - To verify user is able to navigate to search screen from default categories present under Gmail Inbox."
  }, {
    "name" : "package",
    "value" : "Inbox Test Suite"
  }, {
    "name" : "resultFormat",
    "value" : "allure1"
  } ],
  "parameters" : [ {
    "name" : "device",
    "value" : "google pixel 3-9.0"
  } ],
  "links" : [ ],
  "hidden" : false,
  "retry" : false,
  "extra" : {
    "severity" : "normal",
    "retries" : [ ],
    "categories" : [ {
      "name" : "Test defects",
      "matchedStatuses" : [ ],
      "flaky" : false
    } ],
    "tags" : [ ]
  },
  "source" : "1d0774b8199e52d5.json",
  "parameterValues" : [ "google pixel 3-9.0" ]
}