{
  "uid" : "c1b04404deb1d1ce",
  "name" : "TC645 - To verify When the user enters into a conversation, all unread emails are expanded by default, and the rest are collapsed",
  "fullName" : "Inbox Test Suite.TC645 - To verify When the user enters into a conversation, all unread emails are expanded by default, and the rest are collapsed",
  "historyId" : "c61ce4ccf03d67b48a6b2ce068a9c51f",
  "time" : {
    "start" : 1682515527040,
    "stop" : 1682515527047,
    "duration" : 7
  },
  "description" : "",
  "descriptionHtml" : "",
  "status" : "broken",
  "statusMessage" : "TC645-Failed-->Reason: TypeError: $(...).touchAction is not a function",
  "statusTrace" : "AssertionError [ERR_ASSERTION]: TC645-Failed-->Reason: TypeError: $(...).touchAction is not a function\n                    at Context.<anonymous> (/Users/vagrant/git/Mobile-Automation/src/specs/androidNative/completeTestSuite.spec.js:538:32)\n                    at Context.executeAsync (/Users/vagrant/git/Mobile-Automation/node_modules/@wdio/utils/build/shim.js:101:25)\n                    at Context.exports.testFrameworkFnWrapper (/Users/vagrant/git/Mobile-Automation/node_modules/@wdio/utils/build/test-framework/testFnWrapper.js:18:32)",
  "flaky" : false,
  "newFailed" : false,
  "beforeStages" : [ ],
  "testStage" : {
    "status" : "broken",
    "statusMessage" : "TC645-Failed-->Reason: TypeError: $(...).touchAction is not a function",
    "statusTrace" : "AssertionError [ERR_ASSERTION]: TC645-Failed-->Reason: TypeError: $(...).touchAction is not a function\n                    at Context.<anonymous> (/Users/vagrant/git/Mobile-Automation/src/specs/androidNative/completeTestSuite.spec.js:538:32)\n                    at Context.executeAsync (/Users/vagrant/git/Mobile-Automation/node_modules/@wdio/utils/build/shim.js:101:25)\n                    at Context.exports.testFrameworkFnWrapper (/Users/vagrant/git/Mobile-Automation/node_modules/@wdio/utils/build/test-framework/testFnWrapper.js:18:32)",
    "steps" : [ {
      "name" : "\"before each\" hook for Inbox Test Suite",
      "time" : {
        "start" : 1682515527041,
        "stop" : 1682515527043,
        "duration" : 2
      },
      "status" : "passed",
      "steps" : [ ],
      "attachments" : [ ],
      "parameters" : [ ],
      "stepsCount" : 0,
      "attachmentsCount" : 0,
      "shouldDisplayMessage" : false,
      "hasContent" : false
    }, {
      "name" : "\"after each\" hook for Inbox Test Suite",
      "time" : {
        "start" : 1682515527049,
        "stop" : 1682515527051,
        "duration" : 2
      },
      "status" : "passed",
      "steps" : [ ],
      "attachments" : [ ],
      "parameters" : [ ],
      "stepsCount" : 0,
      "attachmentsCount" : 0,
      "shouldDisplayMessage" : false,
      "hasContent" : false
    } ],
    "attachments" : [ ],
    "parameters" : [ ],
    "stepsCount" : 2,
    "attachmentsCount" : 0,
    "shouldDisplayMessage" : true,
    "hasContent" : true
  },
  "afterStages" : [ ],
  "labels" : [ {
    "name" : "framework",
    "value" : "wdio"
  }, {
    "name" : "language",
    "value" : "javascript"
  }, {
    "name" : "thread",
    "value" : "0-0"
  }, {
    "name" : "suite",
    "value" : "Inbox Test Suite"
  }, {
    "name" : "testClass",
    "value" : "Inbox Test Suite"
  }, {
    "name" : "testMethod",
    "value" : "TC645 - To verify When the user enters into a conversation, all unread emails are expanded by default, and the rest are collapsed"
  }, {
    "name" : "package",
    "value" : "Inbox Test Suite"
  }, {
    "name" : "resultFormat",
    "value" : "allure1"
  } ],
  "parameters" : [ {
    "name" : "device",
    "value" : "google pixel 3-9.0"
  } ],
  "links" : [ ],
  "hidden" : false,
  "retry" : false,
  "extra" : {
    "severity" : "normal",
    "retries" : [ ],
    "categories" : [ {
      "name" : "Test defects",
      "matchedStatuses" : [ ],
      "flaky" : false
    } ],
    "tags" : [ ]
  },
  "source" : "c1b04404deb1d1ce.json",
  "parameterValues" : [ "google pixel 3-9.0" ]
}