{
  "uid" : "7940b12ccb6b85b0",
  "name" : "TC735 - To verify \"Compose\" page is displayed when clicked on \"Compose\" button in left drawer panel.",
  "fullName" : "Left and Right Panel Test Suite.TC735 - To verify \"Compose\" page is displayed when clicked on \"Compose\" button in left drawer panel.",
  "historyId" : "fc85dfe692d99d8c42466bf734bf561e",
  "time" : {
    "start" : 1682515526775,
    "stop" : 1682515526782,
    "duration" : 7
  },
  "description" : "",
  "descriptionHtml" : "",
  "status" : "broken",
  "statusMessage" : "TC735-Failed-->Reason: TypeError: $(...).touchAction is not a function",
  "statusTrace" : "AssertionError [ERR_ASSERTION]: TC735-Failed-->Reason: TypeError: $(...).touchAction is not a function\n                    at Context.<anonymous> (/Users/vagrant/git/Mobile-Automation/src/specs/androidNative/completeTestSuite.spec.js:219:32)\n                    at Context.executeAsync (/Users/vagrant/git/Mobile-Automation/node_modules/@wdio/utils/build/shim.js:101:25)\n                    at Context.exports.testFrameworkFnWrapper (/Users/vagrant/git/Mobile-Automation/node_modules/@wdio/utils/build/test-framework/testFnWrapper.js:18:32)",
  "flaky" : false,
  "newFailed" : false,
  "beforeStages" : [ ],
  "testStage" : {
    "status" : "broken",
    "statusMessage" : "TC735-Failed-->Reason: TypeError: $(...).touchAction is not a function",
    "statusTrace" : "AssertionError [ERR_ASSERTION]: TC735-Failed-->Reason: TypeError: $(...).touchAction is not a function\n                    at Context.<anonymous> (/Users/vagrant/git/Mobile-Automation/src/specs/androidNative/completeTestSuite.spec.js:219:32)\n                    at Context.executeAsync (/Users/vagrant/git/Mobile-Automation/node_modules/@wdio/utils/build/shim.js:101:25)\n                    at Context.exports.testFrameworkFnWrapper (/Users/vagrant/git/Mobile-Automation/node_modules/@wdio/utils/build/test-framework/testFnWrapper.js:18:32)",
    "steps" : [ {
      "name" : "\"before each\" hook for Left and Right Panel Test Suite",
      "time" : {
        "start" : 1682515526776,
        "stop" : 1682515526778,
        "duration" : 2
      },
      "status" : "passed",
      "steps" : [ ],
      "attachments" : [ ],
      "parameters" : [ ],
      "hasContent" : false,
      "stepsCount" : 0,
      "attachmentsCount" : 0,
      "shouldDisplayMessage" : false
    }, {
      "name" : "\"after each\" hook for Left and Right Panel Test Suite",
      "time" : {
        "start" : 1682515526784,
        "stop" : 1682515526786,
        "duration" : 2
      },
      "status" : "passed",
      "steps" : [ ],
      "attachments" : [ ],
      "parameters" : [ ],
      "hasContent" : false,
      "stepsCount" : 0,
      "attachmentsCount" : 0,
      "shouldDisplayMessage" : false
    } ],
    "attachments" : [ ],
    "parameters" : [ ],
    "hasContent" : true,
    "stepsCount" : 2,
    "attachmentsCount" : 0,
    "shouldDisplayMessage" : true
  },
  "afterStages" : [ ],
  "labels" : [ {
    "name" : "framework",
    "value" : "wdio"
  }, {
    "name" : "language",
    "value" : "javascript"
  }, {
    "name" : "thread",
    "value" : "0-0"
  }, {
    "name" : "suite",
    "value" : "Left and Right Panel Test Suite"
  }, {
    "name" : "testClass",
    "value" : "Left and Right Panel Test Suite"
  }, {
    "name" : "testMethod",
    "value" : "TC735 - To verify \"Compose\" page is displayed when clicked on \"Compose\" button in left drawer panel."
  }, {
    "name" : "package",
    "value" : "Left and Right Panel Test Suite"
  }, {
    "name" : "resultFormat",
    "value" : "allure1"
  } ],
  "parameters" : [ {
    "name" : "device",
    "value" : "google pixel 3-9.0"
  } ],
  "links" : [ ],
  "hidden" : false,
  "retry" : false,
  "extra" : {
    "severity" : "normal",
    "retries" : [ ],
    "categories" : [ {
      "name" : "Test defects",
      "matchedStatuses" : [ ],
      "flaky" : false
    } ],
    "tags" : [ ]
  },
  "source" : "7940b12ccb6b85b0.json",
  "parameterValues" : [ "google pixel 3-9.0" ]
}