{
  "uid" : "b5638edd644a2bb7",
  "name" : "TC262- Verify that app version is shown on the login screen",
  "fullName" : "Login Test Suite.TC262- Verify that app version is shown on the login screen",
  "historyId" : "b3480c348f92b3f9ecbcf36a935ecdc",
  "time" : {
    "start" : 1682515526607,
    "stop" : 1682515526621,
    "duration" : 14
  },
  "description" : "",
  "descriptionHtml" : "",
  "status" : "broken",
  "statusMessage" : "TC262-Failed-->Reason: TypeError: $(...).getText is not a function",
  "statusTrace" : "AssertionError [ERR_ASSERTION]: TC262-Failed-->Reason: TypeError: $(...).getText is not a function\n                    at Context.<anonymous> (/Users/vagrant/git/Mobile-Automation/src/specs/androidNative/completeTestSuite.spec.js:36:32)\n                    at Context.executeAsync (/Users/vagrant/git/Mobile-Automation/node_modules/@wdio/utils/build/shim.js:101:25)\n                    at Context.exports.testFrameworkFnWrapper (/Users/vagrant/git/Mobile-Automation/node_modules/@wdio/utils/build/test-framework/testFnWrapper.js:18:32)",
  "flaky" : false,
  "newFailed" : false,
  "beforeStages" : [ ],
  "testStage" : {
    "status" : "broken",
    "statusMessage" : "TC262-Failed-->Reason: TypeError: $(...).getText is not a function",
    "statusTrace" : "AssertionError [ERR_ASSERTION]: TC262-Failed-->Reason: TypeError: $(...).getText is not a function\n                    at Context.<anonymous> (/Users/vagrant/git/Mobile-Automation/src/specs/androidNative/completeTestSuite.spec.js:36:32)\n                    at Context.executeAsync (/Users/vagrant/git/Mobile-Automation/node_modules/@wdio/utils/build/shim.js:101:25)\n                    at Context.exports.testFrameworkFnWrapper (/Users/vagrant/git/Mobile-Automation/node_modules/@wdio/utils/build/test-framework/testFnWrapper.js:18:32)",
    "steps" : [ {
      "name" : "\"before each\" hook for Login Test Suite",
      "time" : {
        "start" : 1682515526608,
        "stop" : 1682515526613,
        "duration" : 5
      },
      "status" : "passed",
      "steps" : [ ],
      "attachments" : [ ],
      "parameters" : [ ],
      "hasContent" : false,
      "stepsCount" : 0,
      "attachmentsCount" : 0,
      "shouldDisplayMessage" : false
    }, {
      "name" : "\"after each\" hook for Login Test Suite",
      "time" : {
        "start" : 1682515526623,
        "stop" : 1682515526624,
        "duration" : 1
      },
      "status" : "passed",
      "steps" : [ ],
      "attachments" : [ ],
      "parameters" : [ ],
      "hasContent" : false,
      "stepsCount" : 0,
      "attachmentsCount" : 0,
      "shouldDisplayMessage" : false
    } ],
    "attachments" : [ ],
    "parameters" : [ ],
    "hasContent" : true,
    "stepsCount" : 2,
    "attachmentsCount" : 0,
    "shouldDisplayMessage" : true
  },
  "afterStages" : [ ],
  "labels" : [ {
    "name" : "framework",
    "value" : "wdio"
  }, {
    "name" : "language",
    "value" : "javascript"
  }, {
    "name" : "thread",
    "value" : "0-0"
  }, {
    "name" : "suite",
    "value" : "Login Test Suite"
  }, {
    "name" : "testClass",
    "value" : "Login Test Suite"
  }, {
    "name" : "testMethod",
    "value" : "TC262- Verify that app version is shown on the login screen"
  }, {
    "name" : "package",
    "value" : "Login Test Suite"
  }, {
    "name" : "resultFormat",
    "value" : "allure1"
  } ],
  "parameters" : [ {
    "name" : "device",
    "value" : "google pixel 3-9.0"
  } ],
  "links" : [ ],
  "hidden" : false,
  "retry" : false,
  "extra" : {
    "severity" : "normal",
    "retries" : [ ],
    "categories" : [ {
      "name" : "Test defects",
      "matchedStatuses" : [ ],
      "flaky" : false
    } ],
    "tags" : [ ]
  },
  "source" : "b5638edd644a2bb7.json",
  "parameterValues" : [ "google pixel 3-9.0" ]
}