{
  "uid" : "be3fd331c68c0f72",
  "name" : "TC434 - To verify Unassigned \"View\" floater button is present along with the views count when user logs in the app every time by default",
  "fullName" : "Status & Views.TC434 - To verify Unassigned \"View\" floater button is present along with the views count when user logs in the app every time by default",
  "historyId" : "1a776db72a7ad0108c4876ba1afd9f7d",
  "time" : {
    "start" : 1684172966130,
    "stop" : 1684172989192,
    "duration" : 23062
  },
  "description" : "",
  "descriptionHtml" : "",
  "status" : "broken",
  "statusMessage" : "TC434-Failed-->Reason: Error: Can't call touchAction on element with selector \"//android.widget.TextView[contains(@text,\"v 2.\")]\" because element wasn't found",
  "statusTrace" : "AssertionError [ERR_ASSERTION]: TC434-Failed-->Reason: Error: Can't call touchAction on element with selector \"//android.widget.TextView[contains(@text,\"v 2.\")]\" because element wasn't found\n                    at Context.<anonymous> (/Users/vagrant/git/Mobile-Automation/src/specs/androidNative/completeTestSuite3.spec.js:889:32)",
  "flaky" : false,
  "newFailed" : false,
  "beforeStages" : [ ],
  "testStage" : {
    "status" : "broken",
    "statusMessage" : "TC434-Failed-->Reason: Error: Can't call touchAction on element with selector \"//android.widget.TextView[contains(@text,\"v 2.\")]\" because element wasn't found",
    "statusTrace" : "AssertionError [ERR_ASSERTION]: TC434-Failed-->Reason: Error: Can't call touchAction on element with selector \"//android.widget.TextView[contains(@text,\"v 2.\")]\" because element wasn't found\n                    at Context.<anonymous> (/Users/vagrant/git/Mobile-Automation/src/specs/androidNative/completeTestSuite3.spec.js:889:32)",
    "steps" : [ {
      "name" : "\"before each\" hook for Status & Views",
      "time" : {
        "start" : 1684172966130,
        "stop" : 1684172977850,
        "duration" : 11720
      },
      "status" : "passed",
      "steps" : [ ],
      "attachments" : [ ],
      "parameters" : [ ],
      "hasContent" : false,
      "stepsCount" : 0,
      "attachmentsCount" : 0,
      "shouldDisplayMessage" : false
    }, {
      "name" : "\"after each\" hook for Status & Views",
      "time" : {
        "start" : 1684172989193,
        "stop" : 1684172989519,
        "duration" : 326
      },
      "status" : "failed",
      "steps" : [ ],
      "attachments" : [ ],
      "parameters" : [ ],
      "hasContent" : false,
      "stepsCount" : 0,
      "attachmentsCount" : 0,
      "shouldDisplayMessage" : false
    } ],
    "attachments" : [ {
      "uid" : "44339942c87866cc",
      "name" : "Screenshot",
      "source" : "44339942c87866cc.png",
      "type" : "image/png",
      "size" : 135224
    } ],
    "parameters" : [ ],
    "hasContent" : true,
    "stepsCount" : 2,
    "attachmentsCount" : 1,
    "shouldDisplayMessage" : true
  },
  "afterStages" : [ ],
  "labels" : [ {
    "name" : "framework",
    "value" : "wdio"
  }, {
    "name" : "language",
    "value" : "javascript"
  }, {
    "name" : "thread",
    "value" : "0-0"
  }, {
    "name" : "suite",
    "value" : "Status & Views"
  }, {
    "name" : "testClass",
    "value" : "Status & Views"
  }, {
    "name" : "testMethod",
    "value" : "TC434 - To verify Unassigned \"View\" floater button is present along with the views count when user logs in the app every time by default"
  }, {
    "name" : "package",
    "value" : "Status & Views"
  }, {
    "name" : "resultFormat",
    "value" : "allure1"
  } ],
  "parameters" : [ {
    "name" : "device",
    "value" : "google pixel 3-9.0"
  } ],
  "links" : [ ],
  "hidden" : false,
  "retry" : false,
  "extra" : {
    "severity" : "normal",
    "retries" : [ {
      "uid" : "ed1065990d8b6962",
      "status" : "passed",
      "time" : {
        "start" : 1684172584070,
        "stop" : 1684172613325,
        "duration" : 29255
      }
    }, {
      "uid" : "a4bb9a32b4366e6b",
      "status" : "passed",
      "time" : {
        "start" : 1684168891113,
        "stop" : 1684168918806,
        "duration" : 27693
      }
    } ],
    "categories" : [ {
      "name" : "Test defects",
      "matchedStatuses" : [ ],
      "flaky" : false
    } ],
    "tags" : [ ]
  },
  "source" : "be3fd331c68c0f72.json",
  "parameterValues" : [ "google pixel 3-9.0" ]
}