{
  "uid" : "48b756b443e8820f",
  "name" : "TC434 - To verify Unassigned \"View\" floater button is present along with the views count when user logs in the app every time by default",
  "fullName" : "Status & Views.TC434 - To verify Unassigned \"View\" floater button is present along with the views count when user logs in the app every time by default",
  "historyId" : "1a776db72a7ad0108c4876ba1afd9f7d",
  "time" : {
    "start" : 1679765818655,
    "stop" : 1679765841367,
    "duration" : 22712
  },
  "description" : "",
  "descriptionHtml" : "",
  "status" : "broken",
  "statusMessage" : "TC434-Failed-->Reason: Error: Can't call touchAction on element with selector \"//android.widget.TextView[contains(@text,\"v 2.\")]\" because element wasn't found",
  "statusTrace" : "AssertionError [ERR_ASSERTION]: TC434-Failed-->Reason: Error: Can't call touchAction on element with selector \"//android.widget.TextView[contains(@text,\"v 2.\")]\" because element wasn't found\n                    at Context.<anonymous> (/Users/vagrant/git/Mobile-Automation/src/specs/androidNative/completeTestSuite3.spec.js:889:32)",
  "flaky" : false,
  "newFailed" : false,
  "beforeStages" : [ ],
  "testStage" : {
    "status" : "broken",
    "statusMessage" : "TC434-Failed-->Reason: Error: Can't call touchAction on element with selector \"//android.widget.TextView[contains(@text,\"v 2.\")]\" because element wasn't found",
    "statusTrace" : "AssertionError [ERR_ASSERTION]: TC434-Failed-->Reason: Error: Can't call touchAction on element with selector \"//android.widget.TextView[contains(@text,\"v 2.\")]\" because element wasn't found\n                    at Context.<anonymous> (/Users/vagrant/git/Mobile-Automation/src/specs/androidNative/completeTestSuite3.spec.js:889:32)",
    "steps" : [ {
      "name" : "\"before each\" hook for Status & Views",
      "time" : {
        "start" : 1679765818655,
        "stop" : 1679765830340,
        "duration" : 11685
      },
      "status" : "passed",
      "steps" : [ ],
      "attachments" : [ ],
      "parameters" : [ ],
      "stepsCount" : 0,
      "attachmentsCount" : 0,
      "shouldDisplayMessage" : false,
      "hasContent" : false
    }, {
      "name" : "\"after each\" hook for Status & Views",
      "time" : {
        "start" : 1679765841367,
        "stop" : 1679765841620,
        "duration" : 253
      },
      "status" : "failed",
      "steps" : [ ],
      "attachments" : [ ],
      "parameters" : [ ],
      "stepsCount" : 0,
      "attachmentsCount" : 0,
      "shouldDisplayMessage" : false,
      "hasContent" : false
    } ],
    "attachments" : [ {
      "uid" : "6785ab3f77abf3dd",
      "name" : "Screenshot",
      "source" : "6785ab3f77abf3dd.png",
      "type" : "image/png",
      "size" : 136601
    } ],
    "parameters" : [ ],
    "stepsCount" : 2,
    "attachmentsCount" : 1,
    "shouldDisplayMessage" : true,
    "hasContent" : true
  },
  "afterStages" : [ ],
  "labels" : [ {
    "name" : "framework",
    "value" : "wdio"
  }, {
    "name" : "language",
    "value" : "javascript"
  }, {
    "name" : "thread",
    "value" : "0-0"
  }, {
    "name" : "suite",
    "value" : "Status & Views"
  }, {
    "name" : "testClass",
    "value" : "Status & Views"
  }, {
    "name" : "testMethod",
    "value" : "TC434 - To verify Unassigned \"View\" floater button is present along with the views count when user logs in the app every time by default"
  }, {
    "name" : "package",
    "value" : "Status & Views"
  }, {
    "name" : "resultFormat",
    "value" : "allure1"
  } ],
  "parameters" : [ {
    "name" : "device",
    "value" : "google pixel 3-9.0"
  } ],
  "links" : [ ],
  "hidden" : false,
  "retry" : false,
  "extra" : {
    "severity" : "normal",
    "retries" : [ {
      "uid" : "aa8ff100a51e75be",
      "status" : "passed",
      "time" : {
        "start" : 1679765468902,
        "stop" : 1679765495419,
        "duration" : 26517
      }
    }, {
      "uid" : "bfd483dab325a8",
      "status" : "passed",
      "time" : {
        "start" : 1679761977111,
        "stop" : 1679762003657,
        "duration" : 26546
      }
    } ],
    "categories" : [ {
      "name" : "Test defects",
      "matchedStatuses" : [ ],
      "flaky" : false
    } ],
    "tags" : [ ]
  },
  "source" : "48b756b443e8820f.json",
  "parameterValues" : [ "google pixel 3-9.0" ]
}