{
  "uid" : "782d60ad22ebd3a4",
  "name" : "TC545 - To verify if search item updates when assignee/status/read-unread is updated from mobile or web",
  "fullName" : "Conversation Search.TC545 - To verify if search item updates when assignee/status/read-unread is updated from mobile or web",
  "historyId" : "a04fd5d1a395fa429c345fcdb1eb7786",
  "time" : {
    "start" : 1679760150089,
    "stop" : 1679760174513,
    "duration" : 24424
  },
  "description" : "",
  "descriptionHtml" : "",
  "status" : "broken",
  "statusMessage" : "TC545-Failed-->Reason: Error: Can't call touchAction on element with selector \"//android.widget.TextView[contains(@text,\"v 2.\")]\" because element wasn't found",
  "statusTrace" : "AssertionError [ERR_ASSERTION]: TC545-Failed-->Reason: Error: Can't call touchAction on element with selector \"//android.widget.TextView[contains(@text,\"v 2.\")]\" because element wasn't found\n                    at Context.<anonymous> (/Users/vagrant/git/Mobile-Automation/src/specs/androidNative/completeTestSuite2.spec.js:688:32)",
  "flaky" : false,
  "newFailed" : false,
  "beforeStages" : [ ],
  "testStage" : {
    "status" : "broken",
    "statusMessage" : "TC545-Failed-->Reason: Error: Can't call touchAction on element with selector \"//android.widget.TextView[contains(@text,\"v 2.\")]\" because element wasn't found",
    "statusTrace" : "AssertionError [ERR_ASSERTION]: TC545-Failed-->Reason: Error: Can't call touchAction on element with selector \"//android.widget.TextView[contains(@text,\"v 2.\")]\" because element wasn't found\n                    at Context.<anonymous> (/Users/vagrant/git/Mobile-Automation/src/specs/androidNative/completeTestSuite2.spec.js:688:32)",
    "steps" : [ {
      "name" : "\"before each\" hook for Conversation Search",
      "time" : {
        "start" : 1679760150089,
        "stop" : 1679760161204,
        "duration" : 11115
      },
      "status" : "passed",
      "steps" : [ ],
      "attachments" : [ ],
      "parameters" : [ ],
      "stepsCount" : 0,
      "attachmentsCount" : 0,
      "shouldDisplayMessage" : false,
      "hasContent" : false
    }, {
      "name" : "\"after each\" hook for Conversation Search",
      "time" : {
        "start" : 1679760174513,
        "stop" : 1679760175566,
        "duration" : 1053
      },
      "status" : "passed",
      "steps" : [ ],
      "attachments" : [ ],
      "parameters" : [ ],
      "stepsCount" : 0,
      "attachmentsCount" : 0,
      "shouldDisplayMessage" : false,
      "hasContent" : false
    } ],
    "attachments" : [ {
      "uid" : "652a3d088269eb1a",
      "name" : "Screenshot",
      "source" : "652a3d088269eb1a.png",
      "type" : "image/png",
      "size" : 2679584
    } ],
    "parameters" : [ ],
    "stepsCount" : 2,
    "attachmentsCount" : 1,
    "shouldDisplayMessage" : true,
    "hasContent" : true
  },
  "afterStages" : [ ],
  "labels" : [ {
    "name" : "framework",
    "value" : "wdio"
  }, {
    "name" : "language",
    "value" : "javascript"
  }, {
    "name" : "thread",
    "value" : "0-0"
  }, {
    "name" : "suite",
    "value" : "Conversation Search"
  }, {
    "name" : "testClass",
    "value" : "Conversation Search"
  }, {
    "name" : "testMethod",
    "value" : "TC545 - To verify if search item updates when assignee/status/read-unread is updated from mobile or web"
  }, {
    "name" : "package",
    "value" : "Conversation Search"
  }, {
    "name" : "resultFormat",
    "value" : "allure1"
  } ],
  "parameters" : [ {
    "name" : "device",
    "value" : "google pixel 3-9.0"
  } ],
  "links" : [ ],
  "hidden" : false,
  "retry" : false,
  "extra" : {
    "severity" : "normal",
    "retries" : [ ],
    "categories" : [ {
      "name" : "Test defects",
      "matchedStatuses" : [ ],
      "flaky" : false
    } ],
    "tags" : [ ]
  },
  "source" : "782d60ad22ebd3a4.json",
  "parameterValues" : [ "google pixel 3-9.0" ]
}