{
  "uid" : "54ed1595c6e40f04",
  "name" : "TC262- Verify that app version is shown on the login screen",
  "fullName" : "Login Test Suite.TC262- Verify that app version is shown on the login screen",
  "historyId" : "b3480c348f92b3f9ecbcf36a935ecdc",
  "time" : {
    "start" : 1682693065950,
    "stop" : 1682693089178,
    "duration" : 23228
  },
  "description" : "",
  "descriptionHtml" : "",
  "status" : "broken",
  "statusMessage" : "TC262-Failed-->Reason: Error: Can't call getText on element with selector \"//android.widget.TextView[contains(@text,\"v 2.\")]\" because element wasn't found",
  "statusTrace" : "AssertionError [ERR_ASSERTION]: TC262-Failed-->Reason: Error: Can't call getText on element with selector \"//android.widget.TextView[contains(@text,\"v 2.\")]\" because element wasn't found\n                    at Context.<anonymous> (/Users/vagrant/git/Mobile-Automation/src/specs/androidNative/completeTestSuite.spec.js:36:32)",
  "flaky" : false,
  "newFailed" : false,
  "beforeStages" : [ ],
  "testStage" : {
    "status" : "broken",
    "statusMessage" : "TC262-Failed-->Reason: Error: Can't call getText on element with selector \"//android.widget.TextView[contains(@text,\"v 2.\")]\" because element wasn't found",
    "statusTrace" : "AssertionError [ERR_ASSERTION]: TC262-Failed-->Reason: Error: Can't call getText on element with selector \"//android.widget.TextView[contains(@text,\"v 2.\")]\" because element wasn't found\n                    at Context.<anonymous> (/Users/vagrant/git/Mobile-Automation/src/specs/androidNative/completeTestSuite.spec.js:36:32)",
    "steps" : [ {
      "name" : "\"before each\" hook for Login Test Suite",
      "time" : {
        "start" : 1682693065951,
        "stop" : 1682693077194,
        "duration" : 11243
      },
      "status" : "passed",
      "steps" : [ ],
      "attachments" : [ ],
      "parameters" : [ ],
      "stepsCount" : 0,
      "attachmentsCount" : 0,
      "shouldDisplayMessage" : false,
      "hasContent" : false
    }, {
      "name" : "\"after each\" hook for Login Test Suite",
      "time" : {
        "start" : 1682693089178,
        "stop" : 1682693090398,
        "duration" : 1220
      },
      "status" : "passed",
      "steps" : [ ],
      "attachments" : [ ],
      "parameters" : [ ],
      "stepsCount" : 0,
      "attachmentsCount" : 0,
      "shouldDisplayMessage" : false,
      "hasContent" : false
    } ],
    "attachments" : [ {
      "uid" : "d743cff49208fa30",
      "name" : "Screenshot",
      "source" : "d743cff49208fa30.png",
      "type" : "image/png",
      "size" : 263366
    } ],
    "parameters" : [ ],
    "stepsCount" : 2,
    "attachmentsCount" : 1,
    "shouldDisplayMessage" : true,
    "hasContent" : true
  },
  "afterStages" : [ ],
  "labels" : [ {
    "name" : "framework",
    "value" : "wdio"
  }, {
    "name" : "language",
    "value" : "javascript"
  }, {
    "name" : "thread",
    "value" : "0-0"
  }, {
    "name" : "suite",
    "value" : "Login Test Suite"
  }, {
    "name" : "testClass",
    "value" : "Login Test Suite"
  }, {
    "name" : "testMethod",
    "value" : "TC262- Verify that app version is shown on the login screen"
  }, {
    "name" : "package",
    "value" : "Login Test Suite"
  }, {
    "name" : "resultFormat",
    "value" : "allure1"
  } ],
  "parameters" : [ {
    "name" : "device",
    "value" : "google pixel 3-9.0"
  } ],
  "links" : [ ],
  "hidden" : false,
  "retry" : false,
  "extra" : {
    "severity" : "normal",
    "retries" : [ ],
    "categories" : [ {
      "name" : "Test defects",
      "matchedStatuses" : [ ],
      "flaky" : false
    } ],
    "tags" : [ ]
  },
  "source" : "54ed1595c6e40f04.json",
  "parameterValues" : [ "google pixel 3-9.0" ]
}