{
  "uid" : "d36005d674ded0ec",
  "name" : "TC718 - To verify user is able to send out the \"Public Permalink\" as \"Reply/Reply All/Forward/Notes\"",
  "fullName" : "Complete Test Suite.TC718 - To verify user is able to send out the \"Public Permalink\" as \"Reply/Reply All/Forward/Notes\"",
  "historyId" : "675863856ba5067bccf99d6a7b474440",
  "time" : {
    "start" : 1660925825278,
    "stop" : 1660925889895,
    "duration" : 64617
  },
  "description" : "",
  "descriptionHtml" : "",
  "status" : "broken",
  "statusMessage" : "TC718-Failed-->Reason: Error: element (\"//android.widget.EditText[@text = \"Compose\"]\") still not displayed after 10000ms",
  "statusTrace" : "AssertionError [ERR_ASSERTION]: TC718-Failed-->Reason: Error: element (\"//android.widget.EditText[@text = \"Compose\"]\") still not displayed after 10000ms\n                    at Context.<anonymous> (/Users/vagrant/git/Mobile-Automation/src/specs/androidNative/completeTestSuite2.spec.js:314:32)",
  "flaky" : false,
  "newFailed" : false,
  "newBroken" : false,
  "newPassed" : false,
  "retriesCount" : 0,
  "retriesStatusChange" : false,
  "beforeStages" : [ ],
  "testStage" : {
    "status" : "broken",
    "statusMessage" : "TC718-Failed-->Reason: Error: element (\"//android.widget.EditText[@text = \"Compose\"]\") still not displayed after 10000ms",
    "statusTrace" : "AssertionError [ERR_ASSERTION]: TC718-Failed-->Reason: Error: element (\"//android.widget.EditText[@text = \"Compose\"]\") still not displayed after 10000ms\n                    at Context.<anonymous> (/Users/vagrant/git/Mobile-Automation/src/specs/androidNative/completeTestSuite2.spec.js:314:32)",
    "steps" : [ {
      "name" : "\"before each\" hook for Complete Test Suite",
      "time" : {
        "start" : 1660925825279,
        "stop" : 1660925836962,
        "duration" : 11683
      },
      "status" : "passed",
      "steps" : [ ],
      "attachments" : [ ],
      "parameters" : [ ],
      "stepsCount" : 0,
      "attachmentsCount" : 0,
      "shouldDisplayMessage" : false,
      "hasContent" : false
    }, {
      "name" : "\"after each\" hook for Complete Test Suite",
      "time" : {
        "start" : 1660925889895,
        "stop" : 1660925890915,
        "duration" : 1020
      },
      "status" : "passed",
      "steps" : [ ],
      "attachments" : [ ],
      "parameters" : [ ],
      "stepsCount" : 0,
      "attachmentsCount" : 0,
      "shouldDisplayMessage" : false,
      "hasContent" : false
    } ],
    "attachments" : [ {
      "uid" : "7c4a36e7043daee1",
      "name" : "Screenshot",
      "source" : "7c4a36e7043daee1.png",
      "type" : "image/png",
      "size" : 119927
    } ],
    "parameters" : [ ],
    "stepsCount" : 2,
    "attachmentsCount" : 1,
    "shouldDisplayMessage" : true,
    "hasContent" : true
  },
  "afterStages" : [ ],
  "labels" : [ {
    "name" : "framework",
    "value" : "wdio"
  }, {
    "name" : "language",
    "value" : "javascript"
  }, {
    "name" : "thread",
    "value" : "0-0"
  }, {
    "name" : "suite",
    "value" : "Complete Test Suite"
  }, {
    "name" : "testClass",
    "value" : "Complete Test Suite"
  }, {
    "name" : "testMethod",
    "value" : "TC718 - To verify user is able to send out the \"Public Permalink\" as \"Reply/Reply All/Forward/Notes\""
  }, {
    "name" : "package",
    "value" : "Complete Test Suite"
  }, {
    "name" : "resultFormat",
    "value" : "allure1"
  } ],
  "parameters" : [ {
    "name" : "device",
    "value" : "google pixel 3-9.0"
  } ],
  "links" : [ ],
  "hidden" : false,
  "retry" : false,
  "extra" : {
    "severity" : "normal",
    "retries" : [ ],
    "categories" : [ {
      "name" : "Test defects",
      "matchedStatuses" : [ ],
      "flaky" : false
    } ],
    "tags" : [ ]
  },
  "source" : "d36005d674ded0ec.json",
  "parameterValues" : [ "google pixel 3-9.0" ]
}