{
  "uid" : "4379cbfccc0e614f",
  "name" : "TC249 - Verify that user is able to send the email successfully.",
  "fullName" : "Complete Test Suite.TC249 - Verify that user is able to send the email successfully.",
  "historyId" : "40baff440c26cc2bf7fb4c76feb4759e",
  "time" : {
    "start" : 1652440638052,
    "stop" : 1652440691736,
    "duration" : 53684
  },
  "description" : "",
  "descriptionHtml" : "",
  "status" : "broken",
  "statusMessage" : "TC249-Failed-->Reason: Error: element (\"//android.widget.TextView[@content-desc=\"smName\"]/../../android.view.ViewGroup[1]\") still not displayed after 10000ms",
  "statusTrace" : "AssertionError [ERR_ASSERTION]: TC249-Failed-->Reason: Error: element (\"//android.widget.TextView[@content-desc=\"smName\"]/../../android.view.ViewGroup[1]\") still not displayed after 10000ms\n                    at Context.<anonymous> (/Users/vagrant/git/Mobile-Automation/src/specs/androidNative/completeTestSuite.spec.js:250:32)",
  "flaky" : false,
  "newFailed" : false,
  "newBroken" : false,
  "newPassed" : false,
  "retriesCount" : 0,
  "retriesStatusChange" : false,
  "beforeStages" : [ ],
  "testStage" : {
    "status" : "broken",
    "statusMessage" : "TC249-Failed-->Reason: Error: element (\"//android.widget.TextView[@content-desc=\"smName\"]/../../android.view.ViewGroup[1]\") still not displayed after 10000ms",
    "statusTrace" : "AssertionError [ERR_ASSERTION]: TC249-Failed-->Reason: Error: element (\"//android.widget.TextView[@content-desc=\"smName\"]/../../android.view.ViewGroup[1]\") still not displayed after 10000ms\n                    at Context.<anonymous> (/Users/vagrant/git/Mobile-Automation/src/specs/androidNative/completeTestSuite.spec.js:250:32)",
    "steps" : [ {
      "name" : "\"before each\" hook for Complete Test Suite",
      "time" : {
        "start" : 1652440638052,
        "stop" : 1652440659416,
        "duration" : 21364
      },
      "status" : "passed",
      "steps" : [ ],
      "attachments" : [ ],
      "parameters" : [ ],
      "stepsCount" : 0,
      "attachmentsCount" : 0,
      "shouldDisplayMessage" : false,
      "hasContent" : false
    }, {
      "name" : "\"after each\" hook for Complete Test Suite",
      "time" : {
        "start" : 1652440691737,
        "stop" : 1652440692975,
        "duration" : 1238
      },
      "status" : "passed",
      "steps" : [ ],
      "attachments" : [ ],
      "parameters" : [ ],
      "stepsCount" : 0,
      "attachmentsCount" : 0,
      "shouldDisplayMessage" : false,
      "hasContent" : false
    } ],
    "attachments" : [ {
      "uid" : "15a1206e79d95ca",
      "name" : "Screenshot",
      "source" : "15a1206e79d95ca.png",
      "type" : "image/png",
      "size" : 240144
    } ],
    "parameters" : [ ],
    "stepsCount" : 2,
    "attachmentsCount" : 1,
    "shouldDisplayMessage" : true,
    "hasContent" : true
  },
  "afterStages" : [ ],
  "labels" : [ {
    "name" : "framework",
    "value" : "wdio"
  }, {
    "name" : "language",
    "value" : "javascript"
  }, {
    "name" : "thread",
    "value" : "0-0"
  }, {
    "name" : "suite",
    "value" : "Complete Test Suite"
  }, {
    "name" : "testClass",
    "value" : "Complete Test Suite"
  }, {
    "name" : "testMethod",
    "value" : "TC249 - Verify that user is able to send the email successfully."
  }, {
    "name" : "package",
    "value" : "Complete Test Suite"
  }, {
    "name" : "resultFormat",
    "value" : "allure1"
  } ],
  "parameters" : [ {
    "name" : "device",
    "value" : "google pixel 3-9.0"
  } ],
  "links" : [ ],
  "hidden" : false,
  "retry" : false,
  "extra" : {
    "severity" : "normal",
    "retries" : [ ],
    "categories" : [ {
      "name" : "Test defects",
      "matchedStatuses" : [ ],
      "flaky" : false
    } ],
    "tags" : [ ]
  },
  "source" : "4379cbfccc0e614f.json",
  "parameterValues" : [ "google pixel 3-9.0" ]
}