{
  "uid" : "5b726d8bb0997429",
  "name" : "TC366 - To verify \"Search\" tab opens on click of \"Assign to\" text in Conversation page.",
  "fullName" : "Assignee.TC366 - To verify \"Search\" tab opens on click of \"Assign to\" text in Conversation page.",
  "historyId" : "b8cb99ab43ebf9a81d20802f820eea15",
  "time" : {
    "start" : 1692981724989,
    "stop" : 1692981748229,
    "duration" : 23240
  },
  "description" : "",
  "descriptionHtml" : "",
  "status" : "broken",
  "statusMessage" : "TC366-Failed-->Reason: Error: Can't call touchAction on element with selector \"//android.widget.TextView[contains(@text,\"v 2.\")]\" because element wasn't found",
  "statusTrace" : "AssertionError [ERR_ASSERTION]: TC366-Failed-->Reason: Error: Can't call touchAction on element with selector \"//android.widget.TextView[contains(@text,\"v 2.\")]\" because element wasn't found\n                    at Context.<anonymous> (/Users/vagrant/git/Mobile-Automation/src/specs/androidNative/completeTestSuite3.spec.js:683:32)",
  "flaky" : false,
  "newFailed" : false,
  "beforeStages" : [ ],
  "testStage" : {
    "status" : "broken",
    "statusMessage" : "TC366-Failed-->Reason: Error: Can't call touchAction on element with selector \"//android.widget.TextView[contains(@text,\"v 2.\")]\" because element wasn't found",
    "statusTrace" : "AssertionError [ERR_ASSERTION]: TC366-Failed-->Reason: Error: Can't call touchAction on element with selector \"//android.widget.TextView[contains(@text,\"v 2.\")]\" because element wasn't found\n                    at Context.<anonymous> (/Users/vagrant/git/Mobile-Automation/src/specs/androidNative/completeTestSuite3.spec.js:683:32)",
    "steps" : [ {
      "name" : "\"before each\" hook for Assignee",
      "time" : {
        "start" : 1692981724989,
        "stop" : 1692981737237,
        "duration" : 12248
      },
      "status" : "passed",
      "steps" : [ ],
      "attachments" : [ ],
      "parameters" : [ ],
      "stepsCount" : 0,
      "attachmentsCount" : 0,
      "shouldDisplayMessage" : false,
      "hasContent" : false
    }, {
      "name" : "\"after each\" hook for Assignee",
      "time" : {
        "start" : 1692981748231,
        "stop" : 1692981748601,
        "duration" : 370
      },
      "status" : "failed",
      "steps" : [ ],
      "attachments" : [ ],
      "parameters" : [ ],
      "stepsCount" : 0,
      "attachmentsCount" : 0,
      "shouldDisplayMessage" : false,
      "hasContent" : false
    } ],
    "attachments" : [ {
      "uid" : "3a3998e0257b2427",
      "name" : "Screenshot",
      "source" : "3a3998e0257b2427.png",
      "type" : "image/png",
      "size" : 170353
    } ],
    "parameters" : [ ],
    "stepsCount" : 2,
    "attachmentsCount" : 1,
    "shouldDisplayMessage" : true,
    "hasContent" : true
  },
  "afterStages" : [ ],
  "labels" : [ {
    "name" : "framework",
    "value" : "wdio"
  }, {
    "name" : "language",
    "value" : "javascript"
  }, {
    "name" : "thread",
    "value" : "0-0"
  }, {
    "name" : "suite",
    "value" : "Assignee"
  }, {
    "name" : "testClass",
    "value" : "Assignee"
  }, {
    "name" : "testMethod",
    "value" : "TC366 - To verify \"Search\" tab opens on click of \"Assign to\" text in Conversation page."
  }, {
    "name" : "package",
    "value" : "Assignee"
  }, {
    "name" : "resultFormat",
    "value" : "allure1"
  } ],
  "parameters" : [ {
    "name" : "device",
    "value" : "google pixel 5-11.0"
  } ],
  "links" : [ ],
  "hidden" : false,
  "retry" : false,
  "extra" : {
    "severity" : "normal",
    "retries" : [ {
      "uid" : "71556f66e985ebd8",
      "status" : "passed",
      "time" : {
        "start" : 1692980834724,
        "stop" : 1692980866435,
        "duration" : 31711
      }
    } ],
    "categories" : [ {
      "name" : "Test defects",
      "matchedStatuses" : [ ],
      "flaky" : false
    } ],
    "tags" : [ ]
  },
  "source" : "5b726d8bb0997429.json",
  "parameterValues" : [ "google pixel 5-11.0" ]
}