{
  "uid" : "fd23770fc4c83e11",
  "name" : "TC70- Verify that if any \"new\" user is mentioned as a part of an edit, the user must be notified",
  "fullName" : "Activity Panel and Notes.TC70- Verify that if any \"new\" user is mentioned as a part of an edit, the user must be notified",
  "historyId" : "7b6a2569e4ca86678cc7572483eed222",
  "time" : {
    "start" : 1692980443678,
    "stop" : 1692980535619,
    "duration" : 91941
  },
  "description" : "",
  "descriptionHtml" : "",
  "status" : "broken",
  "statusMessage" : "TC70-Failed-->Reason: Error: element (\"//android.widget.TextView[@text=\"Edit\"]\") still not displayed after 10000ms",
  "statusTrace" : "AssertionError [ERR_ASSERTION]: TC70-Failed-->Reason: Error: element (\"//android.widget.TextView[@text=\"Edit\"]\") still not displayed after 10000ms\n                    at Context.<anonymous> (/Users/vagrant/git/Mobile-Automation/src/specs/androidNative/completeTestSuite3.spec.js:557:32)",
  "flaky" : false,
  "newFailed" : false,
  "beforeStages" : [ ],
  "testStage" : {
    "status" : "broken",
    "statusMessage" : "TC70-Failed-->Reason: Error: element (\"//android.widget.TextView[@text=\"Edit\"]\") still not displayed after 10000ms",
    "statusTrace" : "AssertionError [ERR_ASSERTION]: TC70-Failed-->Reason: Error: element (\"//android.widget.TextView[@text=\"Edit\"]\") still not displayed after 10000ms\n                    at Context.<anonymous> (/Users/vagrant/git/Mobile-Automation/src/specs/androidNative/completeTestSuite3.spec.js:557:32)",
    "steps" : [ {
      "name" : "\"before each\" hook for Activity Panel and Notes",
      "time" : {
        "start" : 1692980443679,
        "stop" : 1692980454956,
        "duration" : 11277
      },
      "status" : "passed",
      "steps" : [ ],
      "attachments" : [ ],
      "parameters" : [ ],
      "stepsCount" : 0,
      "attachmentsCount" : 0,
      "shouldDisplayMessage" : false,
      "hasContent" : false
    }, {
      "name" : "\"after each\" hook for Activity Panel and Notes",
      "time" : {
        "start" : 1692980535620,
        "stop" : 1692980536839,
        "duration" : 1219
      },
      "status" : "passed",
      "steps" : [ ],
      "attachments" : [ ],
      "parameters" : [ ],
      "stepsCount" : 0,
      "attachmentsCount" : 0,
      "shouldDisplayMessage" : false,
      "hasContent" : false
    } ],
    "attachments" : [ {
      "uid" : "a4007ed6ecfeab0e",
      "name" : "Screenshot",
      "source" : "a4007ed6ecfeab0e.png",
      "type" : "image/png",
      "size" : 115191
    } ],
    "parameters" : [ ],
    "stepsCount" : 2,
    "attachmentsCount" : 1,
    "shouldDisplayMessage" : true,
    "hasContent" : true
  },
  "afterStages" : [ ],
  "labels" : [ {
    "name" : "framework",
    "value" : "wdio"
  }, {
    "name" : "language",
    "value" : "javascript"
  }, {
    "name" : "thread",
    "value" : "0-0"
  }, {
    "name" : "suite",
    "value" : "Activity Panel and Notes"
  }, {
    "name" : "testClass",
    "value" : "Activity Panel and Notes"
  }, {
    "name" : "testMethod",
    "value" : "TC70- Verify that if any \"new\" user is mentioned as a part of an edit, the user must be notified"
  }, {
    "name" : "package",
    "value" : "Activity Panel and Notes"
  }, {
    "name" : "resultFormat",
    "value" : "allure1"
  } ],
  "parameters" : [ {
    "name" : "device",
    "value" : "google pixel 5-11.0"
  } ],
  "links" : [ ],
  "hidden" : false,
  "retry" : false,
  "extra" : {
    "severity" : "normal",
    "retries" : [ ],
    "categories" : [ {
      "name" : "Test defects",
      "matchedStatuses" : [ ],
      "flaky" : false
    } ],
    "tags" : [ ]
  },
  "source" : "fd23770fc4c83e11.json",
  "parameterValues" : [ "google pixel 5-11.0" ]
}