{
  "uid" : "b0620876a20536a0",
  "name" : "TC378 - To verify search result are displayed if the list contains valid characters given as inputs in search field.",
  "fullName" : "Assignee.TC378 - To verify search result are displayed if the list contains valid characters given as inputs in search field.",
  "historyId" : "311309cd4633f8b55579aa5617628f4f",
  "time" : {
    "start" : 1685553680875,
    "stop" : 1685553680879,
    "duration" : 4
  },
  "description" : "",
  "descriptionHtml" : "",
  "status" : "broken",
  "statusMessage" : "TC378-Failed-->Reason: TypeError: $(...).touchAction is not a function",
  "statusTrace" : "AssertionError [ERR_ASSERTION]: TC378-Failed-->Reason: TypeError: $(...).touchAction is not a function\n                    at Context.<anonymous> (/Users/vagrant/git/Mobile-Automation/src/specs/androidNative/completeTestSuite3.spec.js:810:32)\n                    at Context.executeAsync (/Users/vagrant/git/Mobile-Automation/node_modules/@wdio/utils/build/shim.js:101:25)\n                    at Context.exports.testFrameworkFnWrapper (/Users/vagrant/git/Mobile-Automation/node_modules/@wdio/utils/build/test-framework/testFnWrapper.js:18:32)",
  "flaky" : false,
  "newFailed" : false,
  "beforeStages" : [ ],
  "testStage" : {
    "status" : "broken",
    "statusMessage" : "TC378-Failed-->Reason: TypeError: $(...).touchAction is not a function",
    "statusTrace" : "AssertionError [ERR_ASSERTION]: TC378-Failed-->Reason: TypeError: $(...).touchAction is not a function\n                    at Context.<anonymous> (/Users/vagrant/git/Mobile-Automation/src/specs/androidNative/completeTestSuite3.spec.js:810:32)\n                    at Context.executeAsync (/Users/vagrant/git/Mobile-Automation/node_modules/@wdio/utils/build/shim.js:101:25)\n                    at Context.exports.testFrameworkFnWrapper (/Users/vagrant/git/Mobile-Automation/node_modules/@wdio/utils/build/test-framework/testFnWrapper.js:18:32)",
    "steps" : [ {
      "name" : "\"before each\" hook for Assignee",
      "time" : {
        "start" : 1685553680876,
        "stop" : 1685553680877,
        "duration" : 1
      },
      "status" : "passed",
      "steps" : [ ],
      "attachments" : [ ],
      "parameters" : [ ],
      "stepsCount" : 0,
      "attachmentsCount" : 0,
      "shouldDisplayMessage" : false,
      "hasContent" : false
    }, {
      "name" : "\"after each\" hook for Assignee",
      "time" : {
        "start" : 1685553680881,
        "stop" : 1685553680882,
        "duration" : 1
      },
      "status" : "passed",
      "steps" : [ ],
      "attachments" : [ ],
      "parameters" : [ ],
      "stepsCount" : 0,
      "attachmentsCount" : 0,
      "shouldDisplayMessage" : false,
      "hasContent" : false
    } ],
    "attachments" : [ ],
    "parameters" : [ ],
    "stepsCount" : 2,
    "attachmentsCount" : 0,
    "shouldDisplayMessage" : true,
    "hasContent" : true
  },
  "afterStages" : [ ],
  "labels" : [ {
    "name" : "framework",
    "value" : "wdio"
  }, {
    "name" : "language",
    "value" : "javascript"
  }, {
    "name" : "thread",
    "value" : "0-0"
  }, {
    "name" : "suite",
    "value" : "Assignee"
  }, {
    "name" : "testClass",
    "value" : "Assignee"
  }, {
    "name" : "testMethod",
    "value" : "TC378 - To verify search result are displayed if the list contains valid characters given as inputs in search field."
  }, {
    "name" : "package",
    "value" : "Assignee"
  }, {
    "name" : "resultFormat",
    "value" : "allure1"
  } ],
  "parameters" : [ {
    "name" : "device",
    "value" : "google pixel 3-9.0"
  } ],
  "links" : [ ],
  "hidden" : false,
  "retry" : false,
  "extra" : {
    "severity" : "normal",
    "retries" : [ ],
    "categories" : [ {
      "name" : "Test defects",
      "matchedStatuses" : [ ],
      "flaky" : false
    } ],
    "tags" : [ ]
  },
  "source" : "b0620876a20536a0.json",
  "parameterValues" : [ "google pixel 3-9.0" ]
}