{
  "uid" : "65ab4a162246df6e",
  "name" : "TC635 - To verify the \"Category View\" button for 5 default categories shows count of unread conversation present under them.",
  "fullName" : "Inbox Test Suite.TC635 - To verify the \"Category View\" button for 5 default categories shows count of unread conversation present under them.",
  "historyId" : "cdbc73f325c3ae25a078aebc2b16ff72",
  "time" : {
    "start" : 1679324646151,
    "stop" : 1679324668047,
    "duration" : 21896
  },
  "description" : "",
  "descriptionHtml" : "",
  "status" : "broken",
  "statusMessage" : "TC635-Failed-->Reason: Error: Can't call touchAction on element with selector \"//android.widget.TextView[contains(@text,\"v 2.\")]\" because element wasn't found",
  "statusTrace" : "AssertionError [ERR_ASSERTION]: TC635-Failed-->Reason: Error: Can't call touchAction on element with selector \"//android.widget.TextView[contains(@text,\"v 2.\")]\" because element wasn't found\n                    at Context.<anonymous> (/Users/vagrant/git/Mobile-Automation/src/specs/androidNative/completeTestSuite.spec.js:461:32)",
  "flaky" : false,
  "newFailed" : false,
  "beforeStages" : [ ],
  "testStage" : {
    "status" : "broken",
    "statusMessage" : "TC635-Failed-->Reason: Error: Can't call touchAction on element with selector \"//android.widget.TextView[contains(@text,\"v 2.\")]\" because element wasn't found",
    "statusTrace" : "AssertionError [ERR_ASSERTION]: TC635-Failed-->Reason: Error: Can't call touchAction on element with selector \"//android.widget.TextView[contains(@text,\"v 2.\")]\" because element wasn't found\n                    at Context.<anonymous> (/Users/vagrant/git/Mobile-Automation/src/specs/androidNative/completeTestSuite.spec.js:461:32)",
    "steps" : [ {
      "name" : "\"before each\" hook for Inbox Test Suite",
      "time" : {
        "start" : 1679324646151,
        "stop" : 1679324657388,
        "duration" : 11237
      },
      "status" : "passed",
      "steps" : [ ],
      "attachments" : [ ],
      "parameters" : [ ],
      "hasContent" : false,
      "stepsCount" : 0,
      "attachmentsCount" : 0,
      "shouldDisplayMessage" : false
    }, {
      "name" : "\"after each\" hook for Inbox Test Suite",
      "time" : {
        "start" : 1679324668047,
        "stop" : 1679324669106,
        "duration" : 1059
      },
      "status" : "passed",
      "steps" : [ ],
      "attachments" : [ ],
      "parameters" : [ ],
      "hasContent" : false,
      "stepsCount" : 0,
      "attachmentsCount" : 0,
      "shouldDisplayMessage" : false
    } ],
    "attachments" : [ {
      "uid" : "5bcb83aa2298c1f4",
      "name" : "Screenshot",
      "source" : "5bcb83aa2298c1f4.png",
      "type" : "image/png",
      "size" : 27707
    } ],
    "parameters" : [ ],
    "hasContent" : true,
    "stepsCount" : 2,
    "attachmentsCount" : 1,
    "shouldDisplayMessage" : true
  },
  "afterStages" : [ ],
  "labels" : [ {
    "name" : "framework",
    "value" : "wdio"
  }, {
    "name" : "language",
    "value" : "javascript"
  }, {
    "name" : "thread",
    "value" : "0-0"
  }, {
    "name" : "suite",
    "value" : "Inbox Test Suite"
  }, {
    "name" : "testClass",
    "value" : "Inbox Test Suite"
  }, {
    "name" : "testMethod",
    "value" : "TC635 - To verify the \"Category View\" button for 5 default categories shows count of unread conversation present under them."
  }, {
    "name" : "package",
    "value" : "Inbox Test Suite"
  }, {
    "name" : "resultFormat",
    "value" : "allure1"
  } ],
  "parameters" : [ {
    "name" : "device",
    "value" : "google pixel 3-9.0"
  } ],
  "links" : [ ],
  "hidden" : false,
  "retry" : false,
  "extra" : {
    "severity" : "normal",
    "retries" : [ ],
    "categories" : [ {
      "name" : "Test defects",
      "matchedStatuses" : [ ],
      "flaky" : false
    } ],
    "tags" : [ ]
  },
  "source" : "65ab4a162246df6e.json",
  "parameterValues" : [ "google pixel 3-9.0" ]
}