{
  "uid" : "f6a31d97fc0857fd",
  "name" : "TC675 - To verify cancel option on the confirmation popup",
  "fullName" : "Complete Test Suite.TC675 - To verify cancel option on the confirmation popup",
  "historyId" : "18cea5418cb37114cacc53ca135ce5f8",
  "time" : {
    "start" : 1656257210082,
    "stop" : 1656257233468,
    "duration" : 23386
  },
  "description" : "",
  "descriptionHtml" : "",
  "status" : "broken",
  "statusMessage" : "TC675-Failed-->Reason: ReferenceError: leftPanelAndComposeMail is not defined",
  "statusTrace" : "AssertionError [ERR_ASSERTION]: TC675-Failed-->Reason: ReferenceError: leftPanelAndComposeMail is not defined\n                    at Context.<anonymous> (/Users/vagrant/git/Mobile-Automation/src/specs/androidNative/completeTestSuite.spec.js:955:32)",
  "flaky" : false,
  "newFailed" : false,
  "newBroken" : false,
  "newPassed" : false,
  "retriesCount" : 0,
  "retriesStatusChange" : false,
  "beforeStages" : [ ],
  "testStage" : {
    "status" : "broken",
    "statusMessage" : "TC675-Failed-->Reason: ReferenceError: leftPanelAndComposeMail is not defined",
    "statusTrace" : "AssertionError [ERR_ASSERTION]: TC675-Failed-->Reason: ReferenceError: leftPanelAndComposeMail is not defined\n                    at Context.<anonymous> (/Users/vagrant/git/Mobile-Automation/src/specs/androidNative/completeTestSuite.spec.js:955:32)",
    "steps" : [ {
      "name" : "\"before each\" hook for Complete Test Suite",
      "time" : {
        "start" : 1656257210082,
        "stop" : 1656257221193,
        "duration" : 11111
      },
      "status" : "passed",
      "steps" : [ ],
      "attachments" : [ ],
      "parameters" : [ ],
      "stepsCount" : 0,
      "attachmentsCount" : 0,
      "shouldDisplayMessage" : false,
      "hasContent" : false
    }, {
      "name" : "\"after each\" hook for Complete Test Suite",
      "time" : {
        "start" : 1656257233469,
        "stop" : 1656257234455,
        "duration" : 986
      },
      "status" : "passed",
      "steps" : [ ],
      "attachments" : [ ],
      "parameters" : [ ],
      "stepsCount" : 0,
      "attachmentsCount" : 0,
      "shouldDisplayMessage" : false,
      "hasContent" : false
    } ],
    "attachments" : [ {
      "uid" : "4616ad19f8a483b4",
      "name" : "Screenshot",
      "source" : "4616ad19f8a483b4.png",
      "type" : "image/png",
      "size" : 209799
    } ],
    "parameters" : [ ],
    "stepsCount" : 2,
    "attachmentsCount" : 1,
    "shouldDisplayMessage" : true,
    "hasContent" : true
  },
  "afterStages" : [ ],
  "labels" : [ {
    "name" : "framework",
    "value" : "wdio"
  }, {
    "name" : "language",
    "value" : "javascript"
  }, {
    "name" : "thread",
    "value" : "0-0"
  }, {
    "name" : "suite",
    "value" : "Complete Test Suite"
  }, {
    "name" : "testClass",
    "value" : "Complete Test Suite"
  }, {
    "name" : "testMethod",
    "value" : "TC675 - To verify cancel option on the confirmation popup"
  }, {
    "name" : "package",
    "value" : "Complete Test Suite"
  }, {
    "name" : "resultFormat",
    "value" : "allure1"
  } ],
  "parameters" : [ {
    "name" : "device",
    "value" : "google pixel 3-9.0"
  } ],
  "links" : [ ],
  "hidden" : false,
  "retry" : false,
  "extra" : {
    "severity" : "normal",
    "retries" : [ ],
    "categories" : [ {
      "name" : "Test defects",
      "matchedStatuses" : [ ],
      "flaky" : false
    } ],
    "tags" : [ ]
  },
  "source" : "f6a31d97fc0857fd.json",
  "parameterValues" : [ "google pixel 3-9.0" ]
}