{
  "uid" : "4c07d2bed78f46b",
  "name" : "TC666 - To verify user is taken back to \"Gmail List\" view screen/page by clicking \"Cancel\" button in search screen/page.",
  "fullName" : "Complete Test Suite.TC666 - To verify user is taken back to \"Gmail List\" view screen/page by clicking \"Cancel\" button in search screen/page.",
  "historyId" : "de0b7b062dae6b4fd83b786a9ba2da7f",
  "time" : {
    "start" : 1657624836890,
    "stop" : 1657624866756,
    "duration" : 29866
  },
  "description" : "",
  "descriptionHtml" : "",
  "status" : "broken",
  "statusMessage" : "TC666-Failed-->Reason: Error: element (\"~v 2.3.2\") still not displayed after 10000ms",
  "statusTrace" : "AssertionError [ERR_ASSERTION]: TC666-Failed-->Reason: Error: element (\"~v 2.3.2\") still not displayed after 10000ms\n                    at Context.<anonymous> (/Users/vagrant/git/Mobile-Automation/src/specs/iosSpec/completeTestSuite.spec.js:494:32)",
  "flaky" : false,
  "newFailed" : false,
  "newBroken" : false,
  "newPassed" : false,
  "retriesCount" : 0,
  "retriesStatusChange" : false,
  "beforeStages" : [ ],
  "testStage" : {
    "status" : "broken",
    "statusMessage" : "TC666-Failed-->Reason: Error: element (\"~v 2.3.2\") still not displayed after 10000ms",
    "statusTrace" : "AssertionError [ERR_ASSERTION]: TC666-Failed-->Reason: Error: element (\"~v 2.3.2\") still not displayed after 10000ms\n                    at Context.<anonymous> (/Users/vagrant/git/Mobile-Automation/src/specs/iosSpec/completeTestSuite.spec.js:494:32)",
    "steps" : [ {
      "name" : "\"before each\" hook for Complete Test Suite",
      "time" : {
        "start" : 1657624836891,
        "stop" : 1657624855921,
        "duration" : 19030
      },
      "status" : "passed",
      "steps" : [ ],
      "attachments" : [ ],
      "parameters" : [ ],
      "stepsCount" : 0,
      "attachmentsCount" : 0,
      "shouldDisplayMessage" : false,
      "hasContent" : false
    }, {
      "name" : "\"after each\" hook for Complete Test Suite",
      "time" : {
        "start" : 1657624866756,
        "stop" : 1657624867927,
        "duration" : 1171
      },
      "status" : "passed",
      "steps" : [ ],
      "attachments" : [ ],
      "parameters" : [ ],
      "stepsCount" : 0,
      "attachmentsCount" : 0,
      "shouldDisplayMessage" : false,
      "hasContent" : false
    } ],
    "attachments" : [ {
      "uid" : "8d4fd052f54921cf",
      "name" : "Screenshot",
      "source" : "8d4fd052f54921cf.png",
      "type" : "image/png",
      "size" : 179880
    } ],
    "parameters" : [ ],
    "stepsCount" : 2,
    "attachmentsCount" : 1,
    "shouldDisplayMessage" : true,
    "hasContent" : true
  },
  "afterStages" : [ ],
  "labels" : [ {
    "name" : "framework",
    "value" : "wdio"
  }, {
    "name" : "language",
    "value" : "javascript"
  }, {
    "name" : "thread",
    "value" : "0-0"
  }, {
    "name" : "suite",
    "value" : "Complete Test Suite"
  }, {
    "name" : "testClass",
    "value" : "Complete Test Suite"
  }, {
    "name" : "testMethod",
    "value" : "TC666 - To verify user is taken back to \"Gmail List\" view screen/page by clicking \"Cancel\" button in search screen/page."
  }, {
    "name" : "package",
    "value" : "Complete Test Suite"
  }, {
    "name" : "resultFormat",
    "value" : "allure1"
  } ],
  "parameters" : [ {
    "name" : "device",
    "value" : "iphone-15.0"
  } ],
  "links" : [ ],
  "hidden" : false,
  "retry" : false,
  "extra" : {
    "severity" : "normal",
    "retries" : [ ],
    "categories" : [ {
      "name" : "Test defects",
      "matchedStatuses" : [ ],
      "flaky" : false
    } ],
    "tags" : [ ]
  },
  "source" : "4c07d2bed78f46b.json",
  "parameterValues" : [ "iphone-15.0" ]
}