{
  "uid" : "8da141fa6afafe7d",
  "name" : "TC726 - To verify \"Right Drawer\" panel is closed when user clicks on \"Close\" icon.",
  "fullName" : "Complete Test Suite.TC726 - To verify \"Right Drawer\" panel is closed when user clicks on \"Close\" icon.",
  "historyId" : "244d91d142d6b8065d3711167a2ba32e",
  "time" : {
    "start" : 1655906326380,
    "stop" : 1655906355658,
    "duration" : 29278
  },
  "description" : "",
  "descriptionHtml" : "",
  "status" : "broken",
  "statusMessage" : "TC726-Failed-->Reason: Error: element (\"~v 2.2.0\") still not displayed after 10000ms",
  "statusTrace" : "AssertionError [ERR_ASSERTION]: TC726-Failed-->Reason: Error: element (\"~v 2.2.0\") still not displayed after 10000ms\n                    at Context.<anonymous> (/Users/vagrant/git/Mobile-Automation/src/specs/iosSpec/completeTestSuite.spec.js:100:36)",
  "flaky" : false,
  "newFailed" : false,
  "newBroken" : false,
  "newPassed" : false,
  "retriesCount" : 0,
  "retriesStatusChange" : false,
  "beforeStages" : [ ],
  "testStage" : {
    "status" : "broken",
    "statusMessage" : "TC726-Failed-->Reason: Error: element (\"~v 2.2.0\") still not displayed after 10000ms",
    "statusTrace" : "AssertionError [ERR_ASSERTION]: TC726-Failed-->Reason: Error: element (\"~v 2.2.0\") still not displayed after 10000ms\n                    at Context.<anonymous> (/Users/vagrant/git/Mobile-Automation/src/specs/iosSpec/completeTestSuite.spec.js:100:36)",
    "steps" : [ {
      "name" : "\"before each\" hook for Complete Test Suite",
      "time" : {
        "start" : 1655906326381,
        "stop" : 1655906345141,
        "duration" : 18760
      },
      "status" : "passed",
      "steps" : [ ],
      "attachments" : [ ],
      "parameters" : [ ],
      "stepsCount" : 0,
      "attachmentsCount" : 0,
      "shouldDisplayMessage" : false,
      "hasContent" : false
    }, {
      "name" : "\"after each\" hook for Complete Test Suite",
      "time" : {
        "start" : 1655906355659,
        "stop" : 1655906356763,
        "duration" : 1104
      },
      "status" : "passed",
      "steps" : [ ],
      "attachments" : [ ],
      "parameters" : [ ],
      "stepsCount" : 0,
      "attachmentsCount" : 0,
      "shouldDisplayMessage" : false,
      "hasContent" : false
    } ],
    "attachments" : [ {
      "uid" : "68fa1beaeea4d461",
      "name" : "Screenshot",
      "source" : "68fa1beaeea4d461.png",
      "type" : "image/png",
      "size" : 179819
    } ],
    "parameters" : [ ],
    "stepsCount" : 2,
    "attachmentsCount" : 1,
    "shouldDisplayMessage" : true,
    "hasContent" : true
  },
  "afterStages" : [ ],
  "labels" : [ {
    "name" : "framework",
    "value" : "wdio"
  }, {
    "name" : "language",
    "value" : "javascript"
  }, {
    "name" : "thread",
    "value" : "0-0"
  }, {
    "name" : "suite",
    "value" : "Complete Test Suite"
  }, {
    "name" : "testClass",
    "value" : "Complete Test Suite"
  }, {
    "name" : "testMethod",
    "value" : "TC726 - To verify \"Right Drawer\" panel is closed when user clicks on \"Close\" icon."
  }, {
    "name" : "package",
    "value" : "Complete Test Suite"
  }, {
    "name" : "resultFormat",
    "value" : "allure1"
  } ],
  "parameters" : [ {
    "name" : "device",
    "value" : "iphone-15.0"
  } ],
  "links" : [ ],
  "hidden" : false,
  "retry" : false,
  "extra" : {
    "severity" : "normal",
    "retries" : [ ],
    "categories" : [ {
      "name" : "Test defects",
      "matchedStatuses" : [ ],
      "flaky" : false
    } ],
    "tags" : [ ]
  },
  "source" : "8da141fa6afafe7d.json",
  "parameterValues" : [ "iphone-15.0" ]
}