{
  "uid" : "912a023339023e36",
  "name" : "TC260- Verify that user is shown error message on trying to login to app without signup",
  "fullName" : "Login.TC260- Verify that user is shown error message on trying to login to app without signup",
  "historyId" : "efe01612b53deb20a3b06e92a7690dc4",
  "time" : {
    "start" : 1645532074007,
    "stop" : 1645532140586,
    "duration" : 66579
  },
  "description" : "",
  "descriptionHtml" : "",
  "status" : "broken",
  "statusMessage" : "TC260-Failed-->Reason: Error: element (\"//android.widget.Button[@text=\"I agree\"]\") still not displayed after 10000ms",
  "statusTrace" : "AssertionError [ERR_ASSERTION]: TC260-Failed-->Reason: Error: element (\"//android.widget.Button[@text=\"I agree\"]\") still not displayed after 10000ms\n                    at Context.<anonymous> (/Users/vagrant/git/Mobile-Automation/src/specs/androidNative/signIn.spec.js:87:32)",
  "flaky" : false,
  "newFailed" : false,
  "newBroken" : false,
  "newPassed" : false,
  "retriesCount" : 0,
  "retriesStatusChange" : false,
  "beforeStages" : [ ],
  "testStage" : {
    "status" : "broken",
    "statusMessage" : "TC260-Failed-->Reason: Error: element (\"//android.widget.Button[@text=\"I agree\"]\") still not displayed after 10000ms",
    "statusTrace" : "AssertionError [ERR_ASSERTION]: TC260-Failed-->Reason: Error: element (\"//android.widget.Button[@text=\"I agree\"]\") still not displayed after 10000ms\n                    at Context.<anonymous> (/Users/vagrant/git/Mobile-Automation/src/specs/androidNative/signIn.spec.js:87:32)",
    "steps" : [ {
      "name" : "\"before each\" hook for Login",
      "time" : {
        "start" : 1645532074008,
        "stop" : 1645532095353,
        "duration" : 21345
      },
      "status" : "passed",
      "steps" : [ ],
      "attachments" : [ ],
      "parameters" : [ ],
      "stepsCount" : 0,
      "attachmentsCount" : 0,
      "shouldDisplayMessage" : false,
      "hasContent" : false
    }, {
      "name" : "\"after each\" hook for Login",
      "time" : {
        "start" : 1645532140587,
        "stop" : 1645532141685,
        "duration" : 1098
      },
      "status" : "passed",
      "steps" : [ ],
      "attachments" : [ ],
      "parameters" : [ ],
      "stepsCount" : 0,
      "attachmentsCount" : 0,
      "shouldDisplayMessage" : false,
      "hasContent" : false
    } ],
    "attachments" : [ {
      "uid" : "7ce9aa3014deb1a0",
      "name" : "Screenshot",
      "source" : "7ce9aa3014deb1a0.png",
      "type" : "image/png",
      "size" : 139086
    } ],
    "parameters" : [ ],
    "stepsCount" : 2,
    "attachmentsCount" : 1,
    "shouldDisplayMessage" : true,
    "hasContent" : true
  },
  "afterStages" : [ ],
  "labels" : [ {
    "name" : "framework",
    "value" : "wdio"
  }, {
    "name" : "language",
    "value" : "javascript"
  }, {
    "name" : "thread",
    "value" : "0-0"
  }, {
    "name" : "suite",
    "value" : "Login"
  }, {
    "name" : "testClass",
    "value" : "Login"
  }, {
    "name" : "testMethod",
    "value" : "TC260- Verify that user is shown error message on trying to login to app without signup"
  }, {
    "name" : "package",
    "value" : "Login"
  }, {
    "name" : "resultFormat",
    "value" : "allure1"
  } ],
  "parameters" : [ {
    "name" : "device",
    "value" : "google pixel 3-9.0"
  } ],
  "links" : [ ],
  "hidden" : false,
  "retry" : false,
  "extra" : {
    "severity" : "normal",
    "retries" : [ ],
    "categories" : [ {
      "name" : "Test defects",
      "matchedStatuses" : [ ],
      "flaky" : false
    } ],
    "tags" : [ ]
  },
  "source" : "912a023339023e36.json",
  "parameterValues" : [ "google pixel 3-9.0" ]
}