{
  "uid" : "c9f2ff4ba62e18eb",
  "name" : "TC238 - Verify that user uis able to see the profile information on the left panel",
  "fullName" : "Complete Test Suite.TC238 - Verify that user uis able to see the profile information on the left panel",
  "historyId" : "d7978a296dbee8d3bb317713081959b4",
  "time" : {
    "start" : 1654614505313,
    "stop" : 1654614555900,
    "duration" : 50587
  },
  "description" : "",
  "descriptionHtml" : "",
  "status" : "broken",
  "statusMessage" : "TC238-Failed-->Reason: Error: element (\"//android.widget.TextView[contains (@text, \"heyuser3 s\")]\") still not displayed after 10000ms",
  "statusTrace" : "AssertionError [ERR_ASSERTION]: TC238-Failed-->Reason: Error: element (\"//android.widget.TextView[contains (@text, \"heyuser3 s\")]\") still not displayed after 10000ms\n                    at Context.<anonymous> (/Users/vagrant/git/Mobile-Automation/src/specs/androidNative/completeTestSuite.spec.js:92:32)",
  "flaky" : false,
  "newFailed" : false,
  "newBroken" : false,
  "newPassed" : false,
  "retriesCount" : 0,
  "retriesStatusChange" : false,
  "beforeStages" : [ ],
  "testStage" : {
    "status" : "broken",
    "statusMessage" : "TC238-Failed-->Reason: Error: element (\"//android.widget.TextView[contains (@text, \"heyuser3 s\")]\") still not displayed after 10000ms",
    "statusTrace" : "AssertionError [ERR_ASSERTION]: TC238-Failed-->Reason: Error: element (\"//android.widget.TextView[contains (@text, \"heyuser3 s\")]\") still not displayed after 10000ms\n                    at Context.<anonymous> (/Users/vagrant/git/Mobile-Automation/src/specs/androidNative/completeTestSuite.spec.js:92:32)",
    "steps" : [ {
      "name" : "\"before each\" hook for Complete Test Suite",
      "time" : {
        "start" : 1654614505314,
        "stop" : 1654614527170,
        "duration" : 21856
      },
      "status" : "passed",
      "steps" : [ ],
      "attachments" : [ ],
      "parameters" : [ ],
      "stepsCount" : 0,
      "attachmentsCount" : 0,
      "shouldDisplayMessage" : false,
      "hasContent" : false
    }, {
      "name" : "\"after each\" hook for Complete Test Suite",
      "time" : {
        "start" : 1654614555901,
        "stop" : 1654614557532,
        "duration" : 1631
      },
      "status" : "passed",
      "steps" : [ ],
      "attachments" : [ ],
      "parameters" : [ ],
      "stepsCount" : 0,
      "attachmentsCount" : 0,
      "shouldDisplayMessage" : false,
      "hasContent" : false
    } ],
    "attachments" : [ {
      "uid" : "62c163b760e0241d",
      "name" : "Screenshot",
      "source" : "62c163b760e0241d.png",
      "type" : "image/png",
      "size" : 86975
    } ],
    "parameters" : [ ],
    "stepsCount" : 2,
    "attachmentsCount" : 1,
    "shouldDisplayMessage" : true,
    "hasContent" : true
  },
  "afterStages" : [ ],
  "labels" : [ {
    "name" : "framework",
    "value" : "wdio"
  }, {
    "name" : "language",
    "value" : "javascript"
  }, {
    "name" : "thread",
    "value" : "0-0"
  }, {
    "name" : "suite",
    "value" : "Complete Test Suite"
  }, {
    "name" : "testClass",
    "value" : "Complete Test Suite"
  }, {
    "name" : "testMethod",
    "value" : "TC238 - Verify that user uis able to see the profile information on the left panel"
  }, {
    "name" : "package",
    "value" : "Complete Test Suite"
  }, {
    "name" : "resultFormat",
    "value" : "allure1"
  } ],
  "parameters" : [ {
    "name" : "device",
    "value" : "google pixel 3-9.0"
  } ],
  "links" : [ ],
  "hidden" : false,
  "retry" : false,
  "extra" : {
    "severity" : "normal",
    "retries" : [ ],
    "categories" : [ {
      "name" : "Test defects",
      "matchedStatuses" : [ ],
      "flaky" : false
    } ],
    "tags" : [ ]
  },
  "source" : "c9f2ff4ba62e18eb.json",
  "parameterValues" : [ "google pixel 3-9.0" ]
}