{
  "uid" : "dd32068d6d2a4c59",
  "name" : "TC372 - To verify keyboard is popped up when user clicks on the \"Search starts with\" text field in \"Assign to\" drop down/popup",
  "fullName" : "Assignee.TC372 - To verify keyboard is popped up when user clicks on the \"Search starts with\" text field in \"Assign to\" drop down/popup",
  "historyId" : "bd0ab2367c499b497e079e52a032d1c8",
  "time" : {
    "start" : 1692807195136,
    "stop" : 1692807195138,
    "duration" : 2
  },
  "description" : "",
  "descriptionHtml" : "",
  "status" : "broken",
  "statusMessage" : "TC372-Failed-->Reason: TypeError: $(...).touchAction is not a function",
  "statusTrace" : "AssertionError [ERR_ASSERTION]: TC372-Failed-->Reason: TypeError: $(...).touchAction is not a function\n                    at Context.<anonymous> (/Users/vagrant/git/Mobile-Automation/src/specs/androidNative/completeTestSuite3.spec.js:756:32)\n                    at Context.executeAsync (/Users/vagrant/git/Mobile-Automation/node_modules/@wdio/utils/build/shim.js:101:25)\n                    at Context.exports.testFrameworkFnWrapper (/Users/vagrant/git/Mobile-Automation/node_modules/@wdio/utils/build/test-framework/testFnWrapper.js:18:32)",
  "flaky" : false,
  "newFailed" : false,
  "beforeStages" : [ ],
  "testStage" : {
    "status" : "broken",
    "statusMessage" : "TC372-Failed-->Reason: TypeError: $(...).touchAction is not a function",
    "statusTrace" : "AssertionError [ERR_ASSERTION]: TC372-Failed-->Reason: TypeError: $(...).touchAction is not a function\n                    at Context.<anonymous> (/Users/vagrant/git/Mobile-Automation/src/specs/androidNative/completeTestSuite3.spec.js:756:32)\n                    at Context.executeAsync (/Users/vagrant/git/Mobile-Automation/node_modules/@wdio/utils/build/shim.js:101:25)\n                    at Context.exports.testFrameworkFnWrapper (/Users/vagrant/git/Mobile-Automation/node_modules/@wdio/utils/build/test-framework/testFnWrapper.js:18:32)",
    "steps" : [ {
      "name" : "\"before each\" hook for Assignee",
      "time" : {
        "start" : 1692807195136,
        "stop" : 1692807195137,
        "duration" : 1
      },
      "status" : "passed",
      "steps" : [ ],
      "attachments" : [ ],
      "parameters" : [ ],
      "hasContent" : false,
      "stepsCount" : 0,
      "attachmentsCount" : 0,
      "shouldDisplayMessage" : false
    }, {
      "name" : "\"after each\" hook for Assignee",
      "time" : {
        "start" : 1692807195139,
        "stop" : 1692807195140,
        "duration" : 1
      },
      "status" : "passed",
      "steps" : [ ],
      "attachments" : [ ],
      "parameters" : [ ],
      "hasContent" : false,
      "stepsCount" : 0,
      "attachmentsCount" : 0,
      "shouldDisplayMessage" : false
    } ],
    "attachments" : [ ],
    "parameters" : [ ],
    "hasContent" : true,
    "stepsCount" : 2,
    "attachmentsCount" : 0,
    "shouldDisplayMessage" : true
  },
  "afterStages" : [ ],
  "labels" : [ {
    "name" : "framework",
    "value" : "wdio"
  }, {
    "name" : "language",
    "value" : "javascript"
  }, {
    "name" : "thread",
    "value" : "0-0"
  }, {
    "name" : "suite",
    "value" : "Assignee"
  }, {
    "name" : "testClass",
    "value" : "Assignee"
  }, {
    "name" : "testMethod",
    "value" : "TC372 - To verify keyboard is popped up when user clicks on the \"Search starts with\" text field in \"Assign to\" drop down/popup"
  }, {
    "name" : "package",
    "value" : "Assignee"
  }, {
    "name" : "resultFormat",
    "value" : "allure1"
  } ],
  "parameters" : [ {
    "name" : "device",
    "value" : "google pixel 5-11.0"
  } ],
  "links" : [ ],
  "hidden" : true,
  "retry" : true,
  "extra" : {
    "categories" : [ ],
    "tags" : [ ]
  },
  "source" : "dd32068d6d2a4c59.json",
  "parameterValues" : [ "google pixel 5-11.0" ]
}