{
  "uid" : "b023fd9ab7c8aabd",
  "name" : "TC571 - To verify the quoted in the Shared Draft screen",
  "fullName" : "Quoted Text.TC571 - To verify the quoted in the Shared Draft screen",
  "historyId" : "bab0c1683cb53f7622c3028c21929e1c",
  "time" : {
    "start" : 1663172670630,
    "stop" : 1663172725615,
    "duration" : 54985
  },
  "description" : "",
  "descriptionHtml" : "",
  "status" : "broken",
  "statusMessage" : "TC571-Failed-->Reason: Error: element (\"//android.widget.TextView[@text= \"Show quoted text\"]\") still not displayed after 10000ms",
  "statusTrace" : "AssertionError [ERR_ASSERTION]: TC571-Failed-->Reason: Error: element (\"//android.widget.TextView[@text= \"Show quoted text\"]\") still not displayed after 10000ms\n                    at Context.<anonymous> (/Users/vagrant/git/Mobile-Automation/src/specs/androidNative/quotedText.spec.js:173:32)",
  "flaky" : false,
  "newFailed" : false,
  "newBroken" : false,
  "newPassed" : false,
  "retriesCount" : 0,
  "retriesStatusChange" : false,
  "beforeStages" : [ ],
  "testStage" : {
    "status" : "broken",
    "statusMessage" : "TC571-Failed-->Reason: Error: element (\"//android.widget.TextView[@text= \"Show quoted text\"]\") still not displayed after 10000ms",
    "statusTrace" : "AssertionError [ERR_ASSERTION]: TC571-Failed-->Reason: Error: element (\"//android.widget.TextView[@text= \"Show quoted text\"]\") still not displayed after 10000ms\n                    at Context.<anonymous> (/Users/vagrant/git/Mobile-Automation/src/specs/androidNative/quotedText.spec.js:173:32)",
    "steps" : [ {
      "name" : "\"before each\" hook for Quoted Text",
      "time" : {
        "start" : 1663172670631,
        "stop" : 1663172681977,
        "duration" : 11346
      },
      "status" : "passed",
      "steps" : [ ],
      "attachments" : [ ],
      "parameters" : [ ],
      "stepsCount" : 0,
      "attachmentsCount" : 0,
      "shouldDisplayMessage" : false,
      "hasContent" : false
    }, {
      "name" : "\"after each\" hook for Quoted Text",
      "time" : {
        "start" : 1663172725616,
        "stop" : 1663172726674,
        "duration" : 1058
      },
      "status" : "passed",
      "steps" : [ ],
      "attachments" : [ ],
      "parameters" : [ ],
      "stepsCount" : 0,
      "attachmentsCount" : 0,
      "shouldDisplayMessage" : false,
      "hasContent" : false
    } ],
    "attachments" : [ {
      "uid" : "86c496a316d04cb4",
      "name" : "Screenshot",
      "source" : "86c496a316d04cb4.png",
      "type" : "image/png",
      "size" : 160176
    } ],
    "parameters" : [ ],
    "stepsCount" : 2,
    "attachmentsCount" : 1,
    "shouldDisplayMessage" : true,
    "hasContent" : true
  },
  "afterStages" : [ ],
  "labels" : [ {
    "name" : "framework",
    "value" : "wdio"
  }, {
    "name" : "language",
    "value" : "javascript"
  }, {
    "name" : "thread",
    "value" : "0-0"
  }, {
    "name" : "suite",
    "value" : "Quoted Text"
  }, {
    "name" : "testClass",
    "value" : "Quoted Text"
  }, {
    "name" : "testMethod",
    "value" : "TC571 - To verify the quoted in the Shared Draft screen"
  }, {
    "name" : "package",
    "value" : "Quoted Text"
  }, {
    "name" : "resultFormat",
    "value" : "allure1"
  } ],
  "parameters" : [ {
    "name" : "device",
    "value" : "google pixel 3-9.0"
  } ],
  "links" : [ ],
  "hidden" : false,
  "retry" : false,
  "extra" : {
    "severity" : "normal",
    "retries" : [ ],
    "categories" : [ {
      "name" : "Test defects",
      "matchedStatuses" : [ ],
      "flaky" : false
    } ],
    "tags" : [ ]
  },
  "source" : "b023fd9ab7c8aabd.json",
  "parameterValues" : [ "google pixel 3-9.0" ]
}